Simcenter Samcef: Running module bacon
 User requested workspace             131000000 words  (    1048 MBytes)
 Memory allocation / DB                65500000 /      65500000 words
@@@CSH:SMGINI: BACON
@@@CSH:SMGINT: PID =    11644 : Current Process ID
 Release 2019.1-1859 - Build 1859.1912.091 - Date 25-Feb-2019 (LONG INTEGERS)
 Graphic driver used: Windows   
 
 >>> Sold-to info: SoldTO: 1471462 - Universite de Liege Webkey: PK3IL4N46V <<<

 Input 1>!
 Input 1>!                     ====================================
 Input 1>!                     Programme   <BACON> : Version 2019.1
 Input 1>!                     ====================================
 Input 1>!
 Input 1>!
 Input 1>MODE M 1
 Spy file :  9 - "C:\Users\antoi\Documents\Unif\Master\Master1\MECA029 - Theory Vibration\Projet\TheoryVib_Project\strucutre_simple_sim-Solution_1.spy"
 Input 1>INPUT INIT
 Input 1>EXIT
 Input42>! $$$$$$$$$$$$$$$$$$$$$$$$$$$$$$$$$$$$$$$$$$$$$$$$$$$$$$$$$$$$$$$$$$$$$$$$$
 Input42>!
 Input42>!              NX 1859 TRANSLATOR
 Input42>!   This file is compatible with Samcef 2019.1 (19.1-01) and next versions
 Input42>!
 Input42>!              FEM FILE: C:\Users\antoi\Documents\Unif\Master\Master1\MECA029 - Theory Vibration\Projet\TheoryVib_Project\structure_simple.fem
 Input42>!              SIM FILE: C:\Users\antoi\Documents\Unif\Master\Master1\MECA029 - Theory Vibration\Projet\TheoryVib_Project\strucutre_simple_sim.sim
 Input42>!         ANALYSIS TYPE: Simcenter Samcef - Structural
 Input42>!         SOLUTION NAME: Solution 1
 Input42>!         SOLUTION TYPE: Modal Analysis
 Input42>!     SOLVER INPUT FILE: strucutre_simple_sim-Solution_1.dat
 Input42>!         CREATION DATE: 19-octobre-2023
 Input42>!         CREATION TIME: 12:29:32
 Input42>!              HOSTNAME: LAPTOP-PD7S6HSE
 Input42>!              USERNAME: antoi
 Input42>!
 Input42>! $$$$$$$$$$$$$$$$$$$$$$$$$$$$$$$$$$$$$$$$$$$$$$$$$$$$$$$$$$$$$$$$$$$$$$$$$
 Input42> 
 Input42>MODE M -1 LECTURE 256
 Input42>!User Prolog
 Input42>!-------------
 Input42>! No User Prolog defined for the current solution.
 Input42> 
 Input42>! Samcef Bank File: UNITS.
 Input42>! ------------------------
 Input42>.UNIT
 Input42> LENGTH 0.001 ! Unit = MilliMeter
 Input42> MASS 1 ! Unit = Kilogram
 Input42> CELSIUS
 Input42> TIME 1
 Input42> 
 Input42>.GEL
 Input42>TEMP 20 ! Default Temperature from Solution
 Input42> 
 Input42>! Samcef Bank File: NODES.
 Input42>! ------------------------
 Input42>.NOE
 Input42> I 1 X 0 Y 0 Z 3660
 Input42> I 2 X 0 Y 0 Z 4880
 Input42> I 3 X 0 Y 0 Z 6100
 Input42> I 4 X 0 Y 0 Z 7320
 Input42> I 5 X 0 Y 0 Z 0
 Input42> I 6 X 0 Y 0 Z 1220
 Input42> I 7 X 0 Y 0 Z 2440
 Input42> I 8 X 5490 Y 0 Z 3660
 Input42> I 9 X 5490 Y 0 Z 4880
 Input42> I 10 X 5490 Y 0 Z 6100
 Input42> I 11 X 5490 Y 0 Z 7320
 Input42> I 12 X 0 Y 5490 Z 0
 Input42> I 13 X 0 Y 5490 Z 1220
 Input42> I 14 X 0 Y 5490 Z 2440
 Input42> I 15 X 0 Y 5490 Z 3660
 Input42> I 16 X 5490 Y 0 Z 0
 Input42> I 17 X 5490 Y 0 Z 1220
 Input42> I 18 X 5490 Y 0 Z 2440
 Input42> I 19 X 0 Y 5490 Z 4880
 Input42> I 20 X 0 Y 5490 Z 6100
 Input42> I 21 X 0 Y 5490 Z 7320
 Input42> I 22 X 5490 Y 5490 Z 3660
 Input42> I 23 X 5490 Y 5490 Z 4880
 Input42> I 24 X 5490 Y 5490 Z 6100
 Input42> I 25 X 5490 Y 5490 Z 7320
 Input42> I 26 X 5490 Y 5490 Z 0
 Input42> I 27 X 5490 Y 5490 Z 1220
 Input42> I 28 X 5490 Y 5490 Z 2440
 Input42> I 29 X 0 Y 1830 Z 7320
 Input42> I 30 X 0 Y 3660 Z 7320
 Input42> I 31 X 1830 Y 5490 Z 7320
 Input42> I 32 X 3660 Y 5490 Z 7320
 Input42> I 33 X 5490 Y 3660 Z 7320
 Input42> I 34 X 5490 Y 1830 Z 7320
 Input42> I 35 X 3660 Y 0 Z 7320
 Input42> I 36 X 1830 Y 0 Z 7320
 Input42> I 37 X 0 Y 3660 Z 3660
 Input42> I 38 X 0 Y 1830 Z 3660
 Input42> I 39 X 1830 Y 0 Z 3660
 Input42> I 40 X 3660 Y 0 Z 3660
 Input42> I 41 X 3660 Y 5490 Z 3660
 Input42> I 42 X 1830 Y 5490 Z 3660
 Input42> I 43 X 5490 Y 1830 Z 3660
 Input42> I 44 X 5490 Y 3660 Z 3660
 Input42>! Samcef Bank File: ELEMENTS.
 Input42>! ---------------------------
 Input42>.MAI
 Input42> I 1 AT 1 0 N 1 2
 Input42> I 2 AT 1 0 N 2 3
 Input42> I 3 AT 1 0 N 3 4
 Input42> I 4 AT 1 0 N 1 7
 Input42> I 5 AT 1 0 N 7 6
 Input42> I 6 AT 1 0 N 6 5
 Input42> I 7 AT 1 0 N 8 9
 Input42> I 8 AT 1 0 N 9 10
 Input42> I 9 AT 1 0 N 10 11
 Input42> I 10 AT 1 0 N 15 14
 Input42> I 11 AT 1 0 N 14 13
 Input42> I 12 AT 1 0 N 13 12
 Input42> I 13 AT 1 0 N 8 18
 Input42> I 14 AT 1 0 N 18 17
 Input42> I 15 AT 1 0 N 17 16
 Input42> I 16 AT 1 0 N 15 19
 Input42> I 17 AT 1 0 N 19 20
 Input42> I 18 AT 1 0 N 20 21
 Input42> I 19 AT 1 0 N 25 24
 Input42> I 20 AT 1 0 N 24 23
 Input42> I 21 AT 1 0 N 23 22
 Input42> I 22 AT 1 0 N 22 28
 Input42> I 23 AT 1 0 N 28 27
 Input42> I 24 AT 1 0 N 27 26
 Input42> I 25 AT 2 0 N 4 29
 Input42> I 26 AT 2 0 N 29 30
 Input42> I 27 AT 2 0 N 30 21
 Input42> I 28 AT 2 0 N 21 31
 Input42> I 29 AT 2 0 N 31 32
 Input42> I 30 AT 2 0 N 32 25
 Input42> I 31 AT 2 0 N 25 33
 Input42> I 32 AT 2 0 N 33 34
 Input42> I 33 AT 2 0 N 34 11
 Input42> I 34 AT 2 0 N 11 35
 Input42> I 35 AT 2 0 N 35 36
 Input42> I 36 AT 2 0 N 36 4
 Input42> I 37 AT 2 0 N 15 37
 Input42> I 38 AT 2 0 N 37 38
 Input42> I 39 AT 2 0 N 38 1
 Input42> I 40 AT 2 0 N 1 39
 Input42> I 41 AT 2 0 N 39 40
 Input42> I 42 AT 2 0 N 40 8
 Input42> I 43 AT 2 0 N 15 42
 Input42> I 44 AT 2 0 N 42 41
 Input42> I 45 AT 2 0 N 41 22
 Input42> I 46 AT 2 0 N 22 44
 Input42> I 47 AT 2 0 N 44 43
 Input42> I 48 AT 2 0 N 43 8
 Input42>! Samcef Bank File : GROUPS.
 Input42>! --------------------------
 Input42>.SEL
  Current accuracy =  1.83000000E+00
 Input42> GROUP 1 MAILLE NOM "@SC@Vbeam_0"
 Input42> I 1 J 24 K 1
 Input42> GROUP 2 MAILLE NOM "@SC@Hbeam_1"
 Input42> I 25 J 48 K 1
 Input42> GROUP 3 NOEUDS NOM "@SC@Fixed(1)"
 Input42> I 5
 Input42> I 12
 Input42> I 16
 Input42> I 26
 Input42>! Samcef Bank File: MATERIALS.
 Input42>! ----------------------------
 Input42>.MAT
 Input42>   I 1 NOM "Steel::structure_simple::[1]"
 Input42>   BEHA "ELASTIC"
 Input42>   YT 2.1e+08  ! Young's modulus (E)
 Input42>   NT 0.3  ! Poisson's ratio (NU)
 Input42>   M 7.8e-06  !  Mass Density (Rho)
 Input42> 
 Input42>! Samcef Bank File: BEAM
 Input42>! ----------------------
 Input42>.BEAM
 Number of nodes reloaded =          44
 Largest  node  number    =          44
 Number of cells reloaded =          48
 Largest  cell  number    =          48
  Current accuracy =  1.83000000E-01
 Input42>I 25 PLANZ DIR -1 0 0
 Input42>I 26 PLANZ DIR -1 0 0
 Input42>I 27 PLANZ DIR -1 0 0
 Input42>I 28 PLANZ DIR 0 1 0
 Input42>I 29 PLANZ DIR 0 1 0
 Input42>I 30 PLANZ DIR 0 1 0
 Input42>I 31 PLANZ DIR 1 0 0
 Input42>I 32 PLANZ DIR 1 0 0
 Input42>I 33 PLANZ DIR 1 0 0
 Input42>I 34 PLANZ DIR 0 -1 0
 Input42>I 35 PLANZ DIR 0 -1 0
 Input42>I 36 PLANZ DIR 0 -1 0
 Input42>I 37 PLANZ DIR 1 0 0
 Input42>I 38 PLANZ DIR 1 0 0
 Input42>I 39 PLANZ DIR 1 0 0
 Input42>I 40 PLANZ DIR 0 1 0
 Input42>I 41 PLANZ DIR 0 1 0
 Input42>I 42 PLANZ DIR 0 1 0
 Input42>I 43 PLANZ DIR 0 1 0
 Input42>I 44 PLANZ DIR 0 1 0
 Input42>I 45 PLANZ DIR 0 1 0
 Input42>I 46 PLANZ DIR 1 0 0
 Input42>I 47 PLANZ DIR 1 0 0
 Input42>I 48 PLANZ DIR 1 0 0
 Input42> 
 Input42>I 1 PLANZ DIR 0 1 -0
 Input42>I 2 PLANZ DIR 0 1 -0
 Input42>I 3 PLANZ DIR 0 1 -0
 Input42>I 4 PLANZ DIR 0 -1 0
 Input42>I 5 PLANZ DIR 0 -1 0
 Input42>I 6 PLANZ DIR 0 -1 0
 Input42>I 7 PLANZ DIR 0 1 -0
 Input42>I 8 PLANZ DIR 0 1 -0
 Input42>I 9 PLANZ DIR 0 1 -0
 Input42>I 10 PLANZ DIR 0 -1 0
 Input42>I 11 PLANZ DIR 0 -1 0
 Input42>I 12 PLANZ DIR 0 -1 0
 Input42>I 13 PLANZ DIR 0 -1 0
 Input42>I 14 PLANZ DIR 0 -1 0
 Input42>I 15 PLANZ DIR 0 -1 0
 Input42>I 16 PLANZ DIR 0 1 -0
 Input42>I 17 PLANZ DIR 0 1 -0
 Input42>I 18 PLANZ DIR 0 1 -0
 Input42>I 19 PLANZ DIR 0 -1 0
 Input42>I 20 PLANZ DIR 0 -1 0
 Input42>I 21 PLANZ DIR 0 -1 0
 Input42>I 22 PLANZ DIR 0 -1 0
 Input42>I 23 PLANZ DIR 0 -1 0
 Input42>I 24 PLANZ DIR 0 -1 0
 Input42> 
 Input42>! Samcef Bank File: HYPOTHESES
 Input42>! ----------------------------
 Input42>.HYP MINDLIN GROUP "@SC@Vbeam_0"
 Input42>.HYP MINDLIN GROUP "@SC@Hbeam_1"
 Input42>! Samcef Bank File: Beam Profiles
 Input42>! -------------------------------
 Input42>.BPR
 Input42>NOM "hbeam" UNIT 0.001  TYPE "RECT" H 75.36 B 75.36
 Input42>NOM "vbeam" UNIT 0.001  TYPE "RECT" H 71.7 B 71.7
 Input42>! Samcef Bank File: CONSTRAINTS.
 Input42>! ------------------------------
 Input42>.CLM ADD
 Input42>!
 Input42>! Fixed(1)
 Input42> GROUP "@SC@Fixed(1)" FIX
 Input42> 
 Input42>! Samcef Bank File: Elements Attributes
 Input42>! -------------------------------------
 Input42>.AEL
 Input42>GROUP "@SC@Hbeam_1" PROFILE "hbeam"
 Input42>GROUP "@SC@Vbeam_0" PROFILE "vbeam"
 Input42> I 1 J 24 K 1 MAT 1
 Input42> I 25 J 48 K 1 MAT 1
 Input42>! Samcef Bank File: Solution Parameters : .ALGO.
 Input42>! ----------------------------------------------
 Input42>.ALGO
 Input42> LANCNVA 4 FREQ 0
 Input42> 
 Input42>! Samcef Bank File: Solution Parameters: .SAM.
 Input42>! --------------------------------------------
 Input42>.SAM
 Input42> ISTO 8
 Input42>! Samcef Bank File: .SAI
 Input42>! ----------------------
 Input42>.SAI
 Input42> ARCHIVE STRUCTURE STYPE -221 !Suppress obsolete code
 Input42>! Element Output Requests
 Input42> ARCHIVE STRUCTURE STYP 1437 3437 1438 3438 ! Normal Forces Moments (Samcef default)
 Input42> ARCHIVE STRUCTURE STYP 1524 3524 1525 3525 1251 3251 ! Shear Forces Moments (Samcef default)
 Input42> ARCHIVE STRUCTURE STYP 1440 3440 ! Normal Stress Beams Rods (Samcef default)
 Input42> ARCHIVE STRUCTURE STYP 1450 3450 ! Shear Stress Beams (Samcef default)
 Input42> ARCHIVE STRUCTURE STYP 1411 3411 1436 3436 1435 3435 1431 3431 ! Linear Stress Tensor (Samcef default)
 Input42> ARCHIVE STRUCTURE STYP 1421 3421 1446 3446 1445 3445 1528 3528 ! Total Strain Tensor (Samcef default)
 Input42> ARCHIVE STRUCTURE STYP 334 ! Strain Energy
 Input42> ARCHIVE STRUCTURE STYP 335 ! Kinetic Energy
 Input42>! Nodal Output Requests
 Input42> 
 Input42>! Summary of the model
 Input42>! --------------------
 Input42>! Number of nodes: 44
 Input42>! Minimum node id: 1
 Input42>! Maximum node id: 44
 Input42>! Number of elements: 48
 Input42>! Minimum element id: 1
 Input42>! Maximum element id: 48
 Input42> 
 Input42>!User Epilog
 Input42>!-------------
 Input42>! Declaration of abreviations for the Epilog:
 Input42>! ==========================================
 Input42>! Greater Node Number:     NUMBERMAXNODE
 Input42>#INQ (/NUMBERMAXNODE,NOD,,MAX)
 Input42>! Greater Element Number:  NUMBERMAXELEMENT
 Input42>#INQ (/NUMBERMAXELEMENT,ELE,,MAX)
 Input42>! Greater Function Number: NUMBERMAXFUNCTION
 Input42>#INQ (/NUMBERMAXFUNCTION,FUN,,MAX)
 Input42>! Greater Material Number: NUMBERMAXMATERIAL
 Input42>#INQ (/NUMBERMAXMATERIAL,MAT,,MAX)
 Input42>! No User Epilog defined for the current solution.
 Input42> 
 Input42> 
 Input42>! No Warning Messages
 Input42>! No Error Messages
 Input42>! No Critical Messages
 Input42> 
 Input42>RETURN

 Samcef File (Binary) :  3 - "C:\Users\antoi\Documents\Unif\Master\Master1\MECA029 - Theory Vibration\Projet\TheoryVib_Project\strucutre_simple_sim-Solution_1.sam"


      SAMCEF FILE CREATION
      ********************
    NR  DATA TYPE            OBJECT NAME   RECORDS
 =================================================
     1  TITLE       
     2  NODES-.NOE            (.NOE)         92
     3  ELEMENT-.MAI          (.MAI)         48
     4  HYPOTHESIS            (.HYP)         48
     5  FIXATIONS             (.CLM)          4

      DB FILE CREATION
      ****************

 Saving the auxiliary memory in the DB ...
 Saving the rotation matrix in the DB ...
 Saving the ABREviations in the DB ...
 Saving the release flag in the DB ...
 Writing the DB on a binary file ...
 DB File     : "C:\Users\antoi\Documents\Unif\Master\Master1\MECA029 - Theory Vibration\Projet\TheoryVib_Project\strucutre_simple_sim-Solution_1.sdb"

@@@CSH:SMGFIN: I_RUNSUCCESS
 -------------------------------------------------------------------------------
 File size statistics
 File name                                                            Size
 -------------------------------------------------------------------------------
 C:\PROGRA~1\Siemens\NX\SIMULA~1\samcef\Exec\pilote.dat             201087 Bytes
 C... TheoryVib_Project\strucutre_simple_sim-Solution_1_ba.w02         439 Bytes
 C... et\TheoryVib_Project\strucutre_simple_sim-Solution_1.sam       37152 Bytes
 C... et\TheoryVib_Project\strucutre_simple_sim-Solution_1.spy        1281 Bytes
 C... et\TheoryVib_Project\strucutre_simple_sim-Solution_1.dat        7554 Bytes
 C... et\TheoryVib_Project\strucutre_simple_sim-Solution_1.sdb    15061688 Bytes
 C:\PROGRA~1\Siemens\NX\SIMULA~1\samcef\Exec\dic.dic                481422 Bytes
 C:\PROGRA~1\Siemens\NX\SIMULA~1\samcef\Exec\samcef.proc             86131 Bytes
 -------------------------------------------------------------------------------
Simcenter Samcef: Module bacon completed
Simcenter Samcef: Running module dynam
@@@CSH:SMGINI: DYNAM
@@@CSH:SMGINT: PID =    24392 : Current Process ID
@@@CSH:SMGBEG:  1 /  6 : Data Analysis
@@@CSH:SMGEVO:     1 /     4 : Front Width Optimization
@@@CSH:SMGEVO:     2 /     4 : Dof Numbering
@@@CSH:SMGEVO:     3 /     4 : Substructuring
@@@CSH:SMGEVO:     4 /     4 : Resource Estimation
@@@CSH:SMGINT: NBRDDL =      240 : Number of dof's
@@@CSH:SMGINF: Disk space report for device "C:\"
@@@CSH:SMGREA: DISKFREE =   122018.016 : Free disk space (Mb).
@@@CSH:SMGREA: DISKREQUIRED =       16.000 : Required disk space (Mb).
@@@CSH:SMGEND: -1 /  6 : Data Analysis
@@@CSH:SMGBEG:  2 /  6 : Element Generation
@@@CSH:SMGEVO:     1 /    48 : Elements generated@@@CSH:SMGEVO:    48 /    48 : Elements generated
@@@CSH:SMGREA: TOTLENGTH%LENGTH = 73200. : Total length.
@@@CSH:SMGREA: TOTVOLUME%VOLUME = 3.99952631232E8 : Total volume.
@@@CSH:SMGREA: TOTMASS%MASS = 3.1196305236096E3 : Total mass.
@@@CSH:SMGEND: -2 /  6 : Element Generation
@@@CSH:SMGBEG:  5 /  6 : Lanczos for sparse matrix.
@@@CSH:SMGEVO:     2 /   100 : Factorization %@@@CSH:SMGEVO:   100 /   100 : Factorization %
@@@CSH:SMGEND: -5 /  6 : Lanczos for sparse matrix.
@@@CSH:SMGBEG:  7 /  6 : Modal Mass Computation
@@@CSH:SMGREA: FREQUENCY%FREQUENCY =  1.26005704E+00 : Frequency Nbr. 1
@@@CSH:SMGREA: FREQUENCY%FREQUENCY =  1.26005704E+00 : Frequency Nbr. 2
@@@CSH:SMGREA: FREQUENCY%FREQUENCY =  1.58912147E+00 : Frequency Nbr. 3
@@@CSH:SMGREA: FREQUENCY%FREQUENCY =  3.15574195E+00 : Frequency Nbr. 4
@@@CSH:SMGEND: -7 /  6 : Modal Mass Computation
@@@CSH:SMGBEG:  8 /  6 : Modal Stresses Computation
@@@CSH:SMGINT: NBRWRN =        0 : Number of warning(s)
@@@CSH:SMGINT: NBRERR =        0 : Number of error(s)
@@@CSH:SMGFIN: I_RUNSUCCESS
Simcenter Samcef: Module dynam completed
 User requested workspace             131000000 words  (    1048 MBytes)
@@@CSH:SMGINI: FAC
@@@CSH:SMGINT: PID =    14432 : Current Process ID
 Release 2019.1-1859 - Build 1859.1912.091 - Date 25-Feb-2019 (LONG INTEGERS)

 ===============================================================================
 Status of the DB            : "strucutre_simple_sim-Solution_1"
 ================
 DB created by BACON for antoi (OCT 19 2023 12:29:35)
 modified   by BACON for antoi (OCT 19 2023 12:29:35)
 modified   by DYNAM for antoi (OCT 19 2023 12:29:36)
 modified   by FAC for antoi (OCT 19 2023 12:29:36)
 Release                     :   19.1- 2
 DB file name                : "C:\Users\antoi\Documents\Unif\Master\Master1\MECA029 - Theory Vibration\Projet\TheoryVib_Project\strucutre_simple_sim-Solution_1.sdb"
 DB size                     :        2243999 (Max=       691283999)
 Memory allocated            :        2244300
 Size of the garbage         :             97 (  0.00% of the DB size)
 Relational level            :              0
 Object counter              :            160
 Pagination flag             :        on (not yet triggered)
 Swap count                  :              6 page I/O on disk
 Used pages in memory        :             33 on              33
 Used records in swap file   :              0 on           10473
 Page alignment garbage      :            301 (  0.01% of the DB size)
 Archive length :            :              0
 Archive garbage :           :              0
 Archive loading endian swap :              0
 ===============================================================================
----------------------------------------------------------------------
    MEMORY ALLOCATION / DB:                     128745697   2244302
----------------------------------------------------------------------
 +===============================================================+======+======+
 !  Processed Data                                               ! Code ! Type !
 +===============================================================+======+======+
 ! "Creation date of the display file  [OCT 19 2023 12:29:36]"   !   24 ! CHAR !
 !---------------------------------------------------------------!------!------!
 ! "Module name  [DYNAM]"                                        !   23 ! CHAR !
 !---------------------------------------------------------------!------!------!
 ! "Number of errors  [0]"                                       !   59 ! INTG !
 !---------------------------------------------------------------!------!------!
 ! "Number of warnings  [0]"                                     !   60 ! INTG !
 !---------------------------------------------------------------!------!------!
 ! "CPU Time (Sec.)  [1]"                                        ! 1006 ! INTG !
 !---------------------------------------------------------------!------!------!
 ! "Elapsed Time (Sec.)  [0]"                                    ! 1007 ! INTG !
 !---------------------------------------------------------------!------!------!
 ! "Elements  [48]"                                              !    2 ! INTG !
 !---------------------------------------------------------------!------!------!
 ! "Nodes  [92]"                                                 !    1 ! INTG !
 !---------------------------------------------------------------!------!------!
 ! "Nodal coordinates (X,Y,Z)"                                   !  153 ! REAL !
 !---------------------------------------------------------------!------!------!
 ! "Nodal displacements (DX,DY,DZ)"                              !  163 ! REAL !
 !---------------------------------------------------------------!------!------!
 ! "Nodal rotation (RX,RY,RZ)"                                   !  191 ! REAL !
 !---------------------------------------------------------------!------!------!
 ! "Nodal displacements (DX,DY,DZ)"                              !  163 ! REAL !
 !---------------------------------------------------------------!------!------!
 ! "Nodal rotation (RX,RY,RZ)"                                   !  191 ! REAL !
 !---------------------------------------------------------------!------!------!
 ! "Nodal displacements (DX,DY,DZ)"                              !  163 ! REAL !
 !---------------------------------------------------------------!------!------!
 ! "Nodal rotation (RX,RY,RZ)"                                   !  191 ! REAL !
 !---------------------------------------------------------------!------!------!
 ! "Nodal displacements (DX,DY,DZ)"                              !  163 ! REAL !
 !---------------------------------------------------------------!------!------!
 ! "Nodal rotation (RX,RY,RZ)"                                   !  191 ! REAL !
 !---------------------------------------------------------------!------!------!
 !  "Subset Nr          1"                                       !      !      !
 !---------------------------------------------------------------!------!------!
 ! "Strain energy density"                                       !  334 !      !
 !---------------------------------------------------------------!------!------!
 ! "Kinetic energy density"                                      !  335 !      !
 !---------------------------------------------------------------!------!------!
 !  "Subset Nr          2"                                       !      !      !
 !---------------------------------------------------------------!------!------!
 ! "Strain energy percentage"                                    ! 3234 !      !
 !---------------------------------------------------------------!------!------!
 ! "Percentage of kinetic energy"                                ! 3235 !      !
 !---------------------------------------------------------------!------!------!
 !  "Subset Nr          3"                                       !      !      !
 !---------------------------------------------------------------!------!------!
 ! "Strain energy density"                                       !  334 !      !
 !---------------------------------------------------------------!------!------!
 ! "Kinetic energy density"                                      !  335 !      !
 !---------------------------------------------------------------!------!------!
 !  "Subset Nr          4"                                       !      !      !
 !---------------------------------------------------------------!------!------!
 ! "Strain energy percentage"                                    ! 3234 !      !
 !---------------------------------------------------------------!------!------!
 ! "Percentage of kinetic energy"                                ! 3235 !      !
 !---------------------------------------------------------------!------!------!
 !  "Subset Nr          5"                                       !      !      !
 !---------------------------------------------------------------!------!------!
 ! "Strain energy density"                                       !  334 !      !
 !---------------------------------------------------------------!------!------!
 ! "Kinetic energy density"                                      !  335 !      !
 !---------------------------------------------------------------!------!------!
 !  "Subset Nr          6"                                       !      !      !
 !---------------------------------------------------------------!------!------!
 ! "Strain energy percentage"                                    ! 3234 !      !
 !---------------------------------------------------------------!------!------!
 ! "Percentage of kinetic energy"                                ! 3235 !      !
 !---------------------------------------------------------------!------!------!
 !  "Subset Nr          7"                                       !      !      !
 !---------------------------------------------------------------!------!------!
 ! "Strain energy density"                                       !  334 !      !
 !---------------------------------------------------------------!------!------!
 ! "Kinetic energy density"                                      !  335 !      !
 !---------------------------------------------------------------!------!------!
 !  "Subset Nr          8"                                       !      !      !
 !---------------------------------------------------------------!------!------!
 ! "Strain energy percentage"                                    ! 3234 !      !
 !---------------------------------------------------------------!------!------!
 ! "Percentage of kinetic energy"                                ! 3235 !      !
 !---------------------------------------------------------------!------!------!
 !  "Subset Nr          9"                                       !      !      !
 !---------------------------------------------------------------!------!------!
 ! "MNT data (beams)"                                            ! 1439 ! REAL !
 !---------------------------------------------------------------!------!------!
 ! "Normal stress data (beams sections points)"                  ! 1440 ! REAL !
 !---------------------------------------------------------------!------!------!
 ! "Shear stress data (beams sections points)"                   ! 1450 ! REAL !
 !---------------------------------------------------------------!------!------!
 ! "Force vector"                                                ! 1524 ! REAL !
 !---------------------------------------------------------------!------!------!
 ! "Moment vector"                                               ! 1525 ! REAL !
 !---------------------------------------------------------------!------!------!
 ! "Strain"                                                      ! 1528 ! REAL !
 !---------------------------------------------------------------!------!------!
 ! "Normal stress data (beams sections points)"                  ! 3440 ! REAL !
 !---------------------------------------------------------------!------!------!
 ! "Shear stress data (beams sections points)"                   ! 3450 ! REAL !
 !---------------------------------------------------------------!------!------!
 ! "Force vector"                                                ! 3524 ! REAL !
 !---------------------------------------------------------------!------!------!
 ! "Moment vector"                                               ! 3525 ! REAL !
 !---------------------------------------------------------------!------!------!
 ! "Strain"                                                      ! 3528 ! REAL !
 !---------------------------------------------------------------!------!------!
 ! "MNT data (beams)"                                            ! 1439 ! REAL !
 !---------------------------------------------------------------!------!------!
 ! "Normal stress data (beams sections points)"                  ! 1440 ! REAL !
 !---------------------------------------------------------------!------!------!
 ! "Shear stress data (beams sections points)"                   ! 1450 ! REAL !
 !---------------------------------------------------------------!------!------!
 ! "Force vector"                                                ! 1524 ! REAL !
 !---------------------------------------------------------------!------!------!
 ! "Moment vector"                                               ! 1525 ! REAL !
 !---------------------------------------------------------------!------!------!
 ! "Strain"                                                      ! 1528 ! REAL !
 !---------------------------------------------------------------!------!------!
 ! "Normal stress data (beams sections points)"                  ! 3440 ! REAL !
 !---------------------------------------------------------------!------!------!
 ! "Shear stress data (beams sections points)"                   ! 3450 ! REAL !
 !---------------------------------------------------------------!------!------!
 ! "Force vector"                                                ! 3524 ! REAL !
 !---------------------------------------------------------------!------!------!
 ! "Moment vector"                                               ! 3525 ! REAL !
 !---------------------------------------------------------------!------!------!
 ! "Strain"                                                      ! 3528 ! REAL !
 !---------------------------------------------------------------!------!------!
 !  "Subset Nr         10"                                       !      !      !
 !---------------------------------------------------------------!------!------!
 ! "MNT data (beams)"                                            ! 1439 ! REAL !
 !---------------------------------------------------------------!------!------!
 ! "Normal stress data (beams sections points)"                  ! 1440 ! REAL !
 !---------------------------------------------------------------!------!------!
 ! "Shear stress data (beams sections points)"                   ! 1450 ! REAL !
 !---------------------------------------------------------------!------!------!
 ! "Force vector"                                                ! 1524 ! REAL !
 !---------------------------------------------------------------!------!------!
 ! "Moment vector"                                               ! 1525 ! REAL !
 !---------------------------------------------------------------!------!------!
 ! "Strain"                                                      ! 1528 ! REAL !
 !---------------------------------------------------------------!------!------!
 ! "Normal stress data (beams sections points)"                  ! 3440 ! REAL !
 !---------------------------------------------------------------!------!------!
 ! "Shear stress data (beams sections points)"                   ! 3450 ! REAL !
 !---------------------------------------------------------------!------!------!
 ! "Force vector"                                                ! 3524 ! REAL !
 !---------------------------------------------------------------!------!------!
 ! "Moment vector"                                               ! 3525 ! REAL !
 !---------------------------------------------------------------!------!------!
 ! "Strain"                                                      ! 3528 ! REAL !
 !---------------------------------------------------------------!------!------!
 ! "MNT data (beams)"                                            ! 1439 ! REAL !
 !---------------------------------------------------------------!------!------!
 ! "Normal stress data (beams sections points)"                  ! 1440 ! REAL !
 !---------------------------------------------------------------!------!------!
 ! "Shear stress data (beams sections points)"                   ! 1450 ! REAL !
 !---------------------------------------------------------------!------!------!
 ! "Force vector"                                                ! 1524 ! REAL !
 !---------------------------------------------------------------!------!------!
 ! "Moment vector"                                               ! 1525 ! REAL !
 !---------------------------------------------------------------!------!------!
 ! "Strain"                                                      ! 1528 ! REAL !
 !---------------------------------------------------------------!------!------!
 ! "Normal stress data (beams sections points)"                  ! 3440 ! REAL !
 !---------------------------------------------------------------!------!------!
 ! "Shear stress data (beams sections points)"                   ! 3450 ! REAL !
 !---------------------------------------------------------------!------!------!
 ! "Force vector"                                                ! 3524 ! REAL !
 !---------------------------------------------------------------!------!------!
 ! "Moment vector"                                               ! 3525 ! REAL !
 !---------------------------------------------------------------!------!------!
 ! "Strain"                                                      ! 3528 ! REAL !
 !---------------------------------------------------------------!------!------!
 ! "Status of the FAC program"                                   !   62 !      !
 !---------------------------------------------------------------!------!------!
 ! "FAC Pointers"                                                ! 1073 ! INTG !
 !---------------------------------------------------------------!------!------!
 !...Closing DB "strucutre_simple_sim-Solution_1"                              !
@@@CSH:SMGFIN: I_RUNSUCCESS
 -------------------------------------------------------------------------------
 File size statistics
 File name                                                            Size
 -------------------------------------------------------------------------------
 strucutre_simple_sim-Solution_1_dy.u18                             358792 Bytes
 strucutre_simple_sim-Solution_1_dy.des                              14136 Bytes
 strucutre_simple_sim-Solution_1_dy.fac                              99184 Bytes
 C:\PROGRA~1\Siemens\NX\SIMULA~1\samcef\Exec\dic.dic                481422 Bytes
 s... on_1000016276.dir\strucutre_simple_sim-Solution_1_fa.w07       23328 Bytes
 s... on_1000016276.dir\strucutre_simple_sim-Solution_1_fa.w10       53176 Bytes
 C:\PROGRA~1\Siemens\NX\SIMULA~1\samcef\Exec\samdb.fde              314195 Bytes
 C... et\TheoryVib_Project\strucutre_simple_sim-Solution_1.sdb    17701848 Bytes
 C... on_1000016276.dir\strucutre_simple_sim-Solution_1_fa.w80     1584000 Bytes
 C:\PROGRA~1\Siemens\NX\SIMULA~1\samcef\Exec\samcef.proc             86131 Bytes
 -------------------------------------------------------------------------------
