Simcenter Samcef: Running module bacon
 User requested workspace             131000000 words  (    1048 MBytes)
 Memory allocation / DB                65500000 /      65500000 words
@@@CSH:SMGINI: BACON
@@@CSH:SMGINT: PID =     2028 : Current Process ID
 Release 2019.1-1859 - Build 1859.1912.091 - Date 25-Feb-2019 (LONG INTEGERS)
 Graphic driver used: Windows   
 
 >>> Sold-to info: SoldTO: 1471462 - Universite de Liege Webkey: PK3IL4N46V <<<

 Input 1>!
 Input 1>!                     ====================================
 Input 1>!                     Programme   <BACON> : Version 2019.1
 Input 1>!                     ====================================
 Input 1>!
 Input 1>!
 Input 1>MODE M 1
 Spy file :  9 - "C:\Users\arnau\Documents\GitHub\TheoryVib_Project\Simulation NX\Simulation_Jacket-Mode_Shape_Free_Vibration.spy"
 Input 1>INPUT INIT
 Input 1>EXIT
 Input12>! $$$$$$$$$$$$$$$$$$$$$$$$$$$$$$$$$$$$$$$$$$$$$$$$$$$$$$$$$$$$$$$$$$$$$$$$$
 Input12>!
 Input12>!              NX 1859 TRANSLATOR
 Input12>!   This file is compatible with Samcef 2019.1 (19.1-01) and next versions
 Input12>!
 Input12>!              FEM FILE: C:\Users\arnau\Documents\GitHub\TheoryVib_Project\Simulation NX\ProjetV1.fem
 Input12>!              SIM FILE: C:\Users\arnau\Documents\GitHub\TheoryVib_Project\Simulation NX\Simulation Jacket.sim
 Input12>!         ANALYSIS TYPE: Simcenter Samcef - Structural
 Input12>!         SOLUTION NAME: Mode Shape Free Vibration
 Input12>!         SOLUTION TYPE: Modal Analysis
 Input12>!     SOLVER INPUT FILE: Simulation_Jacket-Mode_Shape_Free_Vibration.dat
 Input12>!         CREATION DATE: 23-novembre-2023
 Input12>!         CREATION TIME: 12:22:04
 Input12>!              HOSTNAME: Microsoft-Strapart
 Input12>!              USERNAME: arnau
 Input12>!
 Input12>! $$$$$$$$$$$$$$$$$$$$$$$$$$$$$$$$$$$$$$$$$$$$$$$$$$$$$$$$$$$$$$$$$$$$$$$$$
 Input12> 
 Input12>MODE M -1 LECTURE 256
 Input12>!User Prolog
 Input12>!-------------
 Input12>! No User Prolog defined for the current solution.
 Input12> 
 Input12>! Samcef Bank File: UNITS.
 Input12>! ------------------------
 Input12>.UNIT
 Input12> LENGTH 0.001 ! Unit = MilliMeter
 Input12> MASS 1 ! Unit = Kilogram
 Input12> CELSIUS
 Input12> TIME 1
 Input12> 
 Input12>.GEL
 Input12>TEMP 20 ! Default Temperature from Solution
 Input12> 
 Input12>! Samcef Bank File: NODES.
 Input12>! ------------------------
 Input12>.NOE
 Input12> I 4 X 510 Y 4490 Z 17000
 Input12> I 172 X 726 Y 4274 Z 24200
 Input12> I 173 X 702 Y 4298 Z 23400
 Input12> I 174 X 678 Y 4322 Z 22600
 Input12> I 175 X 654 Y 4346 Z 21800
 Input12> I 176 X 630 Y 4370 Z 21000
 Input12> I 177 X 606 Y 4394 Z 20200
 Input12> I 178 X 582 Y 4418 Z 19400
 Input12> I 179 X 558 Y 4442 Z 18600
 Input12> I 180 X 534 Y 4466 Z 17800
 Input12> I 5 X 4490 Y 4490 Z 17000
 Input12> I 8 X 4730 Y 4730 Z 9000
 Input12> I 181 X 4514 Y 4514 Z 16200
 Input12> I 182 X 4538 Y 4538 Z 15400
 Input12> I 183 X 4562 Y 4562 Z 14600
 Input12> I 184 X 4586 Y 4586 Z 13800
 Input12> I 185 X 4610 Y 4610 Z 13000
 Input12> I 186 X 4634 Y 4634 Z 12200
 Input12> I 187 X 4658 Y 4658 Z 11400
 Input12> I 188 X 4682 Y 4682 Z 10600
 Input12> I 189 X 4706 Y 4706 Z 9800
 Input12> I 190 X 4274 Y 4274 Z 24200
 Input12> I 191 X 4298 Y 4298 Z 23400
 Input12> I 192 X 4322 Y 4322 Z 22600
 Input12> I 193 X 4346 Y 4346 Z 21800
 Input12> I 194 X 4370 Y 4370 Z 21000
 Input12> I 195 X 4394 Y 4394 Z 20200
 Input12> I 196 X 4418 Y 4418 Z 19400
 Input12> I 197 X 4442 Y 4442 Z 18600
 Input12> I 198 X 4466 Y 4466 Z 17800
 Input12> I 15 X 4490 Y 510 Z 17000
 Input12> I 199 X 4274 Y 726 Z 24200
 Input12> I 200 X 4298 Y 702 Z 23400
 Input12> I 201 X 4322 Y 678 Z 22600
 Input12> I 202 X 4346 Y 654 Z 21800
 Input12> I 203 X 4370 Y 630 Z 21000
 Input12> I 204 X 4394 Y 606 Z 20200
 Input12> I 205 X 4418 Y 582 Z 19400
 Input12> I 206 X 4442 Y 558 Z 18600
 Input12> I 207 X 4466 Y 534 Z 17800
 Input12> I 18 X 4730 Y 270 Z 9000
 Input12> I 208 X 4514 Y 486 Z 16200
 Input12> I 209 X 4538 Y 462 Z 15400
 Input12> I 210 X 4562 Y 438 Z 14600
 Input12> I 211 X 4586 Y 414 Z 13800
 Input12> I 212 X 4610 Y 390 Z 13000
 Input12> I 213 X 4634 Y 366 Z 12200
 Input12> I 214 X 4658 Y 342 Z 11400
 Input12> I 215 X 4682 Y 318 Z 10600
 Input12> I 216 X 4706 Y 294 Z 9800
 Input12> I 22 X 510 Y 510 Z 17000
 Input12> I 217 X 726 Y 726 Z 24200
 Input12> I 218 X 702 Y 702 Z 23400
 Input12> I 219 X 678 Y 678 Z 22600
 Input12> I 220 X 654 Y 654 Z 21800
 Input12> I 221 X 630 Y 630 Z 21000
 Input12> I 222 X 606 Y 606 Z 20200
 Input12> I 223 X 582 Y 582 Z 19400
 Input12> I 224 X 558 Y 558 Z 18600
 Input12> I 225 X 534 Y 534 Z 17800
 Input12> I 25 X 270 Y 4730 Z 9000
 Input12> I 226 X 486 Y 4514 Z 16200
 Input12> I 227 X 462 Y 4538 Z 15400
 Input12> I 228 X 438 Y 4562 Z 14600
 Input12> I 229 X 414 Y 4586 Z 13800
 Input12> I 230 X 390 Y 4610 Z 13000
 Input12> I 231 X 366 Y 4634 Z 12200
 Input12> I 232 X 342 Y 4658 Z 11400
 Input12> I 233 X 318 Y 4682 Z 10600
 Input12> I 234 X 294 Y 4706 Z 9800
 Input12> I 28 X 270 Y 270 Z 9000
 Input12> I 235 X 486 Y 486 Z 16200
 Input12> I 236 X 462 Y 462 Z 15400
 Input12> I 237 X 438 Y 438 Z 14600
 Input12> I 238 X 414 Y 414 Z 13800
 Input12> I 239 X 390 Y 390 Z 13000
 Input12> I 240 X 366 Y 366 Z 12200
 Input12> I 241 X 342 Y 342 Z 11400
 Input12> I 242 X 318 Y 318 Z 10600
 Input12> I 243 X 294 Y 294 Z 9800
 Input12> I 31 X 0 Y 0 Z 1000
 Input12> I 244 X 243 Y 243 Z 8200
 Input12> I 245 X 216 Y 216 Z 7400
 Input12> I 246 X 189 Y 189 Z 6600
 Input12> I 247 X 162 Y 162 Z 5800
 Input12> I 248 X 135 Y 135 Z 5000
 Input12> I 249 X 108 Y 108 Z 4200
 Input12> I 250 X 81 Y 81 Z 3400
 Input12> I 251 X 54 Y 54 Z 2600
 Input12> I 252 X 27 Y 27 Z 1800
 Input12> I 34 X 5000 Y 0 Z 1000
 Input12> I 253 X 4757 Y 243 Z 8200
 Input12> I 254 X 4784 Y 216 Z 7400
 Input12> I 255 X 4811 Y 189 Z 6600
 Input12> I 256 X 4838 Y 162 Z 5800
 Input12> I 257 X 4865 Y 135 Z 5000
 Input12> I 258 X 4892 Y 108 Z 4200
 Input12> I 259 X 4919 Y 81 Z 3400
 Input12> I 260 X 4946 Y 54 Z 2600
 Input12> I 261 X 4973 Y 27 Z 1800
 Input12> I 37 X 0 Y 5000 Z 1000
 Input12> I 262 X 243 Y 4757 Z 8200
 Input12> I 263 X 216 Y 4784 Z 7400
 Input12> I 264 X 189 Y 4811 Z 6600
 Input12> I 265 X 162 Y 4838 Z 5800
 Input12> I 266 X 135 Y 4865 Z 5000
 Input12> I 267 X 108 Y 4892 Z 4200
 Input12> I 268 X 81 Y 4919 Z 3400
 Input12> I 269 X 54 Y 4946 Z 2600
 Input12> I 270 X 27 Y 4973 Z 1800
 Input12> I 40 X 5000 Y 5000 Z 1000
 Input12> I 271 X 4757 Y 4757 Z 8200
 Input12> I 272 X 4784 Y 4784 Z 7400
 Input12> I 273 X 4811 Y 4811 Z 6600
 Input12> I 274 X 4838 Y 4838 Z 5800
 Input12> I 275 X 4865 Y 4865 Z 5000
 Input12> I 276 X 4892 Y 4892 Z 4200
 Input12> I 277 X 4919 Y 4919 Z 3400
 Input12> I 278 X 4946 Y 4946 Z 2600
 Input12> I 279 X 4973 Y 4973 Z 1800
 Input12> I 280 X 5000 Y 5000 Z 0
 Input12> I 281 X 5000 Y 5000 Z 100
 Input12> I 282 X 5000 Y 5000 Z 200
 Input12> I 283 X 5000 Y 5000 Z 300
 Input12> I 284 X 5000 Y 5000 Z 400
 Input12> I 285 X 5000 Y 5000 Z 500
 Input12> I 286 X 5000 Y 5000 Z 600
 Input12> I 287 X 5000 Y 5000 Z 700
 Input12> I 288 X 5000 Y 5000 Z 800
 Input12> I 289 X 5000 Y 5000 Z 900
 Input12> I 290 X 5000 Y 0 Z 0
 Input12> I 291 X 5000 Y 0 Z 100
 Input12> I 292 X 5000 Y 0 Z 200
 Input12> I 293 X 5000 Y 0 Z 300
 Input12> I 294 X 5000 Y 0 Z 400
 Input12> I 295 X 5000 Y 0 Z 500
 Input12> I 296 X 5000 Y 0 Z 600
 Input12> I 297 X 5000 Y 0 Z 700
 Input12> I 298 X 5000 Y 0 Z 800
 Input12> I 299 X 5000 Y 0 Z 900
 Input12> I 300 X 0 Y 0 Z 0
 Input12> I 301 X 0 Y 0 Z 100
 Input12> I 302 X 0 Y 0 Z 200
 Input12> I 303 X 0 Y 0 Z 300
 Input12> I 304 X 0 Y 0 Z 400
 Input12> I 305 X 0 Y 0 Z 500
 Input12> I 306 X 0 Y 0 Z 600
 Input12> I 307 X 0 Y 0 Z 700
 Input12> I 308 X 0 Y 0 Z 800
 Input12> I 309 X 0 Y 0 Z 900
 Input12> I 310 X 0 Y 5000 Z 0
 Input12> I 311 X 0 Y 5000 Z 100
 Input12> I 312 X 0 Y 5000 Z 200
 Input12> I 313 X 0 Y 5000 Z 300
 Input12> I 314 X 0 Y 5000 Z 400
 Input12> I 315 X 0 Y 5000 Z 500
 Input12> I 316 X 0 Y 5000 Z 600
 Input12> I 317 X 0 Y 5000 Z 700
 Input12> I 318 X 0 Y 5000 Z 800
 Input12> I 319 X 0 Y 5000 Z 900
 Input12> I 320 X 4250 Y 3900 Z 25000
 Input12> I 321 X 4250 Y 3550 Z 25000
 Input12> I 322 X 4250 Y 3200 Z 25000
 Input12> I 323 X 4250 Y 2850 Z 25000
 Input12> I 324 X 4250 Y 2500 Z 25000
 Input12> I 325 X 4250 Y 2150 Z 25000
 Input12> I 326 X 4250 Y 1800 Z 25000
 Input12> I 327 X 4250 Y 1450 Z 25000
 Input12> I 328 X 4250 Y 1100 Z 25000
 Input12> I 329 X 3900 Y 750 Z 25000
 Input12> I 330 X 3550 Y 750 Z 25000
 Input12> I 331 X 3200 Y 750 Z 25000
 Input12> I 332 X 2850 Y 750 Z 25000
 Input12> I 333 X 2500 Y 750 Z 25000
 Input12> I 334 X 2150 Y 750 Z 25000
 Input12> I 335 X 1800 Y 750 Z 25000
 Input12> I 336 X 1450 Y 750 Z 25000
 Input12> I 337 X 1100 Y 750 Z 25000
 Input12> I 338 X 750 Y 1100 Z 25000
 Input12> I 339 X 750 Y 1450 Z 25000
 Input12> I 340 X 750 Y 1800 Z 25000
 Input12> I 341 X 750 Y 2150 Z 25000
 Input12> I 342 X 750 Y 2500 Z 25000
 Input12> I 343 X 750 Y 2850 Z 25000
 Input12> I 344 X 750 Y 3200 Z 25000
 Input12> I 345 X 750 Y 3550 Z 25000
 Input12> I 346 X 750 Y 3900 Z 25000
 Input12> I 347 X 3900 Y 4250 Z 25000
 Input12> I 348 X 3550 Y 4250 Z 25000
 Input12> I 349 X 3200 Y 4250 Z 25000
 Input12> I 350 X 2850 Y 4250 Z 25000
 Input12> I 351 X 2500 Y 4250 Z 25000
 Input12> I 352 X 2150 Y 4250 Z 25000
 Input12> I 353 X 1800 Y 4250 Z 25000
 Input12> I 354 X 1450 Y 4250 Z 25000
 Input12> I 355 X 1100 Y 4250 Z 25000
 Input12> I 356 X 4274 Y 3876 Z 24200
 Input12> I 357 X 4298 Y 3502 Z 23400
 Input12> I 358 X 4322 Y 3128 Z 22600
 Input12> I 359 X 4346 Y 2754 Z 21800
 Input12> I 360 X 4370 Y 2380 Z 21000
 Input12> I 361 X 4394 Y 2006 Z 20200
 Input12> I 362 X 4418 Y 1632 Z 19400
 Input12> I 363 X 4442 Y 1258 Z 18600
 Input12> I 364 X 4466 Y 884 Z 17800
 Input12> I 365 X 3876 Y 4274 Z 24200
 Input12> I 366 X 3502 Y 4298 Z 23400
 Input12> I 367 X 3128 Y 4322 Z 22600
 Input12> I 368 X 2754 Y 4346 Z 21800
 Input12> I 369 X 2380 Y 4370 Z 21000
 Input12> I 370 X 2006 Y 4394 Z 20200
 Input12> I 371 X 1632 Y 4418 Z 19400
 Input12> I 372 X 1258 Y 4442 Z 18600
 Input12> I 373 X 884 Y 4466 Z 17800
 Input12> I 374 X 1124 Y 726 Z 24200
 Input12> I 375 X 1498 Y 702 Z 23400
 Input12> I 376 X 1872 Y 678 Z 22600
 Input12> I 377 X 2246 Y 654 Z 21800
 Input12> I 378 X 2620 Y 630 Z 21000
 Input12> I 379 X 2994 Y 606 Z 20200
 Input12> I 380 X 3368 Y 582 Z 19400
 Input12> I 381 X 3742 Y 558 Z 18600
 Input12> I 382 X 4116 Y 534 Z 17800
 Input12> I 383 X 534 Y 4116 Z 17800
 Input12> I 384 X 558 Y 3742 Z 18600
 Input12> I 385 X 582 Y 3368 Z 19400
 Input12> I 386 X 606 Y 2994 Z 20200
 Input12> I 387 X 630 Y 2620 Z 21000
 Input12> I 388 X 654 Y 2246 Z 21800
 Input12> I 389 X 678 Y 1872 Z 22600
 Input12> I 390 X 702 Y 1498 Z 23400
 Input12> I 391 X 726 Y 1124 Z 24200
 Input12> I 392 X 4092 Y 510 Z 17000
 Input12> I 393 X 3694 Y 510 Z 17000
 Input12> I 394 X 3296 Y 510 Z 17000
 Input12> I 395 X 2898 Y 510 Z 17000
 Input12> I 396 X 2500 Y 510 Z 17000
 Input12> I 397 X 2102 Y 510 Z 17000
 Input12> I 398 X 1704 Y 510 Z 17000
 Input12> I 399 X 1306 Y 510 Z 17000
 Input12> I 400 X 908 Y 510 Z 17000
 Input12> I 401 X 510 Y 908 Z 17000
 Input12> I 402 X 510 Y 1306 Z 17000
 Input12> I 403 X 510 Y 1704 Z 17000
 Input12> I 404 X 510 Y 2102 Z 17000
 Input12> I 405 X 510 Y 2500 Z 17000
 Input12> I 406 X 510 Y 2898 Z 17000
 Input12> I 407 X 510 Y 3296 Z 17000
 Input12> I 408 X 510 Y 3694 Z 17000
 Input12> I 409 X 510 Y 4092 Z 17000
 Input12> I 410 X 908 Y 4490 Z 17000
 Input12> I 411 X 1306 Y 4490 Z 17000
 Input12> I 412 X 1704 Y 4490 Z 17000
 Input12> I 413 X 2102 Y 4490 Z 17000
 Input12> I 414 X 2500 Y 4490 Z 17000
 Input12> I 415 X 2898 Y 4490 Z 17000
 Input12> I 416 X 3296 Y 4490 Z 17000
 Input12> I 417 X 3694 Y 4490 Z 17000
 Input12> I 418 X 4092 Y 4490 Z 17000
 Input12> I 419 X 4490 Y 4092 Z 17000
 Input12> I 420 X 4490 Y 3694 Z 17000
 Input12> I 421 X 4490 Y 3296 Z 17000
 Input12> I 422 X 4490 Y 2898 Z 17000
 Input12> I 423 X 4490 Y 2500 Z 17000
 Input12> I 424 X 4490 Y 2102 Z 17000
 Input12> I 425 X 4490 Y 1704 Z 17000
 Input12> I 426 X 4490 Y 1306 Z 17000
 Input12> I 427 X 4490 Y 908 Z 17000
 Input12> I 428 X 4706 Y 4308 Z 9800
 Input12> I 429 X 4682 Y 3886 Z 10600
 Input12> I 430 X 4658 Y 3464 Z 11400
 Input12> I 431 X 4634 Y 3042 Z 12200
 Input12> I 432 X 4610 Y 2620 Z 13000
 Input12> I 433 X 4586 Y 2198 Z 13800
 Input12> I 434 X 4562 Y 1776 Z 14600
 Input12> I 435 X 4538 Y 1354 Z 15400
 Input12> I 436 X 4514 Y 932 Z 16200
 Input12> I 437 X 932 Y 4514 Z 16200
 Input12> I 438 X 1354 Y 4538 Z 15400
 Input12> I 439 X 1776 Y 4562 Z 14600
 Input12> I 440 X 2198 Y 4586 Z 13800
 Input12> I 441 X 2620 Y 4610 Z 13000
 Input12> I 442 X 3042 Y 4634 Z 12200
 Input12> I 443 X 3464 Y 4658 Z 11400
 Input12> I 444 X 3886 Y 4682 Z 10600
 Input12> I 445 X 4308 Y 4706 Z 9800
 Input12> I 446 X 4068 Y 486 Z 16200
 Input12> I 447 X 3646 Y 462 Z 15400
 Input12> I 448 X 3224 Y 438 Z 14600
 Input12> I 449 X 2802 Y 414 Z 13800
 Input12> I 450 X 2380 Y 390 Z 13000
 Input12> I 451 X 1958 Y 366 Z 12200
 Input12> I 452 X 1536 Y 342 Z 11400
 Input12> I 453 X 1114 Y 318 Z 10600
 Input12> I 454 X 692 Y 294 Z 9800
 Input12> I 455 X 294 Y 692 Z 9800
 Input12> I 456 X 318 Y 1114 Z 10600
 Input12> I 457 X 342 Y 1536 Z 11400
 Input12> I 458 X 366 Y 1958 Z 12200
 Input12> I 459 X 390 Y 2380 Z 13000
 Input12> I 460 X 414 Y 2802 Z 13800
 Input12> I 461 X 438 Y 3224 Z 14600
 Input12> I 462 X 462 Y 3646 Z 15400
 Input12> I 463 X 486 Y 4068 Z 16200
 Input12> I 464 X 716 Y 270 Z 9000
 Input12> I 465 X 1162 Y 270 Z 9000
 Input12> I 466 X 1608 Y 270 Z 9000
 Input12> I 467 X 2054 Y 270 Z 9000
 Input12> I 468 X 2500 Y 270 Z 9000
 Input12> I 469 X 2946 Y 270 Z 9000
 Input12> I 470 X 3392 Y 270 Z 9000
 Input12> I 471 X 3838 Y 270 Z 9000
 Input12> I 472 X 4284 Y 270 Z 9000
 Input12> I 473 X 270 Y 4284 Z 9000
 Input12> I 474 X 270 Y 3838 Z 9000
 Input12> I 475 X 270 Y 3392 Z 9000
 Input12> I 476 X 270 Y 2946 Z 9000
 Input12> I 477 X 270 Y 2500 Z 9000
 Input12> I 478 X 270 Y 2054 Z 9000
 Input12> I 479 X 270 Y 1608 Z 9000
 Input12> I 480 X 270 Y 1162 Z 9000
 Input12> I 481 X 270 Y 716 Z 9000
 Input12> I 482 X 743 Y 243 Z 8200
 Input12> I 483 X 1216 Y 216 Z 7400
 Input12> I 484 X 1689 Y 189 Z 6600
 Input12> I 485 X 2162 Y 162 Z 5800
 Input12> I 486 X 2635 Y 135 Z 5000
 Input12> I 487 X 3108 Y 108 Z 4200
 Input12> I 488 X 3581 Y 81 Z 3400
 Input12> I 489 X 4054 Y 54 Z 2600
 Input12> I 490 X 4527 Y 27 Z 1800
 Input12> I 491 X 243 Y 743 Z 8200
 Input12> I 492 X 216 Y 1216 Z 7400
 Input12> I 493 X 189 Y 1689 Z 6600
 Input12> I 494 X 162 Y 2162 Z 5800
 Input12> I 495 X 135 Y 2635 Z 5000
 Input12> I 496 X 108 Y 3108 Z 4200
 Input12> I 497 X 81 Y 3581 Z 3400
 Input12> I 498 X 54 Y 4054 Z 2600
 Input12> I 499 X 27 Y 4527 Z 1800
 Input12> I 500 X 4730 Y 4284 Z 9000
 Input12> I 501 X 4730 Y 3838 Z 9000
 Input12> I 502 X 4730 Y 3392 Z 9000
 Input12> I 503 X 4730 Y 2946 Z 9000
 Input12> I 504 X 4730 Y 2500 Z 9000
 Input12> I 505 X 4730 Y 2054 Z 9000
 Input12> I 506 X 4730 Y 1608 Z 9000
 Input12> I 507 X 4730 Y 1162 Z 9000
 Input12> I 508 X 4730 Y 716 Z 9000
 Input12> I 509 X 716 Y 4730 Z 9000
 Input12> I 510 X 1162 Y 4730 Z 9000
 Input12> I 511 X 1608 Y 4730 Z 9000
 Input12> I 512 X 2054 Y 4730 Z 9000
 Input12> I 513 X 2500 Y 4730 Z 9000
 Input12> I 514 X 2946 Y 4730 Z 9000
 Input12> I 515 X 3392 Y 4730 Z 9000
 Input12> I 516 X 3838 Y 4730 Z 9000
 Input12> I 517 X 4284 Y 4730 Z 9000
 Input12> I 518 X 4257 Y 4757 Z 8200
 Input12> I 519 X 3784 Y 4784 Z 7400
 Input12> I 520 X 3311 Y 4811 Z 6600
 Input12> I 521 X 2838 Y 4838 Z 5800
 Input12> I 522 X 2365 Y 4865 Z 5000
 Input12> I 523 X 1892 Y 4892 Z 4200
 Input12> I 524 X 1419 Y 4919 Z 3400
 Input12> I 525 X 946 Y 4946 Z 2600
 Input12> I 526 X 473 Y 4973 Z 1800
 Input12> I 527 X 4757 Y 4257 Z 8200
 Input12> I 528 X 4784 Y 3784 Z 7400
 Input12> I 529 X 4811 Y 3311 Z 6600
 Input12> I 530 X 4838 Y 2838 Z 5800
 Input12> I 531 X 4865 Y 2365 Z 5000
 Input12> I 532 X 4892 Y 1892 Z 4200
 Input12> I 533 X 4919 Y 1419 Z 3400
 Input12> I 534 X 4946 Y 946 Z 2600
 Input12> I 535 X 4973 Y 473 Z 1800
 Input12> I 536 X 5000 Y 4500 Z 1000
 Input12> I 537 X 5000 Y 4000 Z 1000
 Input12> I 538 X 5000 Y 3500 Z 1000
 Input12> I 539 X 5000 Y 3000 Z 1000
 Input12> I 540 X 5000 Y 2500 Z 1000
 Input12> I 541 X 5000 Y 2000 Z 1000
 Input12> I 542 X 5000 Y 1500 Z 1000
 Input12> I 543 X 5000 Y 1000 Z 1000
 Input12> I 544 X 5000 Y 500 Z 1000
 Input12> I 545 X 4500 Y 5000 Z 1000
 Input12> I 546 X 4000 Y 5000 Z 1000
 Input12> I 547 X 3500 Y 5000 Z 1000
 Input12> I 548 X 3000 Y 5000 Z 1000
 Input12> I 549 X 2500 Y 5000 Z 1000
 Input12> I 550 X 2000 Y 5000 Z 1000
 Input12> I 551 X 1500 Y 5000 Z 1000
 Input12> I 552 X 1000 Y 5000 Z 1000
 Input12> I 553 X 500 Y 5000 Z 1000
 Input12> I 554 X 4500 Y 0 Z 1000
 Input12> I 555 X 4000 Y 0 Z 1000
 Input12> I 556 X 3500 Y 0 Z 1000
 Input12> I 557 X 3000 Y 0 Z 1000
 Input12> I 558 X 2500 Y 0 Z 1000
 Input12> I 559 X 2000 Y 0 Z 1000
 Input12> I 560 X 1500 Y 0 Z 1000
 Input12> I 561 X 1000 Y 0 Z 1000
 Input12> I 562 X 500 Y 0 Z 1000
 Input12> I 563 X 0 Y 500 Z 1000
 Input12> I 564 X 0 Y 1000 Z 1000
 Input12> I 565 X 0 Y 1500 Z 1000
 Input12> I 566 X 0 Y 2000 Z 1000
 Input12> I 567 X 0 Y 2500 Z 1000
 Input12> I 568 X 0 Y 3000 Z 1000
 Input12> I 569 X 0 Y 3500 Z 1000
 Input12> I 570 X 0 Y 4000 Z 1000
 Input12> I 571 X 0 Y 4500 Z 1000
 Input12> I 115 X 2500 Y 2500 Z 25000
 Input12> I 114 X 2500 Y 2500 Z 80000
 Input12> I 12 X 4250 Y 750 Z 25000
 Input12> I 19 X 750 Y 750 Z 25000
 Input12> I 1 X 750 Y 4250 Z 25000
 Input12> I 9 X 4250 Y 4250 Z 25000
 Input12>! Samcef Bank File: ELEMENTS.
 Input12>! ---------------------------
 Input12>.MAI
 Input12> I 228 AT 1 0 N 1 172
 Input12> I 229 AT 1 0 N 172 173
 Input12> I 230 AT 1 0 N 173 174
 Input12> I 231 AT 1 0 N 174 175
 Input12> I 232 AT 1 0 N 175 176
 Input12> I 233 AT 1 0 N 176 177
 Input12> I 234 AT 1 0 N 177 178
 Input12> I 235 AT 1 0 N 178 179
 Input12> I 236 AT 1 0 N 179 180
 Input12> I 237 AT 1 0 N 180 4
 Input12> I 238 AT 1 0 N 5 181
 Input12> I 239 AT 1 0 N 181 182
 Input12> I 240 AT 1 0 N 182 183
 Input12> I 241 AT 1 0 N 183 184
 Input12> I 242 AT 1 0 N 184 185
 Input12> I 243 AT 1 0 N 185 186
 Input12> I 244 AT 1 0 N 186 187
 Input12> I 245 AT 1 0 N 187 188
 Input12> I 246 AT 1 0 N 188 189
 Input12> I 247 AT 1 0 N 189 8
 Input12> I 248 AT 1 0 N 9 190
 Input12> I 249 AT 1 0 N 190 191
 Input12> I 250 AT 1 0 N 191 192
 Input12> I 251 AT 1 0 N 192 193
 Input12> I 252 AT 1 0 N 193 194
 Input12> I 253 AT 1 0 N 194 195
 Input12> I 254 AT 1 0 N 195 196
 Input12> I 255 AT 1 0 N 196 197
 Input12> I 256 AT 1 0 N 197 198
 Input12> I 257 AT 1 0 N 198 5
 Input12> I 258 AT 1 0 N 12 199
 Input12> I 259 AT 1 0 N 199 200
 Input12> I 260 AT 1 0 N 200 201
 Input12> I 261 AT 1 0 N 201 202
 Input12> I 262 AT 1 0 N 202 203
 Input12> I 263 AT 1 0 N 203 204
 Input12> I 264 AT 1 0 N 204 205
 Input12> I 265 AT 1 0 N 205 206
 Input12> I 266 AT 1 0 N 206 207
 Input12> I 267 AT 1 0 N 207 15
 Input12> I 268 AT 1 0 N 15 208
 Input12> I 269 AT 1 0 N 208 209
 Input12> I 270 AT 1 0 N 209 210
 Input12> I 271 AT 1 0 N 210 211
 Input12> I 272 AT 1 0 N 211 212
 Input12> I 273 AT 1 0 N 212 213
 Input12> I 274 AT 1 0 N 213 214
 Input12> I 275 AT 1 0 N 214 215
 Input12> I 276 AT 1 0 N 215 216
 Input12> I 277 AT 1 0 N 216 18
 Input12> I 278 AT 1 0 N 19 217
 Input12> I 279 AT 1 0 N 217 218
 Input12> I 280 AT 1 0 N 218 219
 Input12> I 281 AT 1 0 N 219 220
 Input12> I 282 AT 1 0 N 220 221
 Input12> I 283 AT 1 0 N 221 222
 Input12> I 284 AT 1 0 N 222 223
 Input12> I 285 AT 1 0 N 223 224
 Input12> I 286 AT 1 0 N 224 225
 Input12> I 287 AT 1 0 N 225 22
 Input12> I 288 AT 1 0 N 4 226
 Input12> I 289 AT 1 0 N 226 227
 Input12> I 290 AT 1 0 N 227 228
 Input12> I 291 AT 1 0 N 228 229
 Input12> I 292 AT 1 0 N 229 230
 Input12> I 293 AT 1 0 N 230 231
 Input12> I 294 AT 1 0 N 231 232
 Input12> I 295 AT 1 0 N 232 233
 Input12> I 296 AT 1 0 N 233 234
 Input12> I 297 AT 1 0 N 234 25
 Input12> I 298 AT 1 0 N 22 235
 Input12> I 299 AT 1 0 N 235 236
 Input12> I 300 AT 1 0 N 236 237
 Input12> I 301 AT 1 0 N 237 238
 Input12> I 302 AT 1 0 N 238 239
 Input12> I 303 AT 1 0 N 239 240
 Input12> I 304 AT 1 0 N 240 241
 Input12> I 305 AT 1 0 N 241 242
 Input12> I 306 AT 1 0 N 242 243
 Input12> I 307 AT 1 0 N 243 28
 Input12> I 308 AT 1 0 N 28 244
 Input12> I 309 AT 1 0 N 244 245
 Input12> I 310 AT 1 0 N 245 246
 Input12> I 311 AT 1 0 N 246 247
 Input12> I 312 AT 1 0 N 247 248
 Input12> I 313 AT 1 0 N 248 249
 Input12> I 314 AT 1 0 N 249 250
 Input12> I 315 AT 1 0 N 250 251
 Input12> I 316 AT 1 0 N 251 252
 Input12> I 317 AT 1 0 N 252 31
 Input12> I 318 AT 1 0 N 18 253
 Input12> I 319 AT 1 0 N 253 254
 Input12> I 320 AT 1 0 N 254 255
 Input12> I 321 AT 1 0 N 255 256
 Input12> I 322 AT 1 0 N 256 257
 Input12> I 323 AT 1 0 N 257 258
 Input12> I 324 AT 1 0 N 258 259
 Input12> I 325 AT 1 0 N 259 260
 Input12> I 326 AT 1 0 N 260 261
 Input12> I 327 AT 1 0 N 261 34
 Input12> I 328 AT 1 0 N 25 262
 Input12> I 329 AT 1 0 N 262 263
 Input12> I 330 AT 1 0 N 263 264
 Input12> I 331 AT 1 0 N 264 265
 Input12> I 332 AT 1 0 N 265 266
 Input12> I 333 AT 1 0 N 266 267
 Input12> I 334 AT 1 0 N 267 268
 Input12> I 335 AT 1 0 N 268 269
 Input12> I 336 AT 1 0 N 269 270
 Input12> I 337 AT 1 0 N 270 37
 Input12> I 338 AT 1 0 N 8 271
 Input12> I 339 AT 1 0 N 271 272
 Input12> I 340 AT 1 0 N 272 273
 Input12> I 341 AT 1 0 N 273 274
 Input12> I 342 AT 1 0 N 274 275
 Input12> I 343 AT 1 0 N 275 276
 Input12> I 344 AT 1 0 N 276 277
 Input12> I 345 AT 1 0 N 277 278
 Input12> I 346 AT 1 0 N 278 279
 Input12> I 347 AT 1 0 N 279 40
 Input12> I 348 AT 1 0 N 280 281
 Input12> I 349 AT 1 0 N 281 282
 Input12> I 350 AT 1 0 N 282 283
 Input12> I 351 AT 1 0 N 283 284
 Input12> I 352 AT 1 0 N 284 285
 Input12> I 353 AT 1 0 N 285 286
 Input12> I 354 AT 1 0 N 286 287
 Input12> I 355 AT 1 0 N 287 288
 Input12> I 356 AT 1 0 N 288 289
 Input12> I 357 AT 1 0 N 289 40
 Input12> I 358 AT 1 0 N 290 291
 Input12> I 359 AT 1 0 N 291 292
 Input12> I 360 AT 1 0 N 292 293
 Input12> I 361 AT 1 0 N 293 294
 Input12> I 362 AT 1 0 N 294 295
 Input12> I 363 AT 1 0 N 295 296
 Input12> I 364 AT 1 0 N 296 297
 Input12> I 365 AT 1 0 N 297 298
 Input12> I 366 AT 1 0 N 298 299
 Input12> I 367 AT 1 0 N 299 34
 Input12> I 368 AT 1 0 N 300 301
 Input12> I 369 AT 1 0 N 301 302
 Input12> I 370 AT 1 0 N 302 303
 Input12> I 371 AT 1 0 N 303 304
 Input12> I 372 AT 1 0 N 304 305
 Input12> I 373 AT 1 0 N 305 306
 Input12> I 374 AT 1 0 N 306 307
 Input12> I 375 AT 1 0 N 307 308
 Input12> I 376 AT 1 0 N 308 309
 Input12> I 377 AT 1 0 N 309 31
 Input12> I 378 AT 1 0 N 310 311
 Input12> I 379 AT 1 0 N 311 312
 Input12> I 380 AT 1 0 N 312 313
 Input12> I 381 AT 1 0 N 313 314
 Input12> I 382 AT 1 0 N 314 315
 Input12> I 383 AT 1 0 N 315 316
 Input12> I 384 AT 1 0 N 316 317
 Input12> I 385 AT 1 0 N 317 318
 Input12> I 386 AT 1 0 N 318 319
 Input12> I 387 AT 1 0 N 319 37
 Input12> I 392 AT 2 0 N 9 320
 Input12> I 393 AT 2 0 N 320 321
 Input12> I 394 AT 2 0 N 321 322
 Input12> I 395 AT 2 0 N 322 323
 Input12> I 396 AT 2 0 N 323 324
 Input12> I 397 AT 2 0 N 324 325
 Input12> I 398 AT 2 0 N 325 326
 Input12> I 399 AT 2 0 N 326 327
 Input12> I 400 AT 2 0 N 327 328
 Input12> I 401 AT 2 0 N 328 12
 Input12> I 402 AT 2 0 N 12 329
 Input12> I 403 AT 2 0 N 329 330
 Input12> I 404 AT 2 0 N 330 331
 Input12> I 405 AT 2 0 N 331 332
 Input12> I 406 AT 2 0 N 332 333
 Input12> I 407 AT 2 0 N 333 334
 Input12> I 408 AT 2 0 N 334 335
 Input12> I 409 AT 2 0 N 335 336
 Input12> I 410 AT 2 0 N 336 337
 Input12> I 411 AT 2 0 N 337 19
 Input12> I 412 AT 2 0 N 19 338
 Input12> I 413 AT 2 0 N 338 339
 Input12> I 414 AT 2 0 N 339 340
 Input12> I 415 AT 2 0 N 340 341
 Input12> I 416 AT 2 0 N 341 342
 Input12> I 417 AT 2 0 N 342 343
 Input12> I 418 AT 2 0 N 343 344
 Input12> I 419 AT 2 0 N 344 345
 Input12> I 420 AT 2 0 N 345 346
 Input12> I 421 AT 2 0 N 346 1
 Input12> I 422 AT 2 0 N 9 347
 Input12> I 423 AT 2 0 N 347 348
 Input12> I 424 AT 2 0 N 348 349
 Input12> I 425 AT 2 0 N 349 350
 Input12> I 426 AT 2 0 N 350 351
 Input12> I 427 AT 2 0 N 351 352
 Input12> I 428 AT 2 0 N 352 353
 Input12> I 429 AT 2 0 N 353 354
 Input12> I 430 AT 2 0 N 354 355
 Input12> I 431 AT 2 0 N 355 1
 Input12> I 432 AT 2 0 N 9 356
 Input12> I 433 AT 2 0 N 356 357
 Input12> I 434 AT 2 0 N 357 358
 Input12> I 435 AT 2 0 N 358 359
 Input12> I 436 AT 2 0 N 359 360
 Input12> I 437 AT 2 0 N 360 361
 Input12> I 438 AT 2 0 N 361 362
 Input12> I 439 AT 2 0 N 362 363
 Input12> I 440 AT 2 0 N 363 364
 Input12> I 441 AT 2 0 N 364 15
 Input12> I 442 AT 2 0 N 9 365
 Input12> I 443 AT 2 0 N 365 366
 Input12> I 444 AT 2 0 N 366 367
 Input12> I 445 AT 2 0 N 367 368
 Input12> I 446 AT 2 0 N 368 369
 Input12> I 447 AT 2 0 N 369 370
 Input12> I 448 AT 2 0 N 370 371
 Input12> I 449 AT 2 0 N 371 372
 Input12> I 450 AT 2 0 N 372 373
 Input12> I 451 AT 2 0 N 373 4
 Input12> I 452 AT 2 0 N 19 374
 Input12> I 453 AT 2 0 N 374 375
 Input12> I 454 AT 2 0 N 375 376
 Input12> I 455 AT 2 0 N 376 377
 Input12> I 456 AT 2 0 N 377 378
 Input12> I 457 AT 2 0 N 378 379
 Input12> I 458 AT 2 0 N 379 380
 Input12> I 459 AT 2 0 N 380 381
 Input12> I 460 AT 2 0 N 381 382
 Input12> I 461 AT 2 0 N 382 15
 Input12> I 462 AT 2 0 N 4 383
 Input12> I 463 AT 2 0 N 383 384
 Input12> I 464 AT 2 0 N 384 385
 Input12> I 465 AT 2 0 N 385 386
 Input12> I 466 AT 2 0 N 386 387
 Input12> I 467 AT 2 0 N 387 388
 Input12> I 468 AT 2 0 N 388 389
 Input12> I 469 AT 2 0 N 389 390
 Input12> I 470 AT 2 0 N 390 391
 Input12> I 471 AT 2 0 N 391 19
 Input12> I 472 AT 2 0 N 15 392
 Input12> I 473 AT 2 0 N 392 393
 Input12> I 474 AT 2 0 N 393 394
 Input12> I 475 AT 2 0 N 394 395
 Input12> I 476 AT 2 0 N 395 396
 Input12> I 477 AT 2 0 N 396 397
 Input12> I 478 AT 2 0 N 397 398
 Input12> I 479 AT 2 0 N 398 399
 Input12> I 480 AT 2 0 N 399 400
 Input12> I 481 AT 2 0 N 400 22
 Input12> I 482 AT 2 0 N 22 401
 Input12> I 483 AT 2 0 N 401 402
 Input12> I 484 AT 2 0 N 402 403
 Input12> I 485 AT 2 0 N 403 404
 Input12> I 486 AT 2 0 N 404 405
 Input12> I 487 AT 2 0 N 405 406
 Input12> I 488 AT 2 0 N 406 407
 Input12> I 489 AT 2 0 N 407 408
 Input12> I 490 AT 2 0 N 408 409
 Input12> I 491 AT 2 0 N 409 4
 Input12> I 492 AT 2 0 N 4 410
 Input12> I 493 AT 2 0 N 410 411
 Input12> I 494 AT 2 0 N 411 412
 Input12> I 495 AT 2 0 N 412 413
 Input12> I 496 AT 2 0 N 413 414
 Input12> I 497 AT 2 0 N 414 415
 Input12> I 498 AT 2 0 N 415 416
 Input12> I 499 AT 2 0 N 416 417
 Input12> I 500 AT 2 0 N 417 418
 Input12> I 501 AT 2 0 N 418 5
 Input12> I 502 AT 2 0 N 5 419
 Input12> I 503 AT 2 0 N 419 420
 Input12> I 504 AT 2 0 N 420 421
 Input12> I 505 AT 2 0 N 421 422
 Input12> I 506 AT 2 0 N 422 423
 Input12> I 507 AT 2 0 N 423 424
 Input12> I 508 AT 2 0 N 424 425
 Input12> I 509 AT 2 0 N 425 426
 Input12> I 510 AT 2 0 N 426 427
 Input12> I 511 AT 2 0 N 427 15
 Input12> I 512 AT 2 0 N 8 428
 Input12> I 513 AT 2 0 N 428 429
 Input12> I 514 AT 2 0 N 429 430
 Input12> I 515 AT 2 0 N 430 431
 Input12> I 516 AT 2 0 N 431 432
 Input12> I 517 AT 2 0 N 432 433
 Input12> I 518 AT 2 0 N 433 434
 Input12> I 519 AT 2 0 N 434 435
 Input12> I 520 AT 2 0 N 435 436
 Input12> I 521 AT 2 0 N 436 15
 Input12> I 522 AT 2 0 N 4 437
 Input12> I 523 AT 2 0 N 437 438
 Input12> I 524 AT 2 0 N 438 439
 Input12> I 525 AT 2 0 N 439 440
 Input12> I 526 AT 2 0 N 440 441
 Input12> I 527 AT 2 0 N 441 442
 Input12> I 528 AT 2 0 N 442 443
 Input12> I 529 AT 2 0 N 443 444
 Input12> I 530 AT 2 0 N 444 445
 Input12> I 531 AT 2 0 N 445 8
 Input12> I 532 AT 2 0 N 15 446
 Input12> I 533 AT 2 0 N 446 447
 Input12> I 534 AT 2 0 N 447 448
 Input12> I 535 AT 2 0 N 448 449
 Input12> I 536 AT 2 0 N 449 450
 Input12> I 537 AT 2 0 N 450 451
 Input12> I 538 AT 2 0 N 451 452
 Input12> I 539 AT 2 0 N 452 453
 Input12> I 540 AT 2 0 N 453 454
 Input12> I 541 AT 2 0 N 454 28
 Input12> I 542 AT 2 0 N 28 455
 Input12> I 543 AT 2 0 N 455 456
 Input12> I 544 AT 2 0 N 456 457
 Input12> I 545 AT 2 0 N 457 458
 Input12> I 546 AT 2 0 N 458 459
 Input12> I 547 AT 2 0 N 459 460
 Input12> I 548 AT 2 0 N 460 461
 Input12> I 549 AT 2 0 N 461 462
 Input12> I 550 AT 2 0 N 462 463
 Input12> I 551 AT 2 0 N 463 4
 Input12> I 552 AT 2 0 N 28 464
 Input12> I 553 AT 2 0 N 464 465
 Input12> I 554 AT 2 0 N 465 466
 Input12> I 555 AT 2 0 N 466 467
 Input12> I 556 AT 2 0 N 467 468
 Input12> I 557 AT 2 0 N 468 469
 Input12> I 558 AT 2 0 N 469 470
 Input12> I 559 AT 2 0 N 470 471
 Input12> I 560 AT 2 0 N 471 472
 Input12> I 561 AT 2 0 N 472 18
 Input12> I 562 AT 2 0 N 25 473
 Input12> I 563 AT 2 0 N 473 474
 Input12> I 564 AT 2 0 N 474 475
 Input12> I 565 AT 2 0 N 475 476
 Input12> I 566 AT 2 0 N 476 477
 Input12> I 567 AT 2 0 N 477 478
 Input12> I 568 AT 2 0 N 478 479
 Input12> I 569 AT 2 0 N 479 480
 Input12> I 570 AT 2 0 N 480 481
 Input12> I 571 AT 2 0 N 481 28
 Input12> I 572 AT 2 0 N 28 482
 Input12> I 573 AT 2 0 N 482 483
 Input12> I 574 AT 2 0 N 483 484
 Input12> I 575 AT 2 0 N 484 485
 Input12> I 576 AT 2 0 N 485 486
 Input12> I 577 AT 2 0 N 486 487
 Input12> I 578 AT 2 0 N 487 488
 Input12> I 579 AT 2 0 N 488 489
 Input12> I 580 AT 2 0 N 489 490
 Input12> I 581 AT 2 0 N 490 34
 Input12> I 582 AT 2 0 N 28 491
 Input12> I 583 AT 2 0 N 491 492
 Input12> I 584 AT 2 0 N 492 493
 Input12> I 585 AT 2 0 N 493 494
 Input12> I 586 AT 2 0 N 494 495
 Input12> I 587 AT 2 0 N 495 496
 Input12> I 588 AT 2 0 N 496 497
 Input12> I 589 AT 2 0 N 497 498
 Input12> I 590 AT 2 0 N 498 499
 Input12> I 591 AT 2 0 N 499 37
 Input12> I 592 AT 2 0 N 8 500
 Input12> I 593 AT 2 0 N 500 501
 Input12> I 594 AT 2 0 N 501 502
 Input12> I 595 AT 2 0 N 502 503
 Input12> I 596 AT 2 0 N 503 504
 Input12> I 597 AT 2 0 N 504 505
 Input12> I 598 AT 2 0 N 505 506
 Input12> I 599 AT 2 0 N 506 507
 Input12> I 600 AT 2 0 N 507 508
 Input12> I 601 AT 2 0 N 508 18
 Input12> I 602 AT 2 0 N 25 509
 Input12> I 603 AT 2 0 N 509 510
 Input12> I 604 AT 2 0 N 510 511
 Input12> I 605 AT 2 0 N 511 512
 Input12> I 606 AT 2 0 N 512 513
 Input12> I 607 AT 2 0 N 513 514
 Input12> I 608 AT 2 0 N 514 515
 Input12> I 609 AT 2 0 N 515 516
 Input12> I 610 AT 2 0 N 516 517
 Input12> I 611 AT 2 0 N 517 8
 Input12> I 612 AT 2 0 N 8 518
 Input12> I 613 AT 2 0 N 518 519
 Input12> I 614 AT 2 0 N 519 520
 Input12> I 615 AT 2 0 N 520 521
 Input12> I 616 AT 2 0 N 521 522
 Input12> I 617 AT 2 0 N 522 523
 Input12> I 618 AT 2 0 N 523 524
 Input12> I 619 AT 2 0 N 524 525
 Input12> I 620 AT 2 0 N 525 526
 Input12> I 621 AT 2 0 N 526 37
 Input12> I 622 AT 2 0 N 8 527
 Input12> I 623 AT 2 0 N 527 528
 Input12> I 624 AT 2 0 N 528 529
 Input12> I 625 AT 2 0 N 529 530
 Input12> I 626 AT 2 0 N 530 531
 Input12> I 627 AT 2 0 N 531 532
 Input12> I 628 AT 2 0 N 532 533
 Input12> I 629 AT 2 0 N 533 534
 Input12> I 630 AT 2 0 N 534 535
 Input12> I 631 AT 2 0 N 535 34
 Input12> I 632 AT 2 0 N 40 536
 Input12> I 633 AT 2 0 N 536 537
 Input12> I 634 AT 2 0 N 537 538
 Input12> I 635 AT 2 0 N 538 539
 Input12> I 636 AT 2 0 N 539 540
 Input12> I 637 AT 2 0 N 540 541
 Input12> I 638 AT 2 0 N 541 542
 Input12> I 639 AT 2 0 N 542 543
 Input12> I 640 AT 2 0 N 543 544
 Input12> I 641 AT 2 0 N 544 34
 Input12> I 642 AT 2 0 N 40 545
 Input12> I 643 AT 2 0 N 545 546
 Input12> I 644 AT 2 0 N 546 547
 Input12> I 645 AT 2 0 N 547 548
 Input12> I 646 AT 2 0 N 548 549
 Input12> I 647 AT 2 0 N 549 550
 Input12> I 648 AT 2 0 N 550 551
 Input12> I 649 AT 2 0 N 551 552
 Input12> I 650 AT 2 0 N 552 553
 Input12> I 651 AT 2 0 N 553 37
 Input12> I 652 AT 2 0 N 34 554
 Input12> I 653 AT 2 0 N 554 555
 Input12> I 654 AT 2 0 N 555 556
 Input12> I 655 AT 2 0 N 556 557
 Input12> I 656 AT 2 0 N 557 558
 Input12> I 657 AT 2 0 N 558 559
 Input12> I 658 AT 2 0 N 559 560
 Input12> I 659 AT 2 0 N 560 561
 Input12> I 660 AT 2 0 N 561 562
 Input12> I 661 AT 2 0 N 562 31
 Input12> I 662 AT 2 0 N 31 563
 Input12> I 663 AT 2 0 N 563 564
 Input12> I 664 AT 2 0 N 564 565
 Input12> I 665 AT 2 0 N 565 566
 Input12> I 666 AT 2 0 N 566 567
 Input12> I 667 AT 2 0 N 567 568
 Input12> I 668 AT 2 0 N 568 569
 Input12> I 669 AT 2 0 N 569 570
 Input12> I 670 AT 2 0 N 570 571
 Input12> I 671 AT 2 0 N 571 37
 Input12>! Samcef Bank File : GROUPS.
 Input12>! --------------------------
 Input12>.SEL
  Current accuracy =  9.00000000E+00
 Input12> GROUP 1 MAILLE NOM "@SC@1d_mesh(1)_0"
 Input12> I 228 J 387 K 1
 Input12> GROUP 2 MAILLE NOM "@SC@1d_mesh(2)_1"
 Input12> I 392 J 671 K 1
 Input12> GROUP 3 NOEUDS NOM "@SC@RBE_672_Slaves"
 Input12> I 115
 Input12> GROUP 4 NOEUDS NOM "@SC@RBE_143_Slaves"
 Input12> I 114
 Input12> GROUP 5 NOEUDS NOM "@SC@Fixed(1)"
 Input12> I 280 J 310 K 10
 Input12>! Samcef Bank File: MATERIALS.
 Input12>! ----------------------------
 Input12>.MAT
 Input12>   I 1 NOM "Steel for Beam::ProjetV1::[1]"
 Input12>   BEHA "ELASTIC"
 Input12>   YT 2.1e+08  ! Young's modulus (E)
 Input12>   NT 0.3  ! Poisson's ratio (NU)
 Input12>   G 8.07692e+07  ! Shear modulus (G)
 Input12>   M 7.8e-06  !  Mass Density (Rho)
 Input12> 
 Input12>! Samcef Bank File: BEAM
 Input12>! ----------------------
 Input12>.BEAM
 Number of nodes reloaded =         418
 Largest  node  number    =         571
 Number of cells reloaded =         440
 Largest  cell  number    =         671
  Current accuracy =  9.00000000E-01
 Input12>I 228 PLANZ DIR -0.707107 -0.707107 0
 Input12>I 229 PLANZ DIR -0.707107 -0.707107 0
 Input12>I 230 PLANZ DIR -0.707107 -0.707107 0
 Input12>I 231 PLANZ DIR -0.707107 -0.707107 0
 Input12>I 232 PLANZ DIR -0.707107 -0.707107 0
 Input12>I 233 PLANZ DIR -0.707107 -0.707107 0
 Input12>I 234 PLANZ DIR -0.707107 -0.707107 0
 Input12>I 235 PLANZ DIR -0.707107 -0.707107 1.00614e-16
 Input12>I 236 PLANZ DIR -0.707107 -0.707107 0
 Input12>I 237 PLANZ DIR -0.707107 -0.707107 -4.85723e-17
 Input12>I 238 PLANZ DIR -0.707107 -0.705835 -0.0423883
 Input12>I 239 PLANZ DIR -0.707107 -0.705835 -0.0423883
 Input12>I 240 PLANZ DIR -0.707107 -0.705835 -0.0423883
 Input12>I 241 PLANZ DIR -0.707107 -0.705835 -0.0423883
 Input12>I 242 PLANZ DIR -0.707107 -0.705835 -0.0423883
 Input12>I 243 PLANZ DIR -0.707107 -0.705835 -0.0423883
 Input12>I 244 PLANZ DIR -0.707107 -0.705835 -0.0423883
 Input12>I 245 PLANZ DIR -0.707107 -0.705835 -0.0423883
 Input12>I 246 PLANZ DIR -0.707107 -0.705835 -0.0423883
 Input12>I 247 PLANZ DIR -0.707107 -0.705835 -0.0423883
 Input12>I 248 PLANZ DIR -0.707107 -0.705835 -0.0423883
 Input12>I 249 PLANZ DIR -0.707107 -0.705835 -0.0423883
 Input12>I 250 PLANZ DIR -0.707107 -0.705835 -0.0423883
 Input12>I 251 PLANZ DIR -0.707107 -0.705835 -0.0423883
 Input12>I 252 PLANZ DIR -0.707107 -0.705835 -0.0423883
 Input12>I 253 PLANZ DIR -0.707107 -0.705835 -0.0423883
 Input12>I 254 PLANZ DIR -0.707107 -0.705835 -0.0423883
 Input12>I 255 PLANZ DIR -0.707107 -0.705835 -0.0423883
 Input12>I 256 PLANZ DIR -0.707107 -0.705835 -0.0423883
 Input12>I 257 PLANZ DIR -0.707107 -0.705835 -0.0423883
 Input12>I 258 PLANZ DIR -0.707107 -0.707107 0
 Input12>I 259 PLANZ DIR -0.707107 -0.707107 0
 Input12>I 260 PLANZ DIR -0.707107 -0.707107 0
 Input12>I 261 PLANZ DIR -0.707107 -0.707107 0
 Input12>I 262 PLANZ DIR -0.707107 -0.707107 0
 Input12>I 263 PLANZ DIR -0.707107 -0.707107 0
 Input12>I 264 PLANZ DIR -0.707107 -0.707107 0
 Input12>I 265 PLANZ DIR -0.707107 -0.707107 1.00614e-16
 Input12>I 266 PLANZ DIR -0.707107 -0.707107 0
 Input12>I 267 PLANZ DIR -0.707107 -0.707107 -4.85723e-17
 Input12>I 268 PLANZ DIR -0.707107 -0.707107 -5.20417e-17
 Input12>I 269 PLANZ DIR -0.707107 -0.707107 0
 Input12>I 270 PLANZ DIR -0.707107 -0.707107 0
 Input12>I 271 PLANZ DIR -0.707107 -0.707107 0
 Input12>I 272 PLANZ DIR -0.707107 -0.707107 0
 Input12>I 273 PLANZ DIR -0.707107 -0.707107 5.20417e-17
 Input12>I 274 PLANZ DIR -0.707107 -0.707107 0
 Input12>I 275 PLANZ DIR -0.707107 -0.707107 4.85723e-17
 Input12>I 276 PLANZ DIR -0.707107 -0.707107 0
 Input12>I 277 PLANZ DIR -0.707107 -0.707107 -5.20417e-17
 Input12>I 278 PLANZ DIR -0.705835 -0.707107 0.0423883
 Input12>I 279 PLANZ DIR -0.705835 -0.707107 0.0423883
 Input12>I 280 PLANZ DIR -0.705835 -0.707107 0.0423883
 Input12>I 281 PLANZ DIR -0.705835 -0.707107 0.0423883
 Input12>I 282 PLANZ DIR -0.705835 -0.707107 0.0423883
 Input12>I 283 PLANZ DIR -0.705835 -0.707107 0.0423883
 Input12>I 284 PLANZ DIR -0.705835 -0.707107 0.0423883
 Input12>I 285 PLANZ DIR -0.705835 -0.707107 0.0423883
 Input12>I 286 PLANZ DIR -0.705835 -0.707107 0.0423883
 Input12>I 287 PLANZ DIR -0.705835 -0.707107 0.0423883
 Input12>I 288 PLANZ DIR -0.707107 -0.707107 -4.85723e-17
 Input12>I 289 PLANZ DIR -0.707107 -0.707107 0
 Input12>I 290 PLANZ DIR -0.707107 -0.707107 0
 Input12>I 291 PLANZ DIR -0.707107 -0.707107 0
 Input12>I 292 PLANZ DIR -0.707107 -0.707107 0
 Input12>I 293 PLANZ DIR -0.707107 -0.707107 5.20417e-17
 Input12>I 294 PLANZ DIR -0.707107 -0.707107 0
 Input12>I 295 PLANZ DIR -0.707107 -0.707107 4.85723e-17
 Input12>I 296 PLANZ DIR -0.707107 -0.707107 0
 Input12>I 297 PLANZ DIR -0.707107 -0.707107 -5.20417e-17
 Input12>I 298 PLANZ DIR -0.705835 -0.707107 0.0423883
 Input12>I 299 PLANZ DIR -0.705835 -0.707107 0.0423883
 Input12>I 300 PLANZ DIR -0.705835 -0.707107 0.0423883
 Input12>I 301 PLANZ DIR -0.705835 -0.707107 0.0423883
 Input12>I 302 PLANZ DIR -0.705835 -0.707107 0.0423883
 Input12>I 303 PLANZ DIR -0.705835 -0.707107 0.0423883
 Input12>I 304 PLANZ DIR -0.705835 -0.707107 0.0423883
 Input12>I 305 PLANZ DIR -0.705835 -0.707107 0.0423883
 Input12>I 306 PLANZ DIR -0.705835 -0.707107 0.0423883
 Input12>I 307 PLANZ DIR -0.705835 -0.707107 0.0423883
 Input12>I 308 PLANZ DIR -0.705667 -0.706938 0.0476754
 Input12>I 309 PLANZ DIR -0.705667 -0.706938 0.0476754
 Input12>I 310 PLANZ DIR -0.705667 -0.706938 0.0476754
 Input12>I 311 PLANZ DIR -0.705667 -0.706938 0.0476754
 Input12>I 312 PLANZ DIR -0.705667 -0.706938 0.0476754
 Input12>I 313 PLANZ DIR -0.705667 -0.706938 0.0476754
 Input12>I 314 PLANZ DIR -0.705667 -0.706938 0.0476754
 Input12>I 315 PLANZ DIR -0.705667 -0.706938 0.0476754
 Input12>I 316 PLANZ DIR -0.705667 -0.706938 0.0476754
 Input12>I 317 PLANZ DIR -0.705667 -0.706938 0.0476754
 Input12>I 318 PLANZ DIR -0.707107 -0.707107 -5.55112e-17
 Input12>I 319 PLANZ DIR -0.707107 -0.707107 0
 Input12>I 320 PLANZ DIR -0.707107 -0.707107 2.42861e-17
 Input12>I 321 PLANZ DIR -0.707107 -0.707107 -2.42861e-17
 Input12>I 322 PLANZ DIR -0.707107 -0.707107 2.42861e-17
 Input12>I 323 PLANZ DIR -0.707107 -0.707107 2.42861e-17
 Input12>I 324 PLANZ DIR -0.707107 -0.707107 2.42861e-17
 Input12>I 325 PLANZ DIR -0.707107 -0.707107 2.42861e-17
 Input12>I 326 PLANZ DIR -0.707107 -0.707107 0
 Input12>I 327 PLANZ DIR -0.707107 -0.707107 -1.00614e-16
 Input12>I 328 PLANZ DIR -0.707107 -0.707107 -5.55112e-17
 Input12>I 329 PLANZ DIR -0.707107 -0.707107 0
 Input12>I 330 PLANZ DIR -0.707107 -0.707107 2.42861e-17
 Input12>I 331 PLANZ DIR -0.707107 -0.707107 -2.42861e-17
 Input12>I 332 PLANZ DIR -0.707107 -0.707107 2.42861e-17
 Input12>I 333 PLANZ DIR -0.707107 -0.707107 2.42861e-17
 Input12>I 334 PLANZ DIR -0.707107 -0.707107 2.42861e-17
 Input12>I 335 PLANZ DIR -0.707107 -0.707107 2.42861e-17
 Input12>I 336 PLANZ DIR -0.707107 -0.707107 0
 Input12>I 337 PLANZ DIR -0.707107 -0.707107 -1.00614e-16
 Input12>I 338 PLANZ DIR -0.706938 -0.705667 -0.0476754
 Input12>I 339 PLANZ DIR -0.706938 -0.705667 -0.0476754
 Input12>I 340 PLANZ DIR -0.706938 -0.705667 -0.0476754
 Input12>I 341 PLANZ DIR -0.706938 -0.705667 -0.0476754
 Input12>I 342 PLANZ DIR -0.706938 -0.705667 -0.0476754
 Input12>I 343 PLANZ DIR -0.706938 -0.705667 -0.0476754
 Input12>I 344 PLANZ DIR -0.706938 -0.705667 -0.0476754
 Input12>I 345 PLANZ DIR -0.706938 -0.705667 -0.0476754
 Input12>I 346 PLANZ DIR -0.706938 -0.705667 -0.0476754
 Input12>I 347 PLANZ DIR -0.706938 -0.705667 -0.0476754
 Input12>I 348 PLANZ DIR -0.707107 -0.707107 0
 Input12>I 349 PLANZ DIR -0.707107 -0.707107 0
 Input12>I 350 PLANZ DIR -0.707107 -0.707107 0
 Input12>I 351 PLANZ DIR -0.707107 -0.707107 0
 Input12>I 352 PLANZ DIR -0.707107 -0.707107 0
 Input12>I 353 PLANZ DIR -0.707107 -0.707107 0
 Input12>I 354 PLANZ DIR -0.707107 -0.707107 0
 Input12>I 355 PLANZ DIR -0.707107 -0.707107 0
 Input12>I 356 PLANZ DIR -0.707107 -0.707107 0
 Input12>I 357 PLANZ DIR -0.707107 -0.707107 0
 Input12>I 358 PLANZ DIR -0.707107 -0.707107 0
 Input12>I 359 PLANZ DIR -0.707107 -0.707107 0
 Input12>I 360 PLANZ DIR -0.707107 -0.707107 0
 Input12>I 361 PLANZ DIR -0.707107 -0.707107 0
 Input12>I 362 PLANZ DIR -0.707107 -0.707107 0
 Input12>I 363 PLANZ DIR -0.707107 -0.707107 0
 Input12>I 364 PLANZ DIR -0.707107 -0.707107 0
 Input12>I 365 PLANZ DIR -0.707107 -0.707107 0
 Input12>I 366 PLANZ DIR -0.707107 -0.707107 0
 Input12>I 367 PLANZ DIR -0.707107 -0.707107 0
 Input12>I 368 PLANZ DIR -0.707107 -0.707107 0
 Input12>I 369 PLANZ DIR -0.707107 -0.707107 0
 Input12>I 370 PLANZ DIR -0.707107 -0.707107 0
 Input12>I 371 PLANZ DIR -0.707107 -0.707107 0
 Input12>I 372 PLANZ DIR -0.707107 -0.707107 0
 Input12>I 373 PLANZ DIR -0.707107 -0.707107 0
 Input12>I 374 PLANZ DIR -0.707107 -0.707107 0
 Input12>I 375 PLANZ DIR -0.707107 -0.707107 0
 Input12>I 376 PLANZ DIR -0.707107 -0.707107 0
 Input12>I 377 PLANZ DIR -0.707107 -0.707107 0
 Input12>I 378 PLANZ DIR -0.707107 -0.707107 0
 Input12>I 379 PLANZ DIR -0.707107 -0.707107 0
 Input12>I 380 PLANZ DIR -0.707107 -0.707107 0
 Input12>I 381 PLANZ DIR -0.707107 -0.707107 0
 Input12>I 382 PLANZ DIR -0.707107 -0.707107 0
 Input12>I 383 PLANZ DIR -0.707107 -0.707107 0
 Input12>I 384 PLANZ DIR -0.707107 -0.707107 0
 Input12>I 385 PLANZ DIR -0.707107 -0.707107 0
 Input12>I 386 PLANZ DIR -0.707107 -0.707107 0
 Input12>I 387 PLANZ DIR -0.707107 -0.707107 0
 Input12> 
 Input12>I 392 PLANZ DIR 1 0 0
 Input12>I 393 PLANZ DIR 1 0 0
 Input12>I 394 PLANZ DIR 1 0 0
 Input12>I 395 PLANZ DIR 1 0 0
 Input12>I 396 PLANZ DIR 1 0 0
 Input12>I 397 PLANZ DIR 1 0 0
 Input12>I 398 PLANZ DIR 1 0 0
 Input12>I 399 PLANZ DIR 1 0 0
 Input12>I 400 PLANZ DIR 1 0 0
 Input12>I 401 PLANZ DIR 1 0 0
 Input12>I 402 PLANZ DIR 0 -1 0
 Input12>I 403 PLANZ DIR 0 -1 0
 Input12>I 404 PLANZ DIR 0 -1 0
 Input12>I 405 PLANZ DIR 0 -1 0
 Input12>I 406 PLANZ DIR 0 -1 0
 Input12>I 407 PLANZ DIR 0 -1 0
 Input12>I 408 PLANZ DIR 0 -1 0
 Input12>I 409 PLANZ DIR 0 -1 0
 Input12>I 410 PLANZ DIR 0 -1 0
 Input12>I 411 PLANZ DIR 0 -1 0
 Input12>I 412 PLANZ DIR -1 0 0
 Input12>I 413 PLANZ DIR -1 0 0
 Input12>I 414 PLANZ DIR -1 0 0
 Input12>I 415 PLANZ DIR -1 0 0
 Input12>I 416 PLANZ DIR -1 0 0
 Input12>I 417 PLANZ DIR -1 0 0
 Input12>I 418 PLANZ DIR -1 0 0
 Input12>I 419 PLANZ DIR -1 0 0
 Input12>I 420 PLANZ DIR -1 0 0
 Input12>I 421 PLANZ DIR -1 0 0
 Input12>I 422 PLANZ DIR 0 -1 0
 Input12>I 423 PLANZ DIR 0 -1 0
 Input12>I 424 PLANZ DIR 0 -1 0
 Input12>I 425 PLANZ DIR 0 -1 0
 Input12>I 426 PLANZ DIR 0 -1 0
 Input12>I 427 PLANZ DIR 0 -1 0
 Input12>I 428 PLANZ DIR 0 -1 0
 Input12>I 429 PLANZ DIR 0 -1 0
 Input12>I 430 PLANZ DIR 0 -1 0
 Input12>I 431 PLANZ DIR 0 -1 0
 Input12>I 432 PLANZ DIR 0.999481 0.0271668 0.017284
 Input12>I 433 PLANZ DIR 0.999481 0.0271668 0.017284
 Input12>I 434 PLANZ DIR 0.999481 0.0271668 0.017284
 Input12>I 435 PLANZ DIR 0.999481 0.0271668 0.017284
 Input12>I 436 PLANZ DIR 0.999481 0.0271668 0.017284
 Input12>I 437 PLANZ DIR 0.999481 0.0271668 0.017284
 Input12>I 438 PLANZ DIR 0.999481 0.0271668 0.017284
 Input12>I 439 PLANZ DIR 0.999481 0.0271668 0.017284
 Input12>I 440 PLANZ DIR 0.999481 0.0271668 0.017284
 Input12>I 441 PLANZ DIR 0.999481 0.0271668 0.017284
 Input12>I 442 PLANZ DIR 0.815771 -0.423349 -0.394073
 Input12>I 443 PLANZ DIR 0.815771 -0.423349 -0.394073
 Input12>I 444 PLANZ DIR 0.815771 -0.423349 -0.394073
 Input12>I 445 PLANZ DIR 0.815771 -0.423349 -0.394073
 Input12>I 446 PLANZ DIR 0.815771 -0.423349 -0.394073
 Input12>I 447 PLANZ DIR 0.815771 -0.423349 -0.394073
 Input12>I 448 PLANZ DIR 0.815771 -0.423349 -0.394073
 Input12>I 449 PLANZ DIR 0.815771 -0.423349 -0.394073
 Input12>I 450 PLANZ DIR 0.815771 -0.423349 -0.394073
 Input12>I 451 PLANZ DIR 0.815771 -0.423349 -0.394073
 Input12>I 452 PLANZ DIR 0.837927 -0.368303 0.40278
 Input12>I 453 PLANZ DIR 0.837927 -0.368303 0.40278
 Input12>I 454 PLANZ DIR 0.837927 -0.368303 0.40278
 Input12>I 455 PLANZ DIR 0.837927 -0.368303 0.40278
 Input12>I 456 PLANZ DIR 0.837927 -0.368303 0.40278
 Input12>I 457 PLANZ DIR 0.837927 -0.368303 0.40278
 Input12>I 458 PLANZ DIR 0.837927 -0.368303 0.40278
 Input12>I 459 PLANZ DIR 0.837927 -0.368303 0.40278
 Input12>I 460 PLANZ DIR 0.837927 -0.368303 0.40278
 Input12>I 461 PLANZ DIR 0.837927 -0.368303 0.40278
 Input12>I 462 PLANZ DIR -0.368303 0.837927 0.40278
 Input12>I 463 PLANZ DIR -0.368303 0.837927 0.40278
 Input12>I 464 PLANZ DIR -0.368303 0.837927 0.40278
 Input12>I 465 PLANZ DIR -0.368303 0.837927 0.40278
 Input12>I 466 PLANZ DIR -0.368303 0.837927 0.40278
 Input12>I 467 PLANZ DIR -0.368303 0.837927 0.40278
 Input12>I 468 PLANZ DIR -0.368303 0.837927 0.40278
 Input12>I 469 PLANZ DIR -0.368303 0.837927 0.40278
 Input12>I 470 PLANZ DIR -0.368303 0.837927 0.40278
 Input12>I 471 PLANZ DIR -0.368303 0.837927 0.40278
 Input12>I 472 PLANZ DIR -5.824e-17 -0.407779 -0.913081
 Input12>I 473 PLANZ DIR -0 -0.407779 -0.913081
 Input12>I 474 PLANZ DIR -0 -0.407779 -0.913081
 Input12>I 475 PLANZ DIR -0 -0.407779 -0.913081
 Input12>I 476 PLANZ DIR -0 -0.407779 -0.913081
 Input12>I 477 PLANZ DIR -0 -0.407779 -0.913081
 Input12>I 478 PLANZ DIR -0 -0.407779 -0.913081
 Input12>I 479 PLANZ DIR -0 -0.407779 -0.913081
 Input12>I 480 PLANZ DIR -0 -0.407779 -0.913081
 Input12>I 481 PLANZ DIR 5.824e-17 -0.407779 -0.913081
 Input12>I 482 PLANZ DIR -0.407779 5.824e-17 -0.913081
 Input12>I 483 PLANZ DIR -0.407779 0 -0.913081
 Input12>I 484 PLANZ DIR -0.407779 0 -0.913081
 Input12>I 485 PLANZ DIR -0.407779 0 -0.913081
 Input12>I 486 PLANZ DIR -0.407779 0 -0.913081
 Input12>I 487 PLANZ DIR -0.407779 0 -0.913081
 Input12>I 488 PLANZ DIR -0.407779 0 -0.913081
 Input12>I 489 PLANZ DIR -0.407779 0 -0.913081
 Input12>I 490 PLANZ DIR -0.407779 0 -0.913081
 Input12>I 491 PLANZ DIR -0.407779 -5.824e-17 -0.913081
 Input12>I 492 PLANZ DIR 0 0.99669 -0.0812948
 Input12>I 493 PLANZ DIR 0 0.99669 -0.0812948
 Input12>I 494 PLANZ DIR 0 0.99669 -0.0812948
 Input12>I 495 PLANZ DIR 0 0.99669 -0.0812948
 Input12>I 496 PLANZ DIR 0 0.99669 -0.0812948
 Input12>I 497 PLANZ DIR 0 0.99669 -0.0812948
 Input12>I 498 PLANZ DIR 0 0.99669 -0.0812948
 Input12>I 499 PLANZ DIR 0 0.99669 -0.0812948
 Input12>I 500 PLANZ DIR 0 0.99669 -0.0812948
 Input12>I 501 PLANZ DIR 0 0.99669 -0.0812948
 Input12>I 502 PLANZ DIR 0.99669 0 -0.0812948
 Input12>I 503 PLANZ DIR 0.99669 0 -0.0812948
 Input12>I 504 PLANZ DIR 0.99669 0 -0.0812948
 Input12>I 505 PLANZ DIR 0.99669 0 -0.0812948
 Input12>I 506 PLANZ DIR 0.99669 0 -0.0812948
 Input12>I 507 PLANZ DIR 0.99669 0 -0.0812948
 Input12>I 508 PLANZ DIR 0.99669 0 -0.0812948
 Input12>I 509 PLANZ DIR 0.99669 0 -0.0812948
 Input12>I 510 PLANZ DIR 0.99669 0 -0.0812948
 Input12>I 511 PLANZ DIR 0.99669 0 -0.0812948
 Input12>I 512 PLANZ DIR -0.447373 0.796507 0.406736
 Input12>I 513 PLANZ DIR -0.447373 0.796507 0.406736
 Input12>I 514 PLANZ DIR -0.447373 0.796507 0.406736
 Input12>I 515 PLANZ DIR -0.447373 0.796507 0.406736
 Input12>I 516 PLANZ DIR -0.447373 0.796507 0.406736
 Input12>I 517 PLANZ DIR -0.447373 0.796507 0.406736
 Input12>I 518 PLANZ DIR -0.447373 0.796507 0.406736
 Input12>I 519 PLANZ DIR -0.447373 0.796507 0.406736
 Input12>I 520 PLANZ DIR -0.447373 0.796507 0.406736
 Input12>I 521 PLANZ DIR -0.447373 0.796507 0.406736
 Input12>I 522 PLANZ DIR 0.796507 -0.447373 0.406736
 Input12>I 523 PLANZ DIR 0.796507 -0.447373 0.406736
 Input12>I 524 PLANZ DIR 0.796507 -0.447373 0.406736
 Input12>I 525 PLANZ DIR 0.796507 -0.447373 0.406736
 Input12>I 526 PLANZ DIR 0.796507 -0.447373 0.406736
 Input12>I 527 PLANZ DIR 0.796507 -0.447373 0.406736
 Input12>I 528 PLANZ DIR 0.796507 -0.447373 0.406736
 Input12>I 529 PLANZ DIR 0.796507 -0.447373 0.406736
 Input12>I 530 PLANZ DIR 0.796507 -0.447373 0.406736
 Input12>I 531 PLANZ DIR 0.796507 -0.447373 0.406736
 Input12>I 532 PLANZ DIR 0.81814 -0.39298 -0.419779
 Input12>I 533 PLANZ DIR 0.81814 -0.39298 -0.419779
 Input12>I 534 PLANZ DIR 0.81814 -0.39298 -0.419779
 Input12>I 535 PLANZ DIR 0.81814 -0.39298 -0.419779
 Input12>I 536 PLANZ DIR 0.81814 -0.39298 -0.419779
 Input12>I 537 PLANZ DIR 0.81814 -0.39298 -0.419779
 Input12>I 538 PLANZ DIR 0.81814 -0.39298 -0.419779
 Input12>I 539 PLANZ DIR 0.81814 -0.39298 -0.419779
 Input12>I 540 PLANZ DIR 0.81814 -0.39298 -0.419779
 Input12>I 541 PLANZ DIR 0.81814 -0.39298 -0.419779
 Input12>I 542 PLANZ DIR -0.39298 0.81814 -0.419779
 Input12>I 543 PLANZ DIR -0.39298 0.81814 -0.419779
 Input12>I 544 PLANZ DIR -0.39298 0.81814 -0.419779
 Input12>I 545 PLANZ DIR -0.39298 0.81814 -0.419779
 Input12>I 546 PLANZ DIR -0.39298 0.81814 -0.419779
 Input12>I 547 PLANZ DIR -0.39298 0.81814 -0.419779
 Input12>I 548 PLANZ DIR -0.39298 0.81814 -0.419779
 Input12>I 549 PLANZ DIR -0.39298 0.81814 -0.419779
 Input12>I 550 PLANZ DIR -0.39298 0.81814 -0.419779
 Input12>I 551 PLANZ DIR -0.39298 0.81814 -0.419779
 Input12>I 552 PLANZ DIR -1.27452e-16 1 -2.23572e-29
 Input12>I 553 PLANZ DIR 0 1 -2.2877e-29
 Input12>I 554 PLANZ DIR 0 1 -2.2877e-29
 Input12>I 555 PLANZ DIR 0 1 -2.2877e-29
 Input12>I 556 PLANZ DIR 0 1 -2.2877e-29
 Input12>I 557 PLANZ DIR 0 1 -2.2877e-29
 Input12>I 558 PLANZ DIR 0 1 -2.2877e-29
 Input12>I 559 PLANZ DIR 0 1 -2.2877e-29
 Input12>I 560 PLANZ DIR 0 1 -2.2877e-29
 Input12>I 561 PLANZ DIR 1.27452e-16 1 -2.44364e-29
 Input12>I 562 PLANZ DIR 1 1.27452e-16 -5.19805e-31
 Input12>I 563 PLANZ DIR 1 0 0
 Input12>I 564 PLANZ DIR 1 0 0
 Input12>I 565 PLANZ DIR 1 0 0
 Input12>I 566 PLANZ DIR 1 0 0
 Input12>I 567 PLANZ DIR 1 0 0
 Input12>I 568 PLANZ DIR 1 0 0
 Input12>I 569 PLANZ DIR 1 0 0
 Input12>I 570 PLANZ DIR 1 0 0
 Input12>I 571 PLANZ DIR 1 -1.27452e-16 -5.19805e-31
 Input12>I 572 PLANZ DIR 0.748495 0.508732 0.425378
 Input12>I 573 PLANZ DIR 0.748495 0.508732 0.425378
 Input12>I 574 PLANZ DIR 0.748495 0.508732 0.425378
 Input12>I 575 PLANZ DIR 0.748495 0.508732 0.425378
 Input12>I 576 PLANZ DIR 0.748495 0.508732 0.425378
 Input12>I 577 PLANZ DIR 0.748495 0.508732 0.425378
 Input12>I 578 PLANZ DIR 0.748495 0.508732 0.425378
 Input12>I 579 PLANZ DIR 0.748495 0.508732 0.425378
 Input12>I 580 PLANZ DIR 0.748495 0.508732 0.425378
 Input12>I 581 PLANZ DIR 0.748495 0.508732 0.425378
 Input12>I 582 PLANZ DIR 0.998283 -0.0290397 -0.0508618
 Input12>I 583 PLANZ DIR 0.998283 -0.0290397 -0.0508618
 Input12>I 584 PLANZ DIR 0.998283 -0.0290397 -0.0508618
 Input12>I 585 PLANZ DIR 0.998283 -0.0290397 -0.0508618
 Input12>I 586 PLANZ DIR 0.998283 -0.0290397 -0.0508618
 Input12>I 587 PLANZ DIR 0.998283 -0.0290397 -0.0508618
 Input12>I 588 PLANZ DIR 0.998283 -0.0290397 -0.0508618
 Input12>I 589 PLANZ DIR 0.998283 -0.0290397 -0.0508618
 Input12>I 590 PLANZ DIR 0.998283 -0.0290397 -0.0508618
 Input12>I 591 PLANZ DIR 0.998283 -0.0290397 -0.0508618
 Input12>I 592 PLANZ DIR 1 -1.66338e-29 -4.07845e-15
 Input12>I 593 PLANZ DIR 1 0 -4.07845e-15
 Input12>I 594 PLANZ DIR 1 0 -4.07845e-15
 Input12>I 595 PLANZ DIR 1 0 -4.07845e-15
 Input12>I 596 PLANZ DIR 1 0 -4.07845e-15
 Input12>I 597 PLANZ DIR 1 0 -4.07845e-15
 Input12>I 598 PLANZ DIR 1 0 -4.07845e-15
 Input12>I 599 PLANZ DIR 1 0 -4.07845e-15
 Input12>I 600 PLANZ DIR 1 0 -4.07845e-15
 Input12>I 601 PLANZ DIR 1 1.66338e-29 -4.07845e-15
 Input12>I 602 PLANZ DIR 1.66338e-29 1 -4.07845e-15
 Input12>I 603 PLANZ DIR 0 1 -4.07845e-15
 Input12>I 604 PLANZ DIR 0 1 -4.07845e-15
 Input12>I 605 PLANZ DIR 0 1 -4.07845e-15
 Input12>I 606 PLANZ DIR 0 1 -4.07845e-15
 Input12>I 607 PLANZ DIR 0 1 -4.07845e-15
 Input12>I 608 PLANZ DIR 0 1 -4.07845e-15
 Input12>I 609 PLANZ DIR 0 1 -4.07845e-15
 Input12>I 610 PLANZ DIR 0 1 -4.07845e-15
 Input12>I 611 PLANZ DIR -1.66338e-29 1 -4.07845e-15
 Input12>I 612 PLANZ DIR 0.733451 -0.508732 -0.450823
 Input12>I 613 PLANZ DIR 0.733451 -0.508732 -0.450823
 Input12>I 614 PLANZ DIR 0.733451 -0.508732 -0.450823
 Input12>I 615 PLANZ DIR 0.733451 -0.508732 -0.450823
 Input12>I 616 PLANZ DIR 0.733451 -0.508732 -0.450823
 Input12>I 617 PLANZ DIR 0.733451 -0.508732 -0.450823
 Input12>I 618 PLANZ DIR 0.733451 -0.508732 -0.450823
 Input12>I 619 PLANZ DIR 0.733451 -0.508732 -0.450823
 Input12>I 620 PLANZ DIR 0.733451 -0.508732 -0.450823
 Input12>I 621 PLANZ DIR 0.733451 -0.508732 -0.450823
 Input12>I 622 PLANZ DIR 0.999441 0.0290397 0.0165614
 Input12>I 623 PLANZ DIR 0.999441 0.0290397 0.0165614
 Input12>I 624 PLANZ DIR 0.999441 0.0290397 0.0165614
 Input12>I 625 PLANZ DIR 0.999441 0.0290397 0.0165614
 Input12>I 626 PLANZ DIR 0.999441 0.0290397 0.0165614
 Input12>I 627 PLANZ DIR 0.999441 0.0290397 0.0165614
 Input12>I 628 PLANZ DIR 0.999441 0.0290397 0.0165614
 Input12>I 629 PLANZ DIR 0.999441 0.0290397 0.0165614
 Input12>I 630 PLANZ DIR 0.999441 0.0290397 0.0165614
 Input12>I 631 PLANZ DIR 0.999441 0.0290397 0.0165614
 Input12>I 632 PLANZ DIR 1 0 0
 Input12>I 633 PLANZ DIR 1 0 0
 Input12>I 634 PLANZ DIR 1 0 0
 Input12>I 635 PLANZ DIR 1 0 0
 Input12>I 636 PLANZ DIR 1 0 0
 Input12>I 637 PLANZ DIR 1 0 0
 Input12>I 638 PLANZ DIR 1 0 0
 Input12>I 639 PLANZ DIR 1 0 0
 Input12>I 640 PLANZ DIR 1 0 0
 Input12>I 641 PLANZ DIR 1 0 0
 Input12>I 642 PLANZ DIR 0 -1 0
 Input12>I 643 PLANZ DIR 0 -1 0
 Input12>I 644 PLANZ DIR 0 -1 0
 Input12>I 645 PLANZ DIR 0 -1 0
 Input12>I 646 PLANZ DIR 0 -1 0
 Input12>I 647 PLANZ DIR 0 -1 0
 Input12>I 648 PLANZ DIR 0 -1 0
 Input12>I 649 PLANZ DIR 0 -1 0
 Input12>I 650 PLANZ DIR 0 -1 0
 Input12>I 651 PLANZ DIR 0 -1 0
 Input12>I 652 PLANZ DIR 0 0.464487 -0.88558
 Input12>I 653 PLANZ DIR 0 0.464487 -0.88558
 Input12>I 654 PLANZ DIR 0 0.464487 -0.88558
 Input12>I 655 PLANZ DIR 0 0.464487 -0.88558
 Input12>I 656 PLANZ DIR 0 0.464487 -0.88558
 Input12>I 657 PLANZ DIR 0 0.464487 -0.88558
 Input12>I 658 PLANZ DIR 0 0.464487 -0.88558
 Input12>I 659 PLANZ DIR 0 0.464487 -0.88558
 Input12>I 660 PLANZ DIR 0 0.464487 -0.88558
 Input12>I 661 PLANZ DIR 0 0.464487 -0.88558
 Input12>I 662 PLANZ DIR 0.464487 0 -0.88558
 Input12>I 663 PLANZ DIR 0.464487 0 -0.88558
 Input12>I 664 PLANZ DIR 0.464487 0 -0.88558
 Input12>I 665 PLANZ DIR 0.464487 0 -0.88558
 Input12>I 666 PLANZ DIR 0.464487 0 -0.88558
 Input12>I 667 PLANZ DIR 0.464487 0 -0.88558
 Input12>I 668 PLANZ DIR 0.464487 0 -0.88558
 Input12>I 669 PLANZ DIR 0.464487 0 -0.88558
 Input12>I 670 PLANZ DIR 0.464487 0 -0.88558
 Input12>I 671 PLANZ DIR 0.464487 0 -0.88558
 Input12> 
 Input12>! Samcef Bank File: HYPOTHESES
 Input12>! ----------------------------
 Input12>.HYP MINDLIN GROUP "@SC@1d_mesh(1)_0"
 Input12>.HYP MINDLIN GROUP "@SC@1d_mesh(2)_1"
 Input12>! Samcef Bank File: Beam Profiles
 Input12>! -------------------------------
 Input12>.BPR
 Input12>NOM "Red" UNIT 0.001  TYPE "CIRCLE0" R1 500 R2 480
 Input12>NOM "Blue" UNIT 0.001  TYPE "CIRCLE0" R1 300 R2 0.28
 Input12>! Samcef Bank File: Concentrated Masses
 Input12>! -------------------------------------
 Input12>.MASS
 Input12>! 0d_manual_mesh(1)
 Input12>I 138 N 114 ATT 3 MASS 200000 MX 0 MY 0 MZ 0 MIXX 2.4e+13 MIYY 2.4e+13 MIZZ 2.4e+13
 Input12>! Samcef Bank File: CONSTRAINTS.
 Input12>! ------------------------------
 Input12>.CLM ADD
 Input12>!
 Input12>! Fixed(1)
 Input12> GROUP "@SC@Fixed(1)" FIX
 Input12> 
 Input12>! Samcef Bank File: Rigid Bodies
 Input12>! ------------------------------
 Input12>.RBE
 Input12>! connection_recipe_5_mesh
 Input12>I 672 N 12 GROUP "@SC@RBE_672_Slaves" ATT 4
 Input12>! connection_recipe_6_mesh
 Input12>I 391 N 19 GROUP "@SC@RBE_672_Slaves" ATT 5
 Input12>! connection_recipe_7_mesh
 Input12>I 390 N 1 GROUP "@SC@RBE_672_Slaves" ATT 6
 Input12>! connection_recipe_8_mesh
 Input12>I 388 N 9 GROUP "@SC@RBE_672_Slaves" ATT 7
 Input12>! connection_recipe_9_mesh
 Input12>I 143 N 115 GROUP "@SC@RBE_143_Slaves" ATT 8
 Input12>! Samcef Bank File: Elements Attributes
 Input12>! -------------------------------------
 Input12>.AEL
 Input12>GROUP "@SC@1d_mesh(1)_0" PROFILE "Red"
 Input12>GROUP "@SC@1d_mesh(2)_1" PROFILE "Blue"
 Input12> I 228 J 387 K 1 MAT 1
 Input12> I 392 J 671 K 1 MAT 1
 Input12>! Samcef Bank File: Solution Parameters : .ALGO.
 Input12>! ----------------------------------------------
 Input12>.ALGO
 Input12> LANCNVA 8 FREQ 0
 Input12> 
 Input12>! Samcef Bank File: Solution Parameters: .SAM.
 Input12>! --------------------------------------------
 Input12>.SAM
 Input12> ISTO 8
 Input12>! Samcef Bank File: .SAI
 Input12>! ----------------------
 Input12>.SAI
 Input12> ARCHIVE STRUCTURE STYPE -221 !Suppress obsolete code
 Input12>! Element Output Requests
 Input12> ARCHIVE STRUCTURE STYP 1437 3437 1438 3438 ! Normal Forces Moments (Samcef default)
 Input12> ARCHIVE STRUCTURE STYP 1524 3524 1525 3525 1251 3251 ! Shear Forces Moments (Samcef default)
 Input12> ARCHIVE STRUCTURE STYP 1440 3440 ! Normal Stress Beams Rods (Samcef default)
 Input12> ARCHIVE STRUCTURE STYP 1450 3450 ! Shear Stress Beams (Samcef default)
 Input12> ARCHIVE STRUCTURE STYP 1411 3411 1436 3436 1435 3435 1431 3431 ! Linear Stress Tensor (Samcef default)
 Input12> ARCHIVE STRUCTURE STYP 1421 3421 1446 3446 1445 3445 1528 3528 ! Total Strain Tensor (Samcef default)
 Input12> ARCHIVE STRUCTURE STYP 334 ! Strain Energy
 Input12> ARCHIVE STRUCTURE STYP 335 ! Kinetic Energy
 Input12>! Nodal Output Requests
 Input12> 
 Input12>! Summary of the model
 Input12>! --------------------
 Input12>! Number of nodes: 418
 Input12>! Minimum node id: 1
 Input12>! Maximum node id: 418
 Input12>! Number of elements: 440
 Input12>! Minimum element id: 1
 Input12>! Maximum element id: 440
 Input12> 
 Input12>!User Epilog
 Input12>!-------------
 Input12>! Declaration of abreviations for the Epilog:
 Input12>! ==========================================
 Input12>! Greater Node Number:     NUMBERMAXNODE
 Input12>#INQ (/NUMBERMAXNODE,NOD,,MAX)
 Input12>! Greater Element Number:  NUMBERMAXELEMENT
 Input12>#INQ (/NUMBERMAXELEMENT,ELE,,MAX)
 Input12>! Greater Function Number: NUMBERMAXFUNCTION
 Input12>#INQ (/NUMBERMAXFUNCTION,FUN,,MAX)
 Input12>! Greater Material Number: NUMBERMAXMATERIAL
 Input12>#INQ (/NUMBERMAXMATERIAL,MAT,,MAX)
 Input12>! No User Epilog defined for the current solution.
 Input12> 
 Input12> 
 Input12>! No Warning Messages
 Input12>! No Error Messages
 Input12>! No Critical Messages
 Input12> 
 Input12>RETURN

 Samcef File (Binary) :  3 - "C:\Users\arnau\Documents\GitHub\TheoryVib_Project\Simulation NX\Simulation_Jacket-Mode_Shape_Free_Vibration.sam"


      SAMCEF FILE CREATION
      ********************
    NR  DATA TYPE            OBJECT NAME   RECORDS
 =================================================
     1  ELEM.ATTRIB.          (.AEL)          5
     2  TITLE       
     3  NODES-.NOE            (.NOE)        858
     4  ELEMENT-.MAI          (.MAI)        441
     5  HYPOTHESIS            (.HYP)        441
     6  ELEMENT-.ELE          (.MC*)          5
     7  FIXATIONS             (.CLM)          4

      DB FILE CREATION
      ****************

 Saving the auxiliary memory in the DB ...
 Saving the rotation matrix in the DB ...
 Saving the ABREviations in the DB ...
 Saving the release flag in the DB ...
 Writing the DB on a binary file ...
 DB File     : "C:\Users\arnau\Documents\GitHub\TheoryVib_Project\Simulation NX\Simulation_Jacket-Mode_Shape_Free_Vibration.sdb"

@@@CSH:SMGFIN: I_RUNSUCCESS
 -------------------------------------------------------------------------------
 File size statistics
 File name                                                            Size
 -------------------------------------------------------------------------------
 C:\PROGRA~1\Siemens\NX\SIMULA~1\samcef\Exec\pilote.dat             201087 Bytes
 C... on NX\Simulation_Jacket-Mode_Shape_Free_Vibration_ba.w02        1125 Bytes
 C... ation NX\Simulation_Jacket-Mode_Shape_Free_Vibration.sam      206496 Bytes
 C... ation NX\Simulation_Jacket-Mode_Shape_Free_Vibration.spy        1226 Bytes
 C... ation NX\Simulation_Jacket-Mode_Shape_Free_Vibration.dat       45356 Bytes
 C... ation NX\Simulation_Jacket-Mode_Shape_Free_Vibration.sdb    19285944 Bytes
 C:\PROGRA~1\Siemens\NX\SIMULA~1\samcef\Exec\dic.dic                481422 Bytes
 C:\PROGRA~1\Siemens\NX\SIMULA~1\samcef\Exec\samcef.proc             86131 Bytes
 -------------------------------------------------------------------------------
Simcenter Samcef: Module bacon completed
Simcenter Samcef: Running module dynam
@@@CSH:SMGINI: DYNAM
@@@CSH:SMGINT: PID =    28348 : Current Process ID
@@@CSH:SMGBEG:  1 /  6 : Data Analysis
@@@CSH:SMGEVO:     1 /     4 : Front Width Optimization
@@@CSH:SMGEVO:     2 /     4 : Dof Numbering
@@@CSH:SMGEVO:     3 /     4 : Substructuring
@@@CSH:SMGEVO:     4 /     4 : Resource Estimation
@@@CSH:SMGINT: NBRDDL =     2514 : Number of dof's
@@@CSH:SMGINF: Disk space report for device "C:\"
@@@CSH:SMGREA: DISKFREE =   331825.285 : Free disk space (Mb).
@@@CSH:SMGREA: DISKREQUIRED =       23.000 : Required disk space (Mb).
@@@CSH:SMGEND: -1 /  6 : Data Analysis
@@@CSH:SMGBEG:  2 /  6 : Element Generation
@@@CSH:SMGEVO:     1 /   446 : Elements generated@@@CSH:SMGEVO:   446 /   446 : Elements generated
@@@CSH:SMGREA: TOTLENGTH%LENGTH = 2.7657370734645E5 : Total length.
@@@CSH:SMGREA: TOTVOLUME%VOLUME = 5.6061727149111E10 : Total volume.
@@@CSH:SMGREA: TOTMASS%MASS = 4.3728147176306E5 : Total mass.
@@@CSH:SMGEND: -2 /  6 : Element Generation
@@@CSH:SMGBEG:  5 /  6 : Lanczos for sparse matrix.
@@@CSH:SMGEVO:     0 /   100 : Factorization %
@@@CSH:SMGEND: -5 /  6 : Lanczos for sparse matrix.
@@@CSH:SMGBEG:  7 /  6 : Modal Mass Computation
@@@CSH:SMGREA: FREQUENCY%FREQUENCY =  2.50971094E+00 : Frequency Nbr. 1
@@@CSH:SMGREA: FREQUENCY%FREQUENCY =  2.65315130E+00 : Frequency Nbr. 2
@@@CSH:SMGREA: FREQUENCY%FREQUENCY =  2.83807380E+00 : Frequency Nbr. 3
@@@CSH:SMGREA: FREQUENCY%FREQUENCY =  5.49641738E+00 : Frequency Nbr. 4
@@@CSH:SMGREA: FREQUENCY%FREQUENCY =  6.37341692E+00 : Frequency Nbr. 5
@@@CSH:SMGREA: FREQUENCY%FREQUENCY =  1.61470127E+01 : Frequency Nbr. 6
@@@CSH:SMGREA: FREQUENCY%FREQUENCY =  1.80799119E+01 : Frequency Nbr. 7
@@@CSH:SMGREA: FREQUENCY%FREQUENCY =  2.19707987E+01 : Frequency Nbr. 8
@@@CSH:SMGEND: -7 /  6 : Modal Mass Computation
@@@CSH:SMGBEG:  8 /  6 : Modal Stresses Computation
@@@CSH:SMGINT: NBRWRN =        2 : Number of warning(s)
@@@CSH:SMGINT: NBRERR =        0 : Number of error(s)
@@@CSH:SMGFIN: I_RUNSUCCESS
Simcenter Samcef: Module dynam completed
 User requested workspace             131000000 words  (    1048 MBytes)
@@@CSH:SMGINI: FAC
@@@CSH:SMGINT: PID =    22960 : Current Process ID
 Release 2019.1-1859 - Build 1859.1912.091 - Date 25-Feb-2019 (LONG INTEGERS)

 ===============================================================================
 Status of the DB            : "Simulation_Jacket-Mode_Shape_Free_Vibration"
 ================
 DB created by BACON for arnau (NOV 23 2023 12:22:08)
 modified   by BACON for arnau (NOV 23 2023 12:22:08)
 modified   by DYNAM for arnau (NOV 23 2023 12:22:08)
 modified   by FAC for arnau (NOV 23 2023 12:22:09)
 Release                     :   19.1- 2
 DB file name                : "C:\Users\arnau\Documents\GitHub\TheoryVib_Project\Simulation NX\Simulation_Jacket-Mode_Shape_Free_Vibration.sdb"
 DB size                     :        2771999 (Max=       691283999)
 Memory allocated            :        2772300
 Size of the garbage         :            870 (  0.03% of the DB size)
 Relational level            :              0
 Object counter              :           1338
 Pagination flag             :        on (not yet triggered)
 Swap count                  :              6 page I/O on disk
 Used pages in memory        :             41 on              41
 Used records in swap file   :              0 on           10473
 Page alignment garbage      :            301 (  0.01% of the DB size)
 Archive length :            :              0
 Archive garbage :           :              0
 Archive loading endian swap :              0
 ===============================================================================
----------------------------------------------------------------------
    MEMORY ALLOCATION / DB:                     128217697   2772302
----------------------------------------------------------------------
 +===============================================================+======+======+
 !  Processed Data                                               ! Code ! Type !
 +===============================================================+======+======+
 ! "Creation date of the display file  [NOV 23 2023 12:22:09]"   !   24 ! CHAR !
 !---------------------------------------------------------------!------!------!
 ! "Module name  [DYNAM]"                                        !   23 ! CHAR !
 !---------------------------------------------------------------!------!------!
 ! "Number of errors  [0]"                                       !   59 ! INTG !
 !---------------------------------------------------------------!------!------!
 ! "Number of warnings  [2]"                                     !   60 ! INTG !
 !---------------------------------------------------------------!------!------!
 FILE=C:\PROGRA~1\Siemens\NX\SIMULA~1\samcef\Exec\bacon_van.mes
 %%%WARNING-902%%%
 One (or more) error(s) or warning(s) was (were) issued during
 computation.
 Please check your listing file: results may be incomplete.
 ! Computation statistics
 ! ----------------------
 ! Number of errors  :     0
 ! Number of warnings:     2
 !---------------------------------------------------------------!------!------!
 ! "CPU Time (Sec.)  [1]"                                        ! 1006 ! INTG !
 !---------------------------------------------------------------!------!------!
 ! "Elapsed Time (Sec.)  [1]"                                    ! 1007 ! INTG !
 !---------------------------------------------------------------!------!------!
 ! "Elements  [446]"                                             !    2 ! INTG !
 !---------------------------------------------------------------!------!------!
 ! "Nodes  [858]"                                                !    1 ! INTG !
 !---------------------------------------------------------------!------!------!
 ! "Nodal coordinates (X,Y,Z)"                                   !  153 ! REAL !
 !---------------------------------------------------------------!------!------!
 ! "Nodal displacements (DX,DY,DZ)"                              !  163 ! REAL !
 !---------------------------------------------------------------!------!------!
 ! "Nodal rotation (RX,RY,RZ)"                                   !  191 ! REAL !
 !---------------------------------------------------------------!------!------!
 ! "Nodal displacements (DX,DY,DZ)"                              !  163 ! REAL !
 !---------------------------------------------------------------!------!------!
 ! "Nodal rotation (RX,RY,RZ)"                                   !  191 ! REAL !
 !---------------------------------------------------------------!------!------!
 ! "Nodal displacements (DX,DY,DZ)"                              !  163 ! REAL !
 !---------------------------------------------------------------!------!------!
 ! "Nodal rotation (RX,RY,RZ)"                                   !  191 ! REAL !
 !---------------------------------------------------------------!------!------!
 ! "Nodal displacements (DX,DY,DZ)"                              !  163 ! REAL !
 !---------------------------------------------------------------!------!------!
 ! "Nodal rotation (RX,RY,RZ)"                                   !  191 ! REAL !
 !---------------------------------------------------------------!------!------!
 ! "Nodal displacements (DX,DY,DZ)"                              !  163 ! REAL !
 !---------------------------------------------------------------!------!------!
 ! "Nodal rotation (RX,RY,RZ)"                                   !  191 ! REAL !
 !---------------------------------------------------------------!------!------!
 ! "Nodal displacements (DX,DY,DZ)"                              !  163 ! REAL !
 !---------------------------------------------------------------!------!------!
 ! "Nodal rotation (RX,RY,RZ)"                                   !  191 ! REAL !
 !---------------------------------------------------------------!------!------!
 ! "Nodal displacements (DX,DY,DZ)"                              !  163 ! REAL !
 !---------------------------------------------------------------!------!------!
 ! "Nodal rotation (RX,RY,RZ)"                                   !  191 ! REAL !
 !---------------------------------------------------------------!------!------!
 ! "Nodal displacements (DX,DY,DZ)"                              !  163 ! REAL !
 !---------------------------------------------------------------!------!------!
 ! "Nodal rotation (RX,RY,RZ)"                                   !  191 ! REAL !
 !---------------------------------------------------------------!------!------!
 !  "Subset Nr          1"                                       !      !      !
 !---------------------------------------------------------------!------!------!
 ! "Strain energy density"                                       !  334 !      !
 !---------------------------------------------------------------!------!------!
 ! "Kinetic energy density"                                      !  335 !      !
 !---------------------------------------------------------------!------!------!
 !  "Subset Nr          2"                                       !      !      !
 !---------------------------------------------------------------!------!------!
 ! "Strain energy percentage"                                    ! 3234 !      !
 !---------------------------------------------------------------!------!------!
 ! "Percentage of kinetic energy"                                ! 3235 !      !
 !---------------------------------------------------------------!------!------!
 !  "Subset Nr          3"                                       !      !      !
 !---------------------------------------------------------------!------!------!
 ! "Strain energy density"                                       !  334 !      !
 !---------------------------------------------------------------!------!------!
 ! "Kinetic energy density"                                      !  335 !      !
 !---------------------------------------------------------------!------!------!
 !  "Subset Nr          4"                                       !      !      !
 !---------------------------------------------------------------!------!------!
 ! "Strain energy percentage"                                    ! 3234 !      !
 !---------------------------------------------------------------!------!------!
 ! "Percentage of kinetic energy"                                ! 3235 !      !
 !---------------------------------------------------------------!------!------!
 !  "Subset Nr          5"                                       !      !      !
 !---------------------------------------------------------------!------!------!
 ! "Strain energy density"                                       !  334 !      !
 !---------------------------------------------------------------!------!------!
 ! "Kinetic energy density"                                      !  335 !      !
 !---------------------------------------------------------------!------!------!
 !  "Subset Nr          6"                                       !      !      !
 !---------------------------------------------------------------!------!------!
 ! "Strain energy percentage"                                    ! 3234 !      !
 !---------------------------------------------------------------!------!------!
 ! "Percentage of kinetic energy"                                ! 3235 !      !
 !---------------------------------------------------------------!------!------!
 !  "Subset Nr          7"                                       !      !      !
 !---------------------------------------------------------------!------!------!
 ! "Strain energy density"                                       !  334 !      !
 !---------------------------------------------------------------!------!------!
 ! "Kinetic energy density"                                      !  335 !      !
 !---------------------------------------------------------------!------!------!
 !  "Subset Nr          8"                                       !      !      !
 !---------------------------------------------------------------!------!------!
 ! "Strain energy percentage"                                    ! 3234 !      !
 !---------------------------------------------------------------!------!------!
 ! "Percentage of kinetic energy"                                ! 3235 !      !
 !---------------------------------------------------------------!------!------!
 !  "Subset Nr          9"                                       !      !      !
 !---------------------------------------------------------------!------!------!
 ! "Strain energy density"                                       !  334 !      !
 !---------------------------------------------------------------!------!------!
 ! "Kinetic energy density"                                      !  335 !      !
 !---------------------------------------------------------------!------!------!
 !  "Subset Nr         10"                                       !      !      !
 !---------------------------------------------------------------!------!------!
 ! "Strain energy percentage"                                    ! 3234 !      !
 !---------------------------------------------------------------!------!------!
 ! "Percentage of kinetic energy"                                ! 3235 !      !
 !---------------------------------------------------------------!------!------!
 !  "Subset Nr         11"                                       !      !      !
 !---------------------------------------------------------------!------!------!
 ! "Strain energy density"                                       !  334 !      !
 !---------------------------------------------------------------!------!------!
 ! "Kinetic energy density"                                      !  335 !      !
 !---------------------------------------------------------------!------!------!
 !  "Subset Nr         12"                                       !      !      !
 !---------------------------------------------------------------!------!------!
 ! "Strain energy percentage"                                    ! 3234 !      !
 !---------------------------------------------------------------!------!------!
 ! "Percentage of kinetic energy"                                ! 3235 !      !
 !---------------------------------------------------------------!------!------!
 !  "Subset Nr         13"                                       !      !      !
 !---------------------------------------------------------------!------!------!
 ! "Strain energy density"                                       !  334 !      !
 !---------------------------------------------------------------!------!------!
 ! "Kinetic energy density"                                      !  335 !      !
 !---------------------------------------------------------------!------!------!
 !  "Subset Nr         14"                                       !      !      !
 !---------------------------------------------------------------!------!------!
 ! "Strain energy percentage"                                    ! 3234 !      !
 !---------------------------------------------------------------!------!------!
 ! "Percentage of kinetic energy"                                ! 3235 !      !
 !---------------------------------------------------------------!------!------!
 !  "Subset Nr         15"                                       !      !      !
 !---------------------------------------------------------------!------!------!
 ! "Strain energy density"                                       !  334 !      !
 !---------------------------------------------------------------!------!------!
 ! "Kinetic energy density"                                      !  335 !      !
 !---------------------------------------------------------------!------!------!
 !  "Subset Nr         16"                                       !      !      !
 !---------------------------------------------------------------!------!------!
 ! "Strain energy percentage"                                    ! 3234 !      !
 !---------------------------------------------------------------!------!------!
 ! "Percentage of kinetic energy"                                ! 3235 !      !
 !---------------------------------------------------------------!------!------!
 !  "Subset Nr         17"                                       !      !      !
 !---------------------------------------------------------------!------!------!
 ! "MNT data (beams)"                                            ! 1439 ! REAL !
 !---------------------------------------------------------------!------!------!
 ! "Normal stress data (beams sections points)"                  ! 1440 ! REAL !
 !---------------------------------------------------------------!------!------!
 ! "Shear stress data (beams sections points)"                   ! 1450 ! REAL !
 !---------------------------------------------------------------!------!------!
 !  "Subset Nr         18"                                       !      !      !
 !---------------------------------------------------------------!------!------!
 ! "Force vector"                                                ! 1524 ! REAL !
 !---------------------------------------------------------------!------!------!
 ! "Moment vector"                                               ! 1525 ! REAL !
 !---------------------------------------------------------------!------!------!
 !  "Subset Nr         19"                                       !      !      !
 !---------------------------------------------------------------!------!------!
 ! "Strain"                                                      ! 1528 ! REAL !
 !---------------------------------------------------------------!------!------!
 !  "Subset Nr         20"                                       !      !      !
 !---------------------------------------------------------------!------!------!
 ! "Normal stress data (beams sections points)"                  ! 3440 ! REAL !
 !---------------------------------------------------------------!------!------!
 ! "Shear stress data (beams sections points)"                   ! 3450 ! REAL !
 !---------------------------------------------------------------!------!------!
 !  "Subset Nr         21"                                       !      !      !
 !---------------------------------------------------------------!------!------!
 ! "Force vector"                                                ! 3524 ! REAL !
 !---------------------------------------------------------------!------!------!
 ! "Moment vector"                                               ! 3525 ! REAL !
 !---------------------------------------------------------------!------!------!
 !  "Subset Nr         22"                                       !      !      !
 !---------------------------------------------------------------!------!------!
 ! "Strain"                                                      ! 3528 ! REAL !
 !---------------------------------------------------------------!------!------!
 ! "MNT data (beams)"                                            ! 1439 ! REAL !
 !---------------------------------------------------------------!------!------!
 ! "Normal stress data (beams sections points)"                  ! 1440 ! REAL !
 !---------------------------------------------------------------!------!------!
 ! "Shear stress data (beams sections points)"                   ! 1450 ! REAL !
 !---------------------------------------------------------------!------!------!
 ! "Force vector"                                                ! 1524 ! REAL !
 !---------------------------------------------------------------!------!------!
 ! "Moment vector"                                               ! 1525 ! REAL !
 !---------------------------------------------------------------!------!------!
 ! "Strain"                                                      ! 1528 ! REAL !
 !---------------------------------------------------------------!------!------!
 ! "Normal stress data (beams sections points)"                  ! 3440 ! REAL !
 !---------------------------------------------------------------!------!------!
 ! "Shear stress data (beams sections points)"                   ! 3450 ! REAL !
 !---------------------------------------------------------------!------!------!
 ! "Force vector"                                                ! 3524 ! REAL !
 !---------------------------------------------------------------!------!------!
 ! "Moment vector"                                               ! 3525 ! REAL !
 !---------------------------------------------------------------!------!------!
 ! "Strain"                                                      ! 3528 ! REAL !
 !---------------------------------------------------------------!------!------!
 !  "Subset Nr         23"                                       !      !      !
 !---------------------------------------------------------------!------!------!
 ! "MNT data (beams)"                                            ! 1439 ! REAL !
 !---------------------------------------------------------------!------!------!
 ! "Normal stress data (beams sections points)"                  ! 1440 ! REAL !
 !---------------------------------------------------------------!------!------!
 ! "Shear stress data (beams sections points)"                   ! 1450 ! REAL !
 !---------------------------------------------------------------!------!------!
 !  "Subset Nr         24"                                       !      !      !
 !---------------------------------------------------------------!------!------!
 ! "Force vector"                                                ! 1524 ! REAL !
 !---------------------------------------------------------------!------!------!
 ! "Moment vector"                                               ! 1525 ! REAL !
 !---------------------------------------------------------------!------!------!
 !  "Subset Nr         25"                                       !      !      !
 !---------------------------------------------------------------!------!------!
 ! "Strain"                                                      ! 1528 ! REAL !
 !---------------------------------------------------------------!------!------!
 !  "Subset Nr         26"                                       !      !      !
 !---------------------------------------------------------------!------!------!
 ! "Normal stress data (beams sections points)"                  ! 3440 ! REAL !
 !---------------------------------------------------------------!------!------!
 ! "Shear stress data (beams sections points)"                   ! 3450 ! REAL !
 !---------------------------------------------------------------!------!------!
 !  "Subset Nr         27"                                       !      !      !
 !---------------------------------------------------------------!------!------!
 ! "Force vector"                                                ! 3524 ! REAL !
 !---------------------------------------------------------------!------!------!
 ! "Moment vector"                                               ! 3525 ! REAL !
 !---------------------------------------------------------------!------!------!
 !  "Subset Nr         28"                                       !      !      !
 !---------------------------------------------------------------!------!------!
 ! "Strain"                                                      ! 3528 ! REAL !
 !---------------------------------------------------------------!------!------!
 ! "MNT data (beams)"                                            ! 1439 ! REAL !
 !---------------------------------------------------------------!------!------!
 ! "Normal stress data (beams sections points)"                  ! 1440 ! REAL !
 !---------------------------------------------------------------!------!------!
 ! "Shear stress data (beams sections points)"                   ! 1450 ! REAL !
 !---------------------------------------------------------------!------!------!
 ! "Force vector"                                                ! 1524 ! REAL !
 !---------------------------------------------------------------!------!------!
 ! "Moment vector"                                               ! 1525 ! REAL !
 !---------------------------------------------------------------!------!------!
 ! "Strain"                                                      ! 1528 ! REAL !
 !---------------------------------------------------------------!------!------!
 ! "Normal stress data (beams sections points)"                  ! 3440 ! REAL !
 !---------------------------------------------------------------!------!------!
 ! "Shear stress data (beams sections points)"                   ! 3450 ! REAL !
 !---------------------------------------------------------------!------!------!
 ! "Force vector"                                                ! 3524 ! REAL !
 !---------------------------------------------------------------!------!------!
 ! "Moment vector"                                               ! 3525 ! REAL !
 !---------------------------------------------------------------!------!------!
 ! "Strain"                                                      ! 3528 ! REAL !
 !---------------------------------------------------------------!------!------!
 !  "Subset Nr         29"                                       !      !      !
 !---------------------------------------------------------------!------!------!
 ! "MNT data (beams)"                                            ! 1439 ! REAL !
 !---------------------------------------------------------------!------!------!
 ! "Normal stress data (beams sections points)"                  ! 1440 ! REAL !
 !---------------------------------------------------------------!------!------!
 ! "Shear stress data (beams sections points)"                   ! 1450 ! REAL !
 !---------------------------------------------------------------!------!------!
 !  "Subset Nr         30"                                       !      !      !
 !---------------------------------------------------------------!------!------!
 ! "Force vector"                                                ! 1524 ! REAL !
 !---------------------------------------------------------------!------!------!
 ! "Moment vector"                                               ! 1525 ! REAL !
 !---------------------------------------------------------------!------!------!
 !  "Subset Nr         31"                                       !      !      !
 !---------------------------------------------------------------!------!------!
 ! "Strain"                                                      ! 1528 ! REAL !
 !---------------------------------------------------------------!------!------!
 !  "Subset Nr         32"                                       !      !      !
 !---------------------------------------------------------------!------!------!
 ! "Normal stress data (beams sections points)"                  ! 3440 ! REAL !
 !---------------------------------------------------------------!------!------!
 ! "Shear stress data (beams sections points)"                   ! 3450 ! REAL !
 !---------------------------------------------------------------!------!------!
 !  "Subset Nr         33"                                       !      !      !
 !---------------------------------------------------------------!------!------!
 ! "Force vector"                                                ! 3524 ! REAL !
 !---------------------------------------------------------------!------!------!
 ! "Moment vector"                                               ! 3525 ! REAL !
 !---------------------------------------------------------------!------!------!
 !  "Subset Nr         34"                                       !      !      !
 !---------------------------------------------------------------!------!------!
 ! "Strain"                                                      ! 3528 ! REAL !
 !---------------------------------------------------------------!------!------!
 ! "MNT data (beams)"                                            ! 1439 ! REAL !
 !---------------------------------------------------------------!------!------!
 ! "Normal stress data (beams sections points)"                  ! 1440 ! REAL !
 !---------------------------------------------------------------!------!------!
 ! "Shear stress data (beams sections points)"                   ! 1450 ! REAL !
 !---------------------------------------------------------------!------!------!
 ! "Force vector"                                                ! 1524 ! REAL !
 !---------------------------------------------------------------!------!------!
 ! "Moment vector"                                               ! 1525 ! REAL !
 !---------------------------------------------------------------!------!------!
 ! "Strain"                                                      ! 1528 ! REAL !
 !---------------------------------------------------------------!------!------!
 ! "Normal stress data (beams sections points)"                  ! 3440 ! REAL !
 !---------------------------------------------------------------!------!------!
 ! "Shear stress data (beams sections points)"                   ! 3450 ! REAL !
 !---------------------------------------------------------------!------!------!
 ! "Force vector"                                                ! 3524 ! REAL !
 !---------------------------------------------------------------!------!------!
 ! "Moment vector"                                               ! 3525 ! REAL !
 !---------------------------------------------------------------!------!------!
 ! "Strain"                                                      ! 3528 ! REAL !
 !---------------------------------------------------------------!------!------!
 !  "Subset Nr         35"                                       !      !      !
 !---------------------------------------------------------------!------!------!
 ! "MNT data (beams)"                                            ! 1439 ! REAL !
 !---------------------------------------------------------------!------!------!
 ! "Normal stress data (beams sections points)"                  ! 1440 ! REAL !
 !---------------------------------------------------------------!------!------!
 ! "Shear stress data (beams sections points)"                   ! 1450 ! REAL !
 !---------------------------------------------------------------!------!------!
 !  "Subset Nr         36"                                       !      !      !
 !---------------------------------------------------------------!------!------!
 ! "Force vector"                                                ! 1524 ! REAL !
 !---------------------------------------------------------------!------!------!
 ! "Moment vector"                                               ! 1525 ! REAL !
 !---------------------------------------------------------------!------!------!
 !  "Subset Nr         37"                                       !      !      !
 !---------------------------------------------------------------!------!------!
 ! "Strain"                                                      ! 1528 ! REAL !
 !---------------------------------------------------------------!------!------!
 !  "Subset Nr         38"                                       !      !      !
 !---------------------------------------------------------------!------!------!
 ! "Normal stress data (beams sections points)"                  ! 3440 ! REAL !
 !---------------------------------------------------------------!------!------!
 ! "Shear stress data (beams sections points)"                   ! 3450 ! REAL !
 !---------------------------------------------------------------!------!------!
 !  "Subset Nr         39"                                       !      !      !
 !---------------------------------------------------------------!------!------!
 ! "Force vector"                                                ! 3524 ! REAL !
 !---------------------------------------------------------------!------!------!
 ! "Moment vector"                                               ! 3525 ! REAL !
 !---------------------------------------------------------------!------!------!
 !  "Subset Nr         40"                                       !      !      !
 !---------------------------------------------------------------!------!------!
 ! "Strain"                                                      ! 3528 ! REAL !
 !---------------------------------------------------------------!------!------!
 ! "MNT data (beams)"                                            ! 1439 ! REAL !
 !---------------------------------------------------------------!------!------!
 ! "Normal stress data (beams sections points)"                  ! 1440 ! REAL !
 !---------------------------------------------------------------!------!------!
 ! "Shear stress data (beams sections points)"                   ! 1450 ! REAL !
 !---------------------------------------------------------------!------!------!
 ! "Force vector"                                                ! 1524 ! REAL !
 !---------------------------------------------------------------!------!------!
 ! "Moment vector"                                               ! 1525 ! REAL !
 !---------------------------------------------------------------!------!------!
 ! "Strain"                                                      ! 1528 ! REAL !
 !---------------------------------------------------------------!------!------!
 ! "Normal stress data (beams sections points)"                  ! 3440 ! REAL !
 !---------------------------------------------------------------!------!------!
 ! "Shear stress data (beams sections points)"                   ! 3450 ! REAL !
 !---------------------------------------------------------------!------!------!
 ! "Force vector"                                                ! 3524 ! REAL !
 !---------------------------------------------------------------!------!------!
 ! "Moment vector"                                               ! 3525 ! REAL !
 !---------------------------------------------------------------!------!------!
 ! "Strain"                                                      ! 3528 ! REAL !
 !---------------------------------------------------------------!------!------!
 ! "Status of the FAC program"                                   !   62 !      !
 !---------------------------------------------------------------!------!------!
 ! "FAC Pointers"                                                ! 1073 ! INTG !
 !---------------------------------------------------------------!------!------!
 !...Closing DB "Simulation_Jacket-Mode_Shape_Free_Vibration"                  !
@@@CSH:SMGFIN: I_RUNSUCCESS
 -------------------------------------------------------------------------------
 File size statistics
 File name                                                            Size
 -------------------------------------------------------------------------------
 Simulation_Jacket-Mode_Shape_Free_Vibration_dy.u18                5295832 Bytes
 Simulation_Jacket-Mode_Shape_Free_Vibration_dy.des                  29786 Bytes
 Simulation_Jacket-Mode_Shape_Free_Vibration_dy.fac                1756560 Bytes
 C:\PROGRA~1\Siemens\NX\SIMULA~1\samcef\Exec\dic.dic                481422 Bytes
 S... 8.dir\Simulation_Jacket-Mode_Shape_Free_Vibration_fa.w07      190944 Bytes
 S... 8.dir\Simulation_Jacket-Mode_Shape_Free_Vibration_fa.w10      468248 Bytes
 C:\PROGRA~1\Siemens\NX\SIMULA~1\samcef\Exec\bacon_van.mes          354352 Bytes
 C... ation NX\Simulation_Jacket-Mode_Shape_Free_Vibration.sdb    21926104 Bytes
 C... 8.dir\Simulation_Jacket-Mode_Shape_Free_Vibration_fa.w80     1584000 Bytes
 C:\PROGRA~1\Siemens\NX\SIMULA~1\samcef\Exec\samcef.proc             86131 Bytes
 -------------------------------------------------------------------------------
