Simcenter Samcef: Running module bacon
 User requested workspace             131000000 words  (    1048 MBytes)
 Memory allocation / DB                65500000 /      65500000 words
@@@CSH:SMGINI: BACON
@@@CSH:SMGINT: PID =    19396 : Current Process ID
 Release 2019.1-1859 - Build 1859.1912.091 - Date 25-Feb-2019 (LONG INTEGERS)
 Graphic driver used: Windows   
 
 >>> Sold-to info: SoldTO: 1471462 - Universite de Liege Webkey: PK3IL4N46V <<<

 Input 1>!
 Input 1>!                     ====================================
 Input 1>!                     Programme   <BACON> : Version 2019.1
 Input 1>!                     ====================================
 Input 1>!
 Input 1>!
 Input 1>MODE M 1
 Spy file :  9 - "C:\Users\arnau\Documents\GitHub\TheoryVib_Project\Simulation NX\Simulation_Projet-Solution_1.spy"
 Input 1>INPUT INIT
 Input 1>EXIT
 Input12>! $$$$$$$$$$$$$$$$$$$$$$$$$$$$$$$$$$$$$$$$$$$$$$$$$$$$$$$$$$$$$$$$$$$$$$$$$
 Input12>!
 Input12>!              NX 1859 TRANSLATOR
 Input12>!   This file is compatible with Samcef 2019.1 (19.1-01) and next versions
 Input12>!
 Input12>!              FEM FILE: C:\Users\arnau\Documents\GitHub\TheoryVib_Project\Simulation NX\ProjetV1.fem
 Input12>!              SIM FILE: C:\Users\arnau\Documents\GitHub\TheoryVib_Project\Simulation NX\Simulation Projet.sim
 Input12>!         ANALYSIS TYPE: Simcenter Samcef - Structural
 Input12>!         SOLUTION NAME: Solution 1
 Input12>!         SOLUTION TYPE: Modal Analysis
 Input12>!     SOLVER INPUT FILE: Simulation_Projet-Solution_1.dat
 Input12>!         CREATION DATE: 13-octobre-2023
 Input12>!         CREATION TIME: 11:13:18
 Input12>!              HOSTNAME: Microsoft-Strapart
 Input12>!              USERNAME: arnau
 Input12>!
 Input12>! $$$$$$$$$$$$$$$$$$$$$$$$$$$$$$$$$$$$$$$$$$$$$$$$$$$$$$$$$$$$$$$$$$$$$$$$$
 Input12> 
 Input12>MODE M -1 LECTURE 256
 Input12>!User Prolog
 Input12>!-------------
 Input12>! No User Prolog defined for the current solution.
 Input12> 
 Input12>! Samcef Bank File: UNITS.
 Input12>! ------------------------
 Input12>.UNIT
 Input12> LENGTH 0.001 ! Unit = MilliMeter
 Input12> MASS 1 ! Unit = Kilogram
 Input12> CELSIUS
 Input12> TIME 1
 Input12> 
 Input12>.GEL
 Input12>TEMP 20 ! Default Temperature from Solution
 Input12> 
 Input12>! Samcef Bank File: NODES.
 Input12>! ------------------------
 Input12>.NOE
 Input12> I 2 X 670 Y 4330 Z 22333.3333
 Input12> I 3 X 590 Y 4410 Z 19666.6667
 Input12> I 4 X 510 Y 4490 Z 17000
 Input12> I 5 X 4490 Y 4490 Z 17000
 Input12> I 6 X 4570 Y 4570 Z 14333.3333
 Input12> I 7 X 4650 Y 4650 Z 11666.6667
 Input12> I 8 X 4730 Y 4730 Z 9000
 Input12> I 10 X 4330 Y 4330 Z 22333.3333
 Input12> I 11 X 4410 Y 4410 Z 19666.6667
 Input12> I 13 X 4330 Y 670 Z 22333.3333
 Input12> I 14 X 4410 Y 590 Z 19666.6667
 Input12> I 15 X 4490 Y 510 Z 17000
 Input12> I 16 X 4570 Y 430 Z 14333.3333
 Input12> I 17 X 4650 Y 350 Z 11666.6667
 Input12> I 18 X 4730 Y 270 Z 9000
 Input12> I 20 X 670 Y 670 Z 22333.3333
 Input12> I 21 X 590 Y 590 Z 19666.6667
 Input12> I 22 X 510 Y 510 Z 17000
 Input12> I 23 X 430 Y 4570 Z 14333.3333
 Input12> I 24 X 350 Y 4650 Z 11666.6667
 Input12> I 25 X 270 Y 4730 Z 9000
 Input12> I 26 X 430 Y 430 Z 14333.3333
 Input12> I 27 X 350 Y 350 Z 11666.6667
 Input12> I 28 X 270 Y 270 Z 9000
 Input12> I 29 X 180 Y 180 Z 6333.33333
 Input12> I 30 X 90 Y 90 Z 3666.66667
 Input12> I 31 X 0 Y 0 Z 1000
 Input12> I 32 X 4820 Y 180 Z 6333.33333
 Input12> I 33 X 4910 Y 90 Z 3666.66667
 Input12> I 34 X 5000 Y 0 Z 1000
 Input12> I 35 X 180 Y 4820 Z 6333.33333
 Input12> I 36 X 90 Y 4910 Z 3666.66667
 Input12> I 37 X 0 Y 5000 Z 1000
 Input12> I 38 X 4820 Y 4820 Z 6333.33333
 Input12> I 39 X 4910 Y 4910 Z 3666.66667
 Input12> I 40 X 5000 Y 5000 Z 1000
 Input12> I 41 X 5000 Y 5000 Z 0
 Input12> I 42 X 5000 Y 5000 Z 333.333333
 Input12> I 43 X 5000 Y 5000 Z 666.666667
 Input12> I 44 X 5000 Y 0 Z 0
 Input12> I 45 X 5000 Y 0 Z 333.333333
 Input12> I 46 X 5000 Y 0 Z 666.666667
 Input12> I 47 X 0 Y 0 Z 0
 Input12> I 48 X 0 Y 0 Z 333.333333
 Input12> I 49 X 0 Y 0 Z 666.666667
 Input12> I 50 X 0 Y 5000 Z 0
 Input12> I 51 X 0 Y 5000 Z 333.333333
 Input12> I 52 X 0 Y 5000 Z 666.666667
 Input12> I 53 X 4250 Y 3083.33333 Z 25000
 Input12> I 54 X 4250 Y 1916.66667 Z 25000
 Input12> I 55 X 3083.33333 Y 750 Z 25000
 Input12> I 56 X 1916.66667 Y 750 Z 25000
 Input12> I 57 X 750 Y 1916.66667 Z 25000
 Input12> I 58 X 750 Y 3083.33333 Z 25000
 Input12> I 59 X 3083.33333 Y 4250 Z 25000
 Input12> I 60 X 1916.66667 Y 4250 Z 25000
 Input12> I 61 X 4330 Y 3003.33333 Z 22333.3333
 Input12> I 62 X 4410 Y 1756.66667 Z 19666.6667
 Input12> I 63 X 3003.33333 Y 4330 Z 22333.3333
 Input12> I 64 X 1756.66667 Y 4410 Z 19666.6667
 Input12> I 65 X 1996.66667 Y 670 Z 22333.3333
 Input12> I 66 X 3243.33333 Y 590 Z 19666.6667
 Input12> I 67 X 590 Y 3243.33333 Z 19666.6667
 Input12> I 68 X 670 Y 1996.66667 Z 22333.3333
 Input12> I 69 X 3163.33333 Y 510 Z 17000
 Input12> I 70 X 1836.66667 Y 510 Z 17000
 Input12> I 71 X 510 Y 1836.66667 Z 17000
 Input12> I 72 X 510 Y 3163.33333 Z 17000
 Input12> I 73 X 1836.66667 Y 4490 Z 17000
 Input12> I 74 X 3163.33333 Y 4490 Z 17000
 Input12> I 75 X 4490 Y 3163.33333 Z 17000
 Input12> I 76 X 4490 Y 1836.66667 Z 17000
 Input12> I 77 X 4650 Y 3323.33333 Z 11666.6667
 Input12> I 78 X 4570 Y 1916.66667 Z 14333.3333
 Input12> I 79 X 1916.66667 Y 4570 Z 14333.3333
 Input12> I 80 X 3323.33333 Y 4650 Z 11666.6667
 Input12> I 81 X 3083.33333 Y 430 Z 14333.3333
 Input12> I 82 X 1676.66667 Y 350 Z 11666.6667
 Input12> I 83 X 350 Y 1676.66667 Z 11666.6667
 Input12> I 84 X 430 Y 3083.33333 Z 14333.3333
 Input12> I 85 X 1756.66667 Y 270 Z 9000
 Input12> I 86 X 3243.33333 Y 270 Z 9000
 Input12> I 87 X 270 Y 3243.33333 Z 9000
 Input12> I 88 X 270 Y 1756.66667 Z 9000
 Input12> I 89 X 1846.66667 Y 180 Z 6333.33333
 Input12> I 90 X 3423.33333 Y 90 Z 3666.66667
 Input12> I 91 X 180 Y 1846.66667 Z 6333.33333
 Input12> I 92 X 90 Y 3423.33333 Z 3666.66667
 Input12> I 93 X 4730 Y 3243.33333 Z 9000
 Input12> I 94 X 4730 Y 1756.66667 Z 9000
 Input12> I 95 X 1756.66667 Y 4730 Z 9000
 Input12> I 96 X 3243.33333 Y 4730 Z 9000
 Input12> I 97 X 3153.33333 Y 4820 Z 6333.33333
 Input12> I 98 X 1576.66667 Y 4910 Z 3666.66667
 Input12> I 99 X 4820 Y 3153.33333 Z 6333.33333
 Input12> I 100 X 4910 Y 1576.66667 Z 3666.66667
 Input12> I 101 X 5000 Y 3333.33333 Z 1000
 Input12> I 102 X 5000 Y 1666.66667 Z 1000
 Input12> I 103 X 3333.33333 Y 5000 Z 1000
 Input12> I 104 X 1666.66667 Y 5000 Z 1000
 Input12> I 105 X 3333.33333 Y 0 Z 1000
 Input12> I 106 X 1666.66667 Y 0 Z 1000
 Input12> I 107 X 0 Y 1666.66667 Z 1000
 Input12> I 108 X 0 Y 3333.33333 Z 1000
 Input12> I 115 X 2500 Y 2500 Z 25000
 Input12> I 114 X 2500 Y 2500 Z 80000
 Input12> I 12 X 4250 Y 750 Z 25000
 Input12> I 19 X 750 Y 750 Z 25000
 Input12> I 1 X 750 Y 4250 Z 25000
 Input12> I 9 X 4250 Y 4250 Z 25000
 Input12>! Samcef Bank File: ELEMENTS.
 Input12>! ---------------------------
 Input12>.MAI
 Input12> I 1 AT 1 0 N 4 3
 Input12> I 2 AT 1 0 N 3 2
 Input12> I 3 AT 1 0 N 2 1
 Input12> I 4 AT 1 0 N 5 6
 Input12> I 5 AT 1 0 N 6 7
 Input12> I 6 AT 1 0 N 7 8
 Input12> I 7 AT 1 0 N 5 11
 Input12> I 8 AT 1 0 N 11 10
 Input12> I 9 AT 1 0 N 10 9
 Input12> I 10 AT 1 0 N 12 13
 Input12> I 11 AT 1 0 N 13 14
 Input12> I 12 AT 1 0 N 14 15
 Input12> I 13 AT 1 0 N 15 16
 Input12> I 14 AT 1 0 N 16 17
 Input12> I 15 AT 1 0 N 17 18
 Input12> I 16 AT 1 0 N 22 21
 Input12> I 17 AT 1 0 N 21 20
 Input12> I 18 AT 1 0 N 20 19
 Input12> I 19 AT 1 0 N 4 23
 Input12> I 20 AT 1 0 N 23 24
 Input12> I 21 AT 1 0 N 24 25
 Input12> I 22 AT 1 0 N 28 27
 Input12> I 23 AT 1 0 N 27 26
 Input12> I 24 AT 1 0 N 26 22
 Input12> I 25 AT 1 0 N 28 29
 Input12> I 26 AT 1 0 N 29 30
 Input12> I 27 AT 1 0 N 30 31
 Input12> I 28 AT 1 0 N 18 32
 Input12> I 29 AT 1 0 N 32 33
 Input12> I 30 AT 1 0 N 33 34
 Input12> I 31 AT 1 0 N 25 35
 Input12> I 32 AT 1 0 N 35 36
 Input12> I 33 AT 1 0 N 36 37
 Input12> I 34 AT 1 0 N 8 38
 Input12> I 35 AT 1 0 N 38 39
 Input12> I 36 AT 1 0 N 39 40
 Input12> I 37 AT 1 0 N 40 43
 Input12> I 38 AT 1 0 N 43 42
 Input12> I 39 AT 1 0 N 42 41
 Input12> I 40 AT 1 0 N 44 45
 Input12> I 41 AT 1 0 N 45 46
 Input12> I 42 AT 1 0 N 46 34
 Input12> I 43 AT 1 0 N 47 48
 Input12> I 44 AT 1 0 N 48 49
 Input12> I 45 AT 1 0 N 49 31
 Input12> I 46 AT 1 0 N 37 52
 Input12> I 47 AT 1 0 N 52 51
 Input12> I 48 AT 1 0 N 51 50
 Input12> I 49 AT 2 0 N 9 53
 Input12> I 50 AT 2 0 N 53 54
 Input12> I 51 AT 2 0 N 54 12
 Input12> I 52 AT 2 0 N 12 55
 Input12> I 53 AT 2 0 N 55 56
 Input12> I 54 AT 2 0 N 56 19
 Input12> I 55 AT 2 0 N 1 58
 Input12> I 56 AT 2 0 N 58 57
 Input12> I 57 AT 2 0 N 57 19
 Input12> I 58 AT 2 0 N 1 60
 Input12> I 59 AT 2 0 N 60 59
 Input12> I 60 AT 2 0 N 59 9
 Input12> I 61 AT 2 0 N 9 61
 Input12> I 62 AT 2 0 N 61 62
 Input12> I 63 AT 2 0 N 62 15
 Input12> I 64 AT 2 0 N 9 63
 Input12> I 65 AT 2 0 N 63 64
 Input12> I 66 AT 2 0 N 64 4
 Input12> I 67 AT 2 0 N 19 65
 Input12> I 68 AT 2 0 N 65 66
 Input12> I 69 AT 2 0 N 66 15
 Input12> I 70 AT 2 0 N 19 68
 Input12> I 71 AT 2 0 N 68 67
 Input12> I 72 AT 2 0 N 67 4
 Input12> I 73 AT 2 0 N 22 70
 Input12> I 74 AT 2 0 N 70 69
 Input12> I 75 AT 2 0 N 69 15
 Input12> I 76 AT 2 0 N 22 71
 Input12> I 77 AT 2 0 N 71 72
 Input12> I 78 AT 2 0 N 72 4
 Input12> I 79 AT 2 0 N 4 73
 Input12> I 80 AT 2 0 N 73 74
 Input12> I 81 AT 2 0 N 74 5
 Input12> I 82 AT 2 0 N 5 75
 Input12> I 83 AT 2 0 N 75 76
 Input12> I 84 AT 2 0 N 76 15
 Input12> I 85 AT 2 0 N 15 78
 Input12> I 86 AT 2 0 N 78 77
 Input12> I 87 AT 2 0 N 77 8
 Input12> I 88 AT 2 0 N 4 79
 Input12> I 89 AT 2 0 N 79 80
 Input12> I 90 AT 2 0 N 80 8
 Input12> I 91 AT 2 0 N 15 81
 Input12> I 92 AT 2 0 N 81 82
 Input12> I 93 AT 2 0 N 82 28
 Input12> I 94 AT 2 0 N 4 84
 Input12> I 95 AT 2 0 N 84 83
 Input12> I 96 AT 2 0 N 83 28
 Input12> I 97 AT 2 0 N 28 85
 Input12> I 98 AT 2 0 N 85 86
 Input12> I 99 AT 2 0 N 86 18
 Input12> I 100 AT 2 0 N 28 88
 Input12> I 101 AT 2 0 N 88 87
 Input12> I 102 AT 2 0 N 87 25
 Input12> I 103 AT 2 0 N 28 89
 Input12> I 104 AT 2 0 N 89 90
 Input12> I 105 AT 2 0 N 90 34
 Input12> I 106 AT 2 0 N 28 91
 Input12> I 107 AT 2 0 N 91 92
 Input12> I 108 AT 2 0 N 92 37
 Input12> I 109 AT 2 0 N 18 94
 Input12> I 110 AT 2 0 N 94 93
 Input12> I 111 AT 2 0 N 93 8
 Input12> I 112 AT 2 0 N 8 96
 Input12> I 113 AT 2 0 N 96 95
 Input12> I 114 AT 2 0 N 95 25
 Input12> I 115 AT 2 0 N 8 97
 Input12> I 116 AT 2 0 N 97 98
 Input12> I 117 AT 2 0 N 98 37
 Input12> I 118 AT 2 0 N 8 99
 Input12> I 119 AT 2 0 N 99 100
 Input12> I 120 AT 2 0 N 100 34
 Input12> I 121 AT 2 0 N 34 102
 Input12> I 122 AT 2 0 N 102 101
 Input12> I 123 AT 2 0 N 101 40
 Input12> I 124 AT 2 0 N 40 103
 Input12> I 125 AT 2 0 N 103 104
 Input12> I 126 AT 2 0 N 104 37
 Input12> I 127 AT 2 0 N 34 105
 Input12> I 128 AT 2 0 N 105 106
 Input12> I 129 AT 2 0 N 106 31
 Input12> I 130 AT 2 0 N 31 107
 Input12> I 131 AT 2 0 N 107 108
 Input12> I 132 AT 2 0 N 108 37
 Input12>! Samcef Bank File : GROUPS.
 Input12>! --------------------------
 Input12>.SEL
  Current accuracy =  9.00000000E+00
 Input12> GROUP 1 MAILLE NOM "@SC@1d_mesh(1)_0"
 Input12> I 1 J 48 K 1
 Input12> GROUP 2 MAILLE NOM "@SC@1d_mesh(2)_1"
 Input12> I 49 J 132 K 1
 Input12> GROUP 3 NOEUDS NOM "@SC@RBE_139_Slaves"
 Input12> I 115
 Input12> GROUP 4 NOEUDS NOM "@SC@RBE_143_Slaves"
 Input12> I 114
 Input12>! Samcef Bank File: MATERIALS.
 Input12>! ----------------------------
 Input12>.MAT
 Input12>   I 1 NOM "Steel::ProjetV1::[1]"
 Input12>   BEHA "ELASTIC"
 Input12>   YT 2.1e+08  ! Young's modulus (E)
 Input12>   NT 0.3  ! Poisson's ratio (NU)
 Input12>   M 7800  !  Mass Density (Rho)
 Input12> 
 Input12>! Samcef Bank File: BEAM
 Input12>! ----------------------
 Input12>.BEAM
 Number of nodes reloaded =         110
 Largest  node  number    =         115
 Number of cells reloaded =         132
 Largest  cell  number    =         132
  Current accuracy =  9.00000000E-01
 Input12>I 1 PLANZ DIR 0.707107 0.707107 0
 Input12>I 2 PLANZ DIR 0.707107 0.707107 1.38778e-17
 Input12>I 3 PLANZ DIR 0.707107 0.707107 1.38778e-17
 Input12>I 4 PLANZ DIR -0.707107 0.707107 1.04083e-17
 Input12>I 5 PLANZ DIR -0.707107 0.707107 1.04083e-17
 Input12>I 6 PLANZ DIR -0.707107 0.707107 1.04083e-17
 Input12>I 7 PLANZ DIR 0.707107 0.705835 0.0423883
 Input12>I 8 PLANZ DIR 0.707107 0.705835 0.0423883
 Input12>I 9 PLANZ DIR 0.707107 0.705835 0.0423883
 Input12>I 10 PLANZ DIR 0.707107 0.707107 -1.04083e-17
 Input12>I 11 PLANZ DIR 0.707107 0.707107 -1.04083e-17
 Input12>I 12 PLANZ DIR 0.707107 0.707107 -2.42861e-17
 Input12>I 13 PLANZ DIR 0.707107 0.707107 6.93889e-18
 Input12>I 14 PLANZ DIR 0.707107 0.707107 -1.04083e-17
 Input12>I 15 PLANZ DIR 0.707107 0.707107 -2.42861e-17
 Input12>I 16 PLANZ DIR 0.705835 0.707107 -0.0423883
 Input12>I 17 PLANZ DIR 0.705835 0.707107 -0.0423883
 Input12>I 18 PLANZ DIR 0.705835 0.707107 -0.0423883
 Input12>I 19 PLANZ DIR -0.707107 -0.707107 -3.1225e-17
 Input12>I 20 PLANZ DIR -0.707107 -0.707107 -1.38778e-17
 Input12>I 21 PLANZ DIR -0.707107 -0.707107 0
 Input12>I 22 PLANZ DIR 0.705835 0.707107 -0.0423883
 Input12>I 23 PLANZ DIR 0.705835 0.707107 -0.0423883
 Input12>I 24 PLANZ DIR 0.705835 0.707107 -0.0423883
 Input12>I 25 PLANZ DIR 0.619515 -0.784965 0.00558392
 Input12>I 26 PLANZ DIR 0.619515 -0.784965 0.00558392
 Input12>I 27 PLANZ DIR 0.619515 -0.784965 0.00558392
 Input12>I 28 PLANZ DIR 0.707107 0.707107 3.46945e-18
 Input12>I 29 PLANZ DIR 0.707107 0.707107 -1.04083e-17
 Input12>I 30 PLANZ DIR 0.707107 0.707107 -1.04083e-17
 Input12>I 31 PLANZ DIR -0.707107 -0.707107 -2.77556e-17
 Input12>I 32 PLANZ DIR -0.707107 -0.707107 -1.38778e-17
 Input12>I 33 PLANZ DIR -0.707107 -0.707107 -1.38778e-17
 Input12>I 34 PLANZ DIR -0.707107 0.707107 1.04083e-17
 Input12>I 35 PLANZ DIR -0.707107 0.707107 1.04083e-17
 Input12>I 36 PLANZ DIR -0.707107 0.707107 1.04083e-17
 Input12>I 37 PLANZ DIR -0.707107 0.707107 0
 Input12>I 38 PLANZ DIR -0.707107 0.707107 0
 Input12>I 39 PLANZ DIR -0.707107 0.707107 0
 Input12>I 40 PLANZ DIR 0.707107 0.707107 -0
 Input12>I 41 PLANZ DIR 0.707107 0.707107 -0
 Input12>I 42 PLANZ DIR 0.707107 0.707107 -0
 Input12>I 43 PLANZ DIR 0.707107 0.707107 -0
 Input12>I 44 PLANZ DIR 0.707107 0.707107 -0
 Input12>I 45 PLANZ DIR 0.707107 0.707107 -0
 Input12>I 46 PLANZ DIR -0.707107 -0.707107 -0
 Input12>I 47 PLANZ DIR -0.707107 -0.707107 -0
 Input12>I 48 PLANZ DIR -0.707107 -0.707107 -0
 Input12> 
 Input12>I 49 PLANZ DIR 1 0 0
 Input12>I 50 PLANZ DIR 1 0 0
 Input12>I 51 PLANZ DIR 1 0 0
 Input12>I 52 PLANZ DIR 0 -1 0
 Input12>I 53 PLANZ DIR 0 -1 0
 Input12>I 54 PLANZ DIR 0 -1 0
 Input12>I 55 PLANZ DIR 1 0 0
 Input12>I 56 PLANZ DIR 1 0 0
 Input12>I 57 PLANZ DIR 1 0 0
 Input12>I 58 PLANZ DIR 0 1 0
 Input12>I 59 PLANZ DIR 0 1 0
 Input12>I 60 PLANZ DIR 0 1 0
 Input12>I 61 PLANZ DIR 0.423349 0.825516 -0.373228
 Input12>I 62 PLANZ DIR 0.423349 0.825516 -0.373228
 Input12>I 63 PLANZ DIR 0.423349 0.825516 -0.373228
 Input12>I 64 PLANZ DIR -0.0271668 0.99872 0.0426621
 Input12>I 65 PLANZ DIR -0.0271668 0.99872 0.0426621
 Input12>I 66 PLANZ DIR -0.0271668 0.99872 0.0426621
 Input12>I 67 PLANZ DIR 0.0271668 -0.99872 0.0426621
 Input12>I 68 PLANZ DIR 0.0271668 -0.99872 0.0426621
 Input12>I 69 PLANZ DIR 0.0271668 -0.99872 0.0426621
 Input12>I 70 PLANZ DIR 0.99872 -0.0271668 -0.0426621
 Input12>I 71 PLANZ DIR 0.99872 -0.0271668 -0.0426621
 Input12>I 72 PLANZ DIR 0.99872 -0.0271668 -0.0426621
 Input12>I 73 PLANZ DIR -4.28468e-17 1 0
 Input12>I 74 PLANZ DIR 0 1 0
 Input12>I 75 PLANZ DIR 4.28468e-17 1 0
 Input12>I 76 PLANZ DIR -1 4.28468e-17 0
 Input12>I 77 PLANZ DIR -1 0 0
 Input12>I 78 PLANZ DIR -1 -4.28468e-17 0
 Input12>I 79 PLANZ DIR 0 -0.461781 0.886994
 Input12>I 80 PLANZ DIR 0 -0.461781 0.886994
 Input12>I 81 PLANZ DIR 0 -0.461781 0.886994
 Input12>I 82 PLANZ DIR -0.461781 0 0.886994
 Input12>I 83 PLANZ DIR -0.461781 0 0.886994
 Input12>I 84 PLANZ DIR -0.461781 0 0.886994
 Input12>I 85 PLANZ DIR 0.152887 -0.875973 -0.457489
 Input12>I 86 PLANZ DIR 0.152887 -0.875973 -0.457489
 Input12>I 87 PLANZ DIR 0.152887 -0.875973 -0.457489
 Input12>I 88 PLANZ DIR -0.0265252 0.99952 0.0159935
 Input12>I 89 PLANZ DIR -0.0265252 0.99952 0.0159935
 Input12>I 90 PLANZ DIR -0.0265252 0.99952 0.0159935
 Input12>I 91 PLANZ DIR -0.720253 -0.568882 0.397
 Input12>I 92 PLANZ DIR -0.720253 -0.568882 0.397
 Input12>I 93 PLANZ DIR -0.720253 -0.568882 0.397
 Input12>I 94 PLANZ DIR -0.998681 -0.0265252 0.0439525
 Input12>I 95 PLANZ DIR -0.998681 -0.0265252 0.0439525
 Input12>I 96 PLANZ DIR -0.998681 -0.0265252 0.0439525
 Input12>I 97 PLANZ DIR 9.97622e-16 -0.604686 -0.796464
 Input12>I 98 PLANZ DIR 0 -0.604686 -0.796464
 Input12>I 99 PLANZ DIR -9.97622e-16 -0.604686 -0.796464
 Input12>I 100 PLANZ DIR -1 3.82355e-17 -1.38778e-17
 Input12>I 101 PLANZ DIR -1 0 -1.38778e-17
 Input12>I 102 PLANZ DIR -1 -3.82355e-17 -1.38778e-17
 Input12>I 103 PLANZ DIR 0.0290397 0.999441 -0.0165614
 Input12>I 104 PLANZ DIR 0.0290397 0.999441 -0.0165614
 Input12>I 105 PLANZ DIR 0.0290397 0.999441 -0.0165614
 Input12>I 106 PLANZ DIR -0.508732 0.733451 0.450823
 Input12>I 107 PLANZ DIR -0.508732 0.733451 0.450823
 Input12>I 108 PLANZ DIR -0.508732 0.733451 0.450823
 Input12>I 109 PLANZ DIR 0.604686 9.74502e-16 -0.796464
 Input12>I 110 PLANZ DIR 0.604686 0 -0.796464
 Input12>I 111 PLANZ DIR 0.604686 -9.74502e-16 -0.796464
 Input12>I 112 PLANZ DIR -7.29657e-16 -0.802724 -0.596351
 Input12>I 113 PLANZ DIR -0 -0.802724 -0.596351
 Input12>I 114 PLANZ DIR 7.29657e-16 -0.802724 -0.596351
 Input12>I 115 PLANZ DIR 0.791403 -0.377682 -0.480664
 Input12>I 116 PLANZ DIR 0.791403 -0.377682 -0.480664
 Input12>I 117 PLANZ DIR 0.791403 -0.377682 -0.480664
 Input12>I 118 PLANZ DIR 0.120636 0.85629 -0.50221
 Input12>I 119 PLANZ DIR 0.120636 0.85629 -0.50221
 Input12>I 120 PLANZ DIR 0.120636 0.85629 -0.50221
 Input12>I 121 PLANZ DIR 0.0700197 -0 0.997546
 Input12>I 122 PLANZ DIR 0.0700197 -0 0.997546
 Input12>I 123 PLANZ DIR 0.0700197 -0 0.997546
 Input12>I 124 PLANZ DIR 0 0.0700197 0.997546
 Input12>I 125 PLANZ DIR 0 0.0700197 0.997546
 Input12>I 126 PLANZ DIR 0 0.0700197 0.997546
 Input12>I 127 PLANZ DIR 0 0.997724 -0.0674232
 Input12>I 128 PLANZ DIR 0 0.997724 -0.0674232
 Input12>I 129 PLANZ DIR 0 0.997724 -0.0674232
 Input12>I 130 PLANZ DIR 0.997724 0 -0.0674232
 Input12>I 131 PLANZ DIR 0.997724 0 -0.0674232
 Input12>I 132 PLANZ DIR 0.997724 0 -0.0674232
 Input12> 
 Input12>! Samcef Bank File: HYPOTHESES
 Input12>! ----------------------------
 Input12>.HYP MINDLIN GROUP "@SC@1d_mesh(1)_0"
 Input12>.HYP MINDLIN GROUP "@SC@1d_mesh(2)_1"
 Input12>! Samcef Bank File: Beam Profiles
 Input12>! -------------------------------
 Input12>.BPR
 Input12>NOM "Red" UNIT 0.001  TYPE "CIRCLE0" R1 1000 R2 980
 Input12>NOM "Blue" UNIT 0.001  TYPE "CIRCLE0" R1 600 R2 580
 Input12>! Samcef Bank File: Concentrated Masses
 Input12>! -------------------------------------
 Input12>.MASS
 Input12>! 0d_manual_mesh(1)
 Input12>I 138 N 114 ATT 3 MASS 200000 MIXX 2.4e+13 MIYY 2.4e+13 MIZZ 2.4e+13
 Input12>! Samcef Bank File: Rigid Bodies
 Input12>! ------------------------------
 Input12>.RBE
 Input12>! connection_recipe_5_mesh
 Input12>I 139 N 12 GROUP "@SC@RBE_139_Slaves" ATT 4
 Input12>! connection_recipe_6_mesh
 Input12>I 140 N 19 GROUP "@SC@RBE_139_Slaves" ATT 5
 Input12>! connection_recipe_7_mesh
 Input12>I 141 N 1 GROUP "@SC@RBE_139_Slaves" ATT 6
 Input12>! connection_recipe_8_mesh
 Input12>I 142 N 9 GROUP "@SC@RBE_139_Slaves" ATT 7
 Input12>! connection_recipe_9_mesh
 Input12>I 143 N 115 GROUP "@SC@RBE_143_Slaves" ATT 8
 Input12>! Samcef Bank File: Elements Attributes
 Input12>! -------------------------------------
 Input12>.AEL
 Input12>GROUP "@SC@1d_mesh(1)_0" PROFILE "Red"
 Input12>GROUP "@SC@1d_mesh(2)_1" PROFILE "Blue"
 Input12> I 1 J 48 K 1 MAT 1
 Input12> I 49 J 132 K 1 MAT 1
 Input12>! Samcef Bank File: Solution Parameters : .ALGO.
 Input12>! ----------------------------------------------
 Input12>.ALGO
 Input12> LANCNVA 8 FREQ 0
 Input12> 
 Input12>! Samcef Bank File: Solution Parameters: .SAM.
 Input12>! --------------------------------------------
 Input12>.SAM
 Input12> ISTO 8
 Input12>! Samcef Bank File: .SAI
 Input12>! ----------------------
 Input12>.SAI
 Input12> ARCHIVE STRUCTURE STYPE -221 !Suppress obsolete code
 Input12>! Element Output Requests
 Input12> ARCHIVE STRUCTURE STYP 1437 3437 1438 3438 ! Normal Forces Moments (Samcef default)
 Input12> ARCHIVE STRUCTURE STYP 1524 3524 1525 3525 1251 3251 ! Shear Forces Moments (Samcef default)
 Input12> ARCHIVE STRUCTURE STYP 1440 3440 ! Normal Stress Beams Rods (Samcef default)
 Input12> ARCHIVE STRUCTURE STYP 1450 3450 ! Shear Stress Beams (Samcef default)
 Input12> ARCHIVE STRUCTURE STYP 1411 3411 1436 3436 1435 3435 1431 3431 ! Linear Stress Tensor (Samcef default)
 Input12> ARCHIVE STRUCTURE STYP 1421 3421 1446 3446 1445 3445 1528 3528 ! Total Strain Tensor (Samcef default)
 Input12> ARCHIVE STRUCTURE STYP 334 ! Strain Energy
 Input12> ARCHIVE STRUCTURE STYP 335 ! Kinetic Energy
 Input12>! Nodal Output Requests
 Input12> 
 Input12>! Summary of the model
 Input12>! --------------------
 Input12>! Number of nodes: 110
 Input12>! Minimum node id: 1
 Input12>! Maximum node id: 110
 Input12>! Number of elements: 132
 Input12>! Minimum element id: 1
 Input12>! Maximum element id: 132
 Input12> 
 Input12>!User Epilog
 Input12>!-------------
 Input12>! Declaration of abreviations for the Epilog:
 Input12>! ==========================================
 Input12>! Greater Node Number:     NUMBERMAXNODE
 Input12>#INQ (/NUMBERMAXNODE,NOD,,MAX)
 Input12>! Greater Element Number:  NUMBERMAXELEMENT
 Input12>#INQ (/NUMBERMAXELEMENT,ELE,,MAX)
 Input12>! Greater Function Number: NUMBERMAXFUNCTION
 Input12>#INQ (/NUMBERMAXFUNCTION,FUN,,MAX)
 Input12>! Greater Material Number: NUMBERMAXMATERIAL
 Input12>#INQ (/NUMBERMAXMATERIAL,MAT,,MAX)
 Input12>! No User Epilog defined for the current solution.
 Input12> 
 Input12> 
 Input12>! No Warning Messages
 Input12> 
 Input12>! ==========================
 Input12>! ===== Error Messages =====
 Input12>! ==========================
 Input12>! UNCLASSIFIED: There is an update pending.
 Input12>! #If the job is submitted before an update, the results will not reflect the changes made to the part.
 Input12>! SUGGESTION: Perform an FEM update or use File->Export->Simulation to write out the model data without an update.
 Input12> 
 Input12>! No Critical Messages
 Input12> 
 Input12>RETURN

 Samcef File (Binary) :  3 - "C:\Users\arnau\Documents\GitHub\TheoryVib_Project\Simulation NX\Simulation_Projet-Solution_1.sam"


      SAMCEF FILE CREATION
      ********************
    NR  DATA TYPE            OBJECT NAME   RECORDS
 =================================================
     1  ELEM.ATTRIB.          (.AEL)          5
     2  TITLE       
     3  NODES-.NOE            (.NOE)        242
     4  ELEMENT-.MAI          (.MAI)        133
     5  HYPOTHESIS            (.HYP)        133
     6  ELEMENT-.ELE          (.MC*)          5

      DB FILE CREATION
      ****************

 Saving the auxiliary memory in the DB ...
 Saving the rotation matrix in the DB ...
 Saving the ABREviations in the DB ...
 Saving the release flag in the DB ...
 Writing the DB on a binary file ...
 DB File     : "C:\Users\arnau\Documents\GitHub\TheoryVib_Project\Simulation NX\Simulation_Projet-Solution_1.sdb"

@@@CSH:SMGFIN: I_RUNSUCCESS
 -------------------------------------------------------------------------------
 File size statistics
 File name                                                            Size
 -------------------------------------------------------------------------------
 C:\PROGRA~1\Siemens\NX\SIMULA~1\samcef\Exec\pilote.dat             201087 Bytes
 C... roject\Simulation NX\Simulation_Projet-Solution_1_ba.w02         686 Bytes
 C... b_Project\Simulation NX\Simulation_Projet-Solution_1.sam       72864 Bytes
 C... b_Project\Simulation NX\Simulation_Projet-Solution_1.spy        1165 Bytes
 C... b_Project\Simulation NX\Simulation_Projet-Solution_1.dat       17099 Bytes
 C... b_Project\Simulation NX\Simulation_Projet-Solution_1.sdb    18757912 Bytes
 C:\PROGRA~1\Siemens\NX\SIMULA~1\samcef\Exec\dic.dic                481422 Bytes
 C:\PROGRA~1\Siemens\NX\SIMULA~1\samcef\Exec\samcef.proc             86131 Bytes
 -------------------------------------------------------------------------------
Simcenter Samcef: Module bacon completed
Simcenter Samcef: Running module dynam
@@@CSH:SMGINI: DYNAM
@@@CSH:SMGINT: PID =    11280 : Current Process ID
@@@CSH:SMGBEG:  1 /  6 : Data Analysis
@@@CSH:SMGEVO:     1 /     4 : Front Width Optimization
@@@CSH:SMGEVO:     2 /     4 : Dof Numbering
@@@CSH:SMGEVO:     3 /     4 : Substructuring
@@@CSH:SMGEVO:     4 /     4 : Resource Estimation
@@@CSH:SMGINT: NBRDDL =      690 : Number of dof's
@@@CSH:SMGINF: Disk space report for device "C:\"
@@@CSH:SMGREA: DISKFREE =   351176.051 : Free disk space (Mb).
@@@CSH:SMGREA: DISKREQUIRED =       17.000 : Required disk space (Mb).
@@@CSH:SMGEND: -1 /  6 : Data Analysis
@@@CSH:SMGBEG:  2 /  6 : Element Generation
@@@CSH:SMGEVO:     1 /   138 : Elements generated@@@CSH:SMGEVO:   138 /   138 : Elements generated
@@@CSH:SMGREA: TOTLENGTH%LENGTH = 2.7657370734645E5 : Total length.
@@@CSH:SMGREA: TOTVOLUME%VOLUME = 2.5536886851711E10 : Total volume.
@@@CSH:SMGREA: TOTMASS%MASS = 199187717643343. : Total mass.
@@@CSH:SMGEND: -2 /  6 : Element Generation
@@@CSH:SMGBEG:  5 /  6 : Lanczos for sparse matrix.
@@@CSH:SMGEVO:     1 /   100 : Factorization %@@@CSH:SMGEVO:   100 /   100 : Factorization %@@@CSH:SMGEVO:   100 /   100 : Factorization %
@@@CSH:SMGEND: -5 /  6 : Lanczos for sparse matrix.
@@@CSH:SMGBEG:  7 /  6 : Modal Mass Computation
@@@CSH:SMGREA: FREQUENCY%FREQUENCY =  4.53566537E-09 : Frequency Nbr. 1
@@@CSH:SMGREA: FREQUENCY%FREQUENCY =  4.38874237E-09 : Frequency Nbr. 2
@@@CSH:SMGREA: FREQUENCY%FREQUENCY =  2.41662552E-10 : Frequency Nbr. 3
@@@CSH:SMGREA: FREQUENCY%FREQUENCY =  5.83361780E-10 : Frequency Nbr. 4
@@@CSH:SMGREA: FREQUENCY%FREQUENCY =  7.13689842E-10 : Frequency Nbr. 5
@@@CSH:SMGREA: FREQUENCY%FREQUENCY =  1.11624511E-09 : Frequency Nbr. 6
@@@CSH:SMGREA: FREQUENCY%FREQUENCY =  8.25796773E-04 : Frequency Nbr. 1
@@@CSH:SMGREA: FREQUENCY%FREQUENCY =  9.14363069E-04 : Frequency Nbr. 2
@@@CSH:SMGEND: -7 /  6 : Modal Mass Computation
@@@CSH:SMGBEG:  8 /  6 : Modal Stresses Computation
@@@CSH:SMGINT: NBRWRN =        1 : Number of warning(s)
@@@CSH:SMGINT: NBRERR =        0 : Number of error(s)
@@@CSH:SMGFIN: I_RUNSUCCESS
Simcenter Samcef: Module dynam completed
 User requested workspace             131000000 words  (    1048 MBytes)
@@@CSH:SMGINI: FAC
@@@CSH:SMGINT: PID =    12520 : Current Process ID
 Release 2019.1-1859 - Build 1859.1912.091 - Date 25-Feb-2019 (LONG INTEGERS)

 ===============================================================================
 Status of the DB            : "Simulation_Projet-Solution_1"
 ================
 DB created by BACON for arnau (OCT 13 2023 11:13:21)
 modified   by BACON for arnau (OCT 13 2023 11:13:21)
 modified   by DYNAM for arnau (OCT 13 2023 11:13:21)
 modified   by FAC for arnau (OCT 13 2023 11:13:22)
 Release                     :   19.1- 2
 DB file name                : "C:\Users\arnau\Documents\GitHub\TheoryVib_Project\Simulation NX\Simulation_Projet-Solution_1.sdb"
 DB size                     :        2705999 (Max=       691283999)
 Memory allocated            :        2706300
 Size of the garbage         :            254 (  0.01% of the DB size)
 Relational level            :              0
 Object counter              :            414
 Pagination flag             :        on (not yet triggered)
 Swap count                  :              6 page I/O on disk
 Used pages in memory        :             40 on              40
 Used records in swap file   :              0 on           10473
 Page alignment garbage      :            301 (  0.01% of the DB size)
 Archive length :            :              0
 Archive garbage :           :              0
 Archive loading endian swap :              0
 ===============================================================================
----------------------------------------------------------------------
    MEMORY ALLOCATION / DB:                     128283697   2706302
----------------------------------------------------------------------
 +===============================================================+======+======+
 !  Processed Data                                               ! Code ! Type !
 +===============================================================+======+======+
 ! "Creation date of the display file  [OCT 13 2023 11:13:22]"   !   24 ! CHAR !
 !---------------------------------------------------------------!------!------!
 ! "Module name  [DYNAM]"                                        !   23 ! CHAR !
 !---------------------------------------------------------------!------!------!
 ! "Number of errors  [0]"                                       !   59 ! INTG !
 !---------------------------------------------------------------!------!------!
 ! "Number of warnings  [1]"                                     !   60 ! INTG !
 !---------------------------------------------------------------!------!------!
 FILE=C:\PROGRA~1\Siemens\NX\SIMULA~1\samcef\Exec\bacon_van.mes
 %%%WARNING-902%%%
 One (or more) error(s) or warning(s) was (were) issued during
 computation.
 Please check your listing file: results may be incomplete.
 ! Computation statistics
 ! ----------------------
 ! Number of errors  :     0
 ! Number of warnings:     1
 !---------------------------------------------------------------!------!------!
 ! "CPU Time (Sec.)  [1]"                                        ! 1006 ! INTG !
 !---------------------------------------------------------------!------!------!
 ! "Elapsed Time (Sec.)  [0]"                                    ! 1007 ! INTG !
 !---------------------------------------------------------------!------!------!
 ! "Elements  [138]"                                             !    2 ! INTG !
 !---------------------------------------------------------------!------!------!
 ! "Nodes  [242]"                                                !    1 ! INTG !
 !---------------------------------------------------------------!------!------!
 ! "Nodal coordinates (X,Y,Z)"                                   !  153 ! REAL !
 !---------------------------------------------------------------!------!------!
 ! "Nodal displacements (DX,DY,DZ)"                              !  163 ! REAL !
 !---------------------------------------------------------------!------!------!
 ! "Nodal rotation (RX,RY,RZ)"                                   !  191 ! REAL !
 !---------------------------------------------------------------!------!------!
 ! "Nodal displacements (DX,DY,DZ)"                              !  163 ! REAL !
 !---------------------------------------------------------------!------!------!
 ! "Nodal rotation (RX,RY,RZ)"                                   !  191 ! REAL !
 !---------------------------------------------------------------!------!------!
 ! "Nodal displacements (DX,DY,DZ)"                              !  163 ! REAL !
 !---------------------------------------------------------------!------!------!
 ! "Nodal rotation (RX,RY,RZ)"                                   !  191 ! REAL !
 !---------------------------------------------------------------!------!------!
 ! "Nodal displacements (DX,DY,DZ)"                              !  163 ! REAL !
 !---------------------------------------------------------------!------!------!
 ! "Nodal rotation (RX,RY,RZ)"                                   !  191 ! REAL !
 !---------------------------------------------------------------!------!------!
 ! "Nodal displacements (DX,DY,DZ)"                              !  163 ! REAL !
 !---------------------------------------------------------------!------!------!
 ! "Nodal rotation (RX,RY,RZ)"                                   !  191 ! REAL !
 !---------------------------------------------------------------!------!------!
 ! "Nodal displacements (DX,DY,DZ)"                              !  163 ! REAL !
 !---------------------------------------------------------------!------!------!
 ! "Nodal rotation (RX,RY,RZ)"                                   !  191 ! REAL !
 !---------------------------------------------------------------!------!------!
 ! "Nodal displacements (DX,DY,DZ)"                              !  163 ! REAL !
 !---------------------------------------------------------------!------!------!
 ! "Nodal rotation (RX,RY,RZ)"                                   !  191 ! REAL !
 !---------------------------------------------------------------!------!------!
 ! "Nodal displacements (DX,DY,DZ)"                              !  163 ! REAL !
 !---------------------------------------------------------------!------!------!
 ! "Nodal rotation (RX,RY,RZ)"                                   !  191 ! REAL !
 !---------------------------------------------------------------!------!------!
 !  "Subset Nr          1"                                       !      !      !
 !---------------------------------------------------------------!------!------!
 ! "Strain energy density"                                       !  334 !      !
 !---------------------------------------------------------------!------!------!
 ! "Kinetic energy density"                                      !  335 !      !
 !---------------------------------------------------------------!------!------!
 !  "Subset Nr          2"                                       !      !      !
 !---------------------------------------------------------------!------!------!
 ! "Strain energy percentage"                                    ! 3234 !      !
 !---------------------------------------------------------------!------!------!
 ! "Percentage of kinetic energy"                                ! 3235 !      !
 !---------------------------------------------------------------!------!------!
 !  "Subset Nr          3"                                       !      !      !
 !---------------------------------------------------------------!------!------!
 ! "Strain energy density"                                       !  334 !      !
 !---------------------------------------------------------------!------!------!
 ! "Kinetic energy density"                                      !  335 !      !
 !---------------------------------------------------------------!------!------!
 !  "Subset Nr          4"                                       !      !      !
 !---------------------------------------------------------------!------!------!
 ! "Strain energy percentage"                                    ! 3234 !      !
 !---------------------------------------------------------------!------!------!
 ! "Percentage of kinetic energy"                                ! 3235 !      !
 !---------------------------------------------------------------!------!------!
 !  "Subset Nr          5"                                       !      !      !
 !---------------------------------------------------------------!------!------!
 ! "Strain energy density"                                       !  334 !      !
 !---------------------------------------------------------------!------!------!
 ! "Kinetic energy density"                                      !  335 !      !
 !---------------------------------------------------------------!------!------!
 !  "Subset Nr          6"                                       !      !      !
 !---------------------------------------------------------------!------!------!
 ! "Strain energy percentage"                                    ! 3234 !      !
 !---------------------------------------------------------------!------!------!
 ! "Percentage of kinetic energy"                                ! 3235 !      !
 !---------------------------------------------------------------!------!------!
 !  "Subset Nr          7"                                       !      !      !
 !---------------------------------------------------------------!------!------!
 ! "Strain energy density"                                       !  334 !      !
 !---------------------------------------------------------------!------!------!
 ! "Kinetic energy density"                                      !  335 !      !
 !---------------------------------------------------------------!------!------!
 !  "Subset Nr          8"                                       !      !      !
 !---------------------------------------------------------------!------!------!
 ! "Strain energy percentage"                                    ! 3234 !      !
 !---------------------------------------------------------------!------!------!
 ! "Percentage of kinetic energy"                                ! 3235 !      !
 !---------------------------------------------------------------!------!------!
 !  "Subset Nr          9"                                       !      !      !
 !---------------------------------------------------------------!------!------!
 ! "Strain energy density"                                       !  334 !      !
 !---------------------------------------------------------------!------!------!
 ! "Kinetic energy density"                                      !  335 !      !
 !---------------------------------------------------------------!------!------!
 !  "Subset Nr         10"                                       !      !      !
 !---------------------------------------------------------------!------!------!
 ! "Strain energy percentage"                                    ! 3234 !      !
 !---------------------------------------------------------------!------!------!
 ! "Percentage of kinetic energy"                                ! 3235 !      !
 !---------------------------------------------------------------!------!------!
 !  "Subset Nr         11"                                       !      !      !
 !---------------------------------------------------------------!------!------!
 ! "Strain energy density"                                       !  334 !      !
 !---------------------------------------------------------------!------!------!
 ! "Kinetic energy density"                                      !  335 !      !
 !---------------------------------------------------------------!------!------!
 !  "Subset Nr         12"                                       !      !      !
 !---------------------------------------------------------------!------!------!
 ! "Strain energy percentage"                                    ! 3234 !      !
 !---------------------------------------------------------------!------!------!
 ! "Percentage of kinetic energy"                                ! 3235 !      !
 !---------------------------------------------------------------!------!------!
 !  "Subset Nr         13"                                       !      !      !
 !---------------------------------------------------------------!------!------!
 ! "Strain energy density"                                       !  334 !      !
 !---------------------------------------------------------------!------!------!
 ! "Kinetic energy density"                                      !  335 !      !
 !---------------------------------------------------------------!------!------!
 !  "Subset Nr         14"                                       !      !      !
 !---------------------------------------------------------------!------!------!
 ! "Strain energy percentage"                                    ! 3234 !      !
 !---------------------------------------------------------------!------!------!
 ! "Percentage of kinetic energy"                                ! 3235 !      !
 !---------------------------------------------------------------!------!------!
 !  "Subset Nr         15"                                       !      !      !
 !---------------------------------------------------------------!------!------!
 ! "Strain energy density"                                       !  334 !      !
 !---------------------------------------------------------------!------!------!
 ! "Kinetic energy density"                                      !  335 !      !
 !---------------------------------------------------------------!------!------!
 !  "Subset Nr         16"                                       !      !      !
 !---------------------------------------------------------------!------!------!
 ! "Strain energy percentage"                                    ! 3234 !      !
 !---------------------------------------------------------------!------!------!
 ! "Percentage of kinetic energy"                                ! 3235 !      !
 !---------------------------------------------------------------!------!------!
 !  "Subset Nr         17"                                       !      !      !
 !---------------------------------------------------------------!------!------!
 ! "MNT data (beams)"                                            ! 1439 ! REAL !
 !---------------------------------------------------------------!------!------!
 ! "Normal stress data (beams sections points)"                  ! 1440 ! REAL !
 !---------------------------------------------------------------!------!------!
 ! "Shear stress data (beams sections points)"                   ! 1450 ! REAL !
 !---------------------------------------------------------------!------!------!
 !  "Subset Nr         18"                                       !      !      !
 !---------------------------------------------------------------!------!------!
 ! "Force vector"                                                ! 1524 ! REAL !
 !---------------------------------------------------------------!------!------!
 ! "Moment vector"                                               ! 1525 ! REAL !
 !---------------------------------------------------------------!------!------!
 !  "Subset Nr         19"                                       !      !      !
 !---------------------------------------------------------------!------!------!
 ! "Strain"                                                      ! 1528 ! REAL !
 !---------------------------------------------------------------!------!------!
 !  "Subset Nr         20"                                       !      !      !
 !---------------------------------------------------------------!------!------!
 ! "Normal stress data (beams sections points)"                  ! 3440 ! REAL !
 !---------------------------------------------------------------!------!------!
 ! "Shear stress data (beams sections points)"                   ! 3450 ! REAL !
 !---------------------------------------------------------------!------!------!
 !  "Subset Nr         21"                                       !      !      !
 !---------------------------------------------------------------!------!------!
 ! "Force vector"                                                ! 3524 ! REAL !
 !---------------------------------------------------------------!------!------!
 ! "Moment vector"                                               ! 3525 ! REAL !
 !---------------------------------------------------------------!------!------!
 !  "Subset Nr         22"                                       !      !      !
 !---------------------------------------------------------------!------!------!
 ! "Strain"                                                      ! 3528 ! REAL !
 !---------------------------------------------------------------!------!------!
 ! "MNT data (beams)"                                            ! 1439 ! REAL !
 !---------------------------------------------------------------!------!------!
 ! "Normal stress data (beams sections points)"                  ! 1440 ! REAL !
 !---------------------------------------------------------------!------!------!
 ! "Shear stress data (beams sections points)"                   ! 1450 ! REAL !
 !---------------------------------------------------------------!------!------!
 ! "Force vector"                                                ! 1524 ! REAL !
 !---------------------------------------------------------------!------!------!
 ! "Moment vector"                                               ! 1525 ! REAL !
 !---------------------------------------------------------------!------!------!
 ! "Strain"                                                      ! 1528 ! REAL !
 !---------------------------------------------------------------!------!------!
 ! "Normal stress data (beams sections points)"                  ! 3440 ! REAL !
 !---------------------------------------------------------------!------!------!
 ! "Shear stress data (beams sections points)"                   ! 3450 ! REAL !
 !---------------------------------------------------------------!------!------!
 ! "Force vector"                                                ! 3524 ! REAL !
 !---------------------------------------------------------------!------!------!
 ! "Moment vector"                                               ! 3525 ! REAL !
 !---------------------------------------------------------------!------!------!
 ! "Strain"                                                      ! 3528 ! REAL !
 !---------------------------------------------------------------!------!------!
 !  "Subset Nr         23"                                       !      !      !
 !---------------------------------------------------------------!------!------!
 ! "MNT data (beams)"                                            ! 1439 ! REAL !
 !---------------------------------------------------------------!------!------!
 ! "Normal stress data (beams sections points)"                  ! 1440 ! REAL !
 !---------------------------------------------------------------!------!------!
 ! "Shear stress data (beams sections points)"                   ! 1450 ! REAL !
 !---------------------------------------------------------------!------!------!
 !  "Subset Nr         24"                                       !      !      !
 !---------------------------------------------------------------!------!------!
 ! "Force vector"                                                ! 1524 ! REAL !
 !---------------------------------------------------------------!------!------!
 ! "Moment vector"                                               ! 1525 ! REAL !
 !---------------------------------------------------------------!------!------!
 !  "Subset Nr         25"                                       !      !      !
 !---------------------------------------------------------------!------!------!
 ! "Strain"                                                      ! 1528 ! REAL !
 !---------------------------------------------------------------!------!------!
 !  "Subset Nr         26"                                       !      !      !
 !---------------------------------------------------------------!------!------!
 ! "Normal stress data (beams sections points)"                  ! 3440 ! REAL !
 !---------------------------------------------------------------!------!------!
 ! "Shear stress data (beams sections points)"                   ! 3450 ! REAL !
 !---------------------------------------------------------------!------!------!
 !  "Subset Nr         27"                                       !      !      !
 !---------------------------------------------------------------!------!------!
 ! "Force vector"                                                ! 3524 ! REAL !
 !---------------------------------------------------------------!------!------!
 ! "Moment vector"                                               ! 3525 ! REAL !
 !---------------------------------------------------------------!------!------!
 !  "Subset Nr         28"                                       !      !      !
 !---------------------------------------------------------------!------!------!
 ! "Strain"                                                      ! 3528 ! REAL !
 !---------------------------------------------------------------!------!------!
 ! "MNT data (beams)"                                            ! 1439 ! REAL !
 !---------------------------------------------------------------!------!------!
 ! "Normal stress data (beams sections points)"                  ! 1440 ! REAL !
 !---------------------------------------------------------------!------!------!
 ! "Shear stress data (beams sections points)"                   ! 1450 ! REAL !
 !---------------------------------------------------------------!------!------!
 ! "Force vector"                                                ! 1524 ! REAL !
 !---------------------------------------------------------------!------!------!
 ! "Moment vector"                                               ! 1525 ! REAL !
 !---------------------------------------------------------------!------!------!
 ! "Strain"                                                      ! 1528 ! REAL !
 !---------------------------------------------------------------!------!------!
 ! "Normal stress data (beams sections points)"                  ! 3440 ! REAL !
 !---------------------------------------------------------------!------!------!
 ! "Shear stress data (beams sections points)"                   ! 3450 ! REAL !
 !---------------------------------------------------------------!------!------!
 ! "Force vector"                                                ! 3524 ! REAL !
 !---------------------------------------------------------------!------!------!
 ! "Moment vector"                                               ! 3525 ! REAL !
 !---------------------------------------------------------------!------!------!
 ! "Strain"                                                      ! 3528 ! REAL !
 !---------------------------------------------------------------!------!------!
 !  "Subset Nr         29"                                       !      !      !
 !---------------------------------------------------------------!------!------!
 ! "MNT data (beams)"                                            ! 1439 ! REAL !
 !---------------------------------------------------------------!------!------!
 ! "Normal stress data (beams sections points)"                  ! 1440 ! REAL !
 !---------------------------------------------------------------!------!------!
 ! "Shear stress data (beams sections points)"                   ! 1450 ! REAL !
 !---------------------------------------------------------------!------!------!
 !  "Subset Nr         30"                                       !      !      !
 !---------------------------------------------------------------!------!------!
 ! "Force vector"                                                ! 1524 ! REAL !
 !---------------------------------------------------------------!------!------!
 ! "Moment vector"                                               ! 1525 ! REAL !
 !---------------------------------------------------------------!------!------!
 !  "Subset Nr         31"                                       !      !      !
 !---------------------------------------------------------------!------!------!
 ! "Strain"                                                      ! 1528 ! REAL !
 !---------------------------------------------------------------!------!------!
 !  "Subset Nr         32"                                       !      !      !
 !---------------------------------------------------------------!------!------!
 ! "Normal stress data (beams sections points)"                  ! 3440 ! REAL !
 !---------------------------------------------------------------!------!------!
 ! "Shear stress data (beams sections points)"                   ! 3450 ! REAL !
 !---------------------------------------------------------------!------!------!
 !  "Subset Nr         33"                                       !      !      !
 !---------------------------------------------------------------!------!------!
 ! "Force vector"                                                ! 3524 ! REAL !
 !---------------------------------------------------------------!------!------!
 ! "Moment vector"                                               ! 3525 ! REAL !
 !---------------------------------------------------------------!------!------!
 !  "Subset Nr         34"                                       !      !      !
 !---------------------------------------------------------------!------!------!
 ! "Strain"                                                      ! 3528 ! REAL !
 !---------------------------------------------------------------!------!------!
 ! "MNT data (beams)"                                            ! 1439 ! REAL !
 !---------------------------------------------------------------!------!------!
 ! "Normal stress data (beams sections points)"                  ! 1440 ! REAL !
 !---------------------------------------------------------------!------!------!
 ! "Shear stress data (beams sections points)"                   ! 1450 ! REAL !
 !---------------------------------------------------------------!------!------!
 ! "Force vector"                                                ! 1524 ! REAL !
 !---------------------------------------------------------------!------!------!
 ! "Moment vector"                                               ! 1525 ! REAL !
 !---------------------------------------------------------------!------!------!
 ! "Strain"                                                      ! 1528 ! REAL !
 !---------------------------------------------------------------!------!------!
 ! "Normal stress data (beams sections points)"                  ! 3440 ! REAL !
 !---------------------------------------------------------------!------!------!
 ! "Shear stress data (beams sections points)"                   ! 3450 ! REAL !
 !---------------------------------------------------------------!------!------!
 ! "Force vector"                                                ! 3524 ! REAL !
 !---------------------------------------------------------------!------!------!
 ! "Moment vector"                                               ! 3525 ! REAL !
 !---------------------------------------------------------------!------!------!
 ! "Strain"                                                      ! 3528 ! REAL !
 !---------------------------------------------------------------!------!------!
 !  "Subset Nr         35"                                       !      !      !
 !---------------------------------------------------------------!------!------!
 ! "MNT data (beams)"                                            ! 1439 ! REAL !
 !---------------------------------------------------------------!------!------!
 ! "Normal stress data (beams sections points)"                  ! 1440 ! REAL !
 !---------------------------------------------------------------!------!------!
 ! "Shear stress data (beams sections points)"                   ! 1450 ! REAL !
 !---------------------------------------------------------------!------!------!
 !  "Subset Nr         36"                                       !      !      !
 !---------------------------------------------------------------!------!------!
 ! "Force vector"                                                ! 1524 ! REAL !
 !---------------------------------------------------------------!------!------!
 ! "Moment vector"                                               ! 1525 ! REAL !
 !---------------------------------------------------------------!------!------!
 !  "Subset Nr         37"                                       !      !      !
 !---------------------------------------------------------------!------!------!
 ! "Strain"                                                      ! 1528 ! REAL !
 !---------------------------------------------------------------!------!------!
 !  "Subset Nr         38"                                       !      !      !
 !---------------------------------------------------------------!------!------!
 ! "Normal stress data (beams sections points)"                  ! 3440 ! REAL !
 !---------------------------------------------------------------!------!------!
 ! "Shear stress data (beams sections points)"                   ! 3450 ! REAL !
 !---------------------------------------------------------------!------!------!
 !  "Subset Nr         39"                                       !      !      !
 !---------------------------------------------------------------!------!------!
 ! "Force vector"                                                ! 3524 ! REAL !
 !---------------------------------------------------------------!------!------!
 ! "Moment vector"                                               ! 3525 ! REAL !
 !---------------------------------------------------------------!------!------!
 !  "Subset Nr         40"                                       !      !      !
 !---------------------------------------------------------------!------!------!
 ! "Strain"                                                      ! 3528 ! REAL !
 !---------------------------------------------------------------!------!------!
 ! "MNT data (beams)"                                            ! 1439 ! REAL !
 !---------------------------------------------------------------!------!------!
 ! "Normal stress data (beams sections points)"                  ! 1440 ! REAL !
 !---------------------------------------------------------------!------!------!
 ! "Shear stress data (beams sections points)"                   ! 1450 ! REAL !
 !---------------------------------------------------------------!------!------!
 ! "Force vector"                                                ! 1524 ! REAL !
 !---------------------------------------------------------------!------!------!
 ! "Moment vector"                                               ! 1525 ! REAL !
 !---------------------------------------------------------------!------!------!
 ! "Strain"                                                      ! 1528 ! REAL !
 !---------------------------------------------------------------!------!------!
 ! "Normal stress data (beams sections points)"                  ! 3440 ! REAL !
 !---------------------------------------------------------------!------!------!
 ! "Shear stress data (beams sections points)"                   ! 3450 ! REAL !
 !---------------------------------------------------------------!------!------!
 ! "Force vector"                                                ! 3524 ! REAL !
 !---------------------------------------------------------------!------!------!
 ! "Moment vector"                                               ! 3525 ! REAL !
 !---------------------------------------------------------------!------!------!
 ! "Strain"                                                      ! 3528 ! REAL !
 !---------------------------------------------------------------!------!------!
 ! "Status of the FAC program"                                   !   62 !      !
 !---------------------------------------------------------------!------!------!
 ! "FAC Pointers"                                                ! 1073 ! INTG !
 !---------------------------------------------------------------!------!------!
 !...Closing DB "Simulation_Projet-Solution_1"                                 !
@@@CSH:SMGFIN: I_RUNSUCCESS
 -------------------------------------------------------------------------------
 File size statistics
 File name                                                            Size
 -------------------------------------------------------------------------------
 Simulation_Projet-Solution_1_dy.u18                               1609456 Bytes
 Simulation_Projet-Solution_1_dy.des                                 28345 Bytes
 Simulation_Projet-Solution_1_dy.fac                                542096 Bytes
 C:\PROGRA~1\Siemens\NX\SIMULA~1\samcef\Exec\dic.dic                481422 Bytes
 S... ution_1000004188.dir\Simulation_Projet-Solution_1_fa.w07       57312 Bytes
 S... ution_1000004188.dir\Simulation_Projet-Solution_1_fa.w10      144296 Bytes
 C:\PROGRA~1\Siemens\NX\SIMULA~1\samcef\Exec\bacon_van.mes          354352 Bytes
 C... b_Project\Simulation NX\Simulation_Projet-Solution_1.sdb    21398072 Bytes
 C... ution_1000004188.dir\Simulation_Projet-Solution_1_fa.w80     1584000 Bytes
 C:\PROGRA~1\Siemens\NX\SIMULA~1\samcef\Exec\samcef.proc             86131 Bytes
 -------------------------------------------------------------------------------
